[ 2017-08-06T12:53:04+08:00 ] 127.0.0.1 127.0.0.1 GET /Base/verify?timestamp=%27+Date.parse(new%20Date())
[ log ] api.yushan.com/Base/verify?timestamp=%27+Date.parse(new%20Date()) [运行时间：1.692305s][吞吐率：0.59req/s] [内存消耗：1,538.47kb] [文件加载：44]
[ info ] [ LANG ] D:\ys\api.yushan.com\thinkphp\lang\zh-cn.php
[ info ] [ ROUTE ] array (
  'type' => 'module',
  'module' => 
  array (
    0 => 'api',
    1 => 'Base',
    2 => 'verify',
  ),
)
[ info ] [ HEADER ] array (
  'accept-language' => 'zh-CN,zh;q=0.8',
  'accept-encoding' => 'gzip, deflate',
  'referer' => 'http://quan.cn/login.html',
  'accept' => 'image/webp,image/apng,image/*,*/*;q=0.8',
  'user-agent' => 'Mozilla/5.0 (Windows NT 10.0; Win64; x64) AppleWebKit/537.36 (KHTML, like Gecko) Chrome/60.0.3112.90 Safari/537.36',
  'connection' => 'close',
  'host' => 'api.yushan.com',
)
[ info ] [ PARAM ] array (
  'timestamp' => '\' Date.parse(new Date())',
)
[ info ] [ RUN ] app\api\controller\Base->verify[ D:\ys\api.yushan.com\application\api\controller\Base.php ]
[ info ] [ SESSION ] INIT array (
  'id' => '',
  'var_session_id' => '',
  'prefix' => 'think',
  'type' => '',
  'auto_start' => true,
)
[ info ] [ LOG ] INIT File

---------------------------------------------------------------
[ 2017-08-06T12:53:13+08:00 ] 127.0.0.1 127.0.0.1 POST /Base/login
[ log ] api.yushan.com/Base/login [运行时间：0.325380s][吞吐率：3.07req/s] [内存消耗：2,217.77kb] [文件加载：57]
[ info ] [ LANG ] D:\ys\api.yushan.com\thinkphp\lang\zh-cn.php
[ info ] [ ROUTE ] array (
  'type' => 'module',
  'module' => 
  array (
    0 => 'api',
    1 => 'Base',
    2 => 'login',
  ),
)
[ info ] [ HEADER ] array (
  'cookie' => 'PHPSESSID=3r48s20s9qvgtjkj1sr34k56u0',
  'accept-language' => 'zh-CN,zh;q=0.8',
  'accept-encoding' => 'gzip, deflate',
  'referer' => 'http://quan.cn/login.html',
  'content-type' => 'application/x-www-form-urlencoded; charset=UTF-8',
  'user-agent' => 'Mozilla/5.0 (Windows NT 10.0; Win64; x64) AppleWebKit/537.36 (KHTML, like Gecko) Chrome/60.0.3112.90 Safari/537.36',
  'origin' => 'http://quan.cn',
  'accept' => '*/*',
  'content-length' => '43',
  'connection' => 'close',
  'host' => 'api.yushan.com',
)
[ info ] [ PARAM ] array (
  'username' => 'admin',
  'password' => '123456',
  'captcha' => 'uhrj',
)
[ info ] [ RUN ] app\api\controller\Base->login[ D:\ys\api.yushan.com\application\api\controller\Base.php ]
[ info ] [ SESSION ] INIT array (
  'id' => '',
  'var_session_id' => '',
  'prefix' => 'think',
  'type' => '',
  'auto_start' => true,
)
[ info ] [ DB ] INIT mysql
[ info ] [ CACHE ] INIT File
[ info ] [ LOG ] INIT File
[ sql ] [ DB ] CONNECT:[ UseTime:0.003412s ] mysql:dbname=ysjianzhu;host=127.0.0.1;port=3306;charset=utf8
[ sql ] [ SQL ] SHOW COLUMNS FROM `ys_admin_user` [ RunTime:0.011543s ]
[ sql ] [ SQL ] SELECT * FROM `ys_admin_user` WHERE  (  username='admin' ) LIMIT 1 [ RunTime:0.000699s ]
[ sql ] [ SQL ] SELECT `id`,`password`,`encrypt` FROM `ys_admin_user` WHERE  (  id=1 ) LIMIT 1 [ RunTime:0.000453s ]
[ sql ] [ SQL ] UPDATE `ys_admin_user`  SET `login_count`=login_count+1  WHERE  (  id=1 ) [ RunTime:0.000488s ]

---------------------------------------------------------------
[ 2017-08-06T12:53:16+08:00 ] 127.0.0.1 127.0.0.1 GET /Base/verify?timestamp=%27+Date.parse(new%20Date())
[ log ] api.yushan.com/Base/verify?timestamp=%27+Date.parse(new%20Date()) [运行时间：0.150740s][吞吐率：6.63req/s] [内存消耗：1,538.50kb] [文件加载：44]
[ info ] [ LANG ] D:\ys\api.yushan.com\thinkphp\lang\zh-cn.php
[ info ] [ ROUTE ] array (
  'type' => 'module',
  'module' => 
  array (
    0 => 'api',
    1 => 'Base',
    2 => 'verify',
  ),
)
[ info ] [ HEADER ] array (
  'cookie' => 'PHPSESSID=3r48s20s9qvgtjkj1sr34k56u0',
  'accept-language' => 'zh-CN,zh;q=0.8',
  'accept-encoding' => 'gzip, deflate',
  'referer' => 'http://quan.cn/login.html',
  'accept' => 'image/webp,image/apng,image/*,*/*;q=0.8',
  'user-agent' => 'Mozilla/5.0 (Windows NT 10.0; Win64; x64) AppleWebKit/537.36 (KHTML, like Gecko) Chrome/60.0.3112.90 Safari/537.36',
  'connection' => 'close',
  'host' => 'api.yushan.com',
)
[ info ] [ PARAM ] array (
  'timestamp' => '\' Date.parse(new Date())',
)
[ info ] [ RUN ] app\api\controller\Base->verify[ D:\ys\api.yushan.com\application\api\controller\Base.php ]
[ info ] [ SESSION ] INIT array (
  'id' => '',
  'var_session_id' => '',
  'prefix' => 'think',
  'type' => '',
  'auto_start' => true,
)
[ info ] [ LOG ] INIT File

---------------------------------------------------------------
[ 2017-08-06T12:53:52+08:00 ] 127.0.0.1 127.0.0.1 POST /Base/login
[ log ] api.yushan.com/Base/login [运行时间：0.141207s][吞吐率：7.08req/s] [内存消耗：2,218.16kb] [文件加载：57]
[ info ] [ LANG ] D:\ys\api.yushan.com\thinkphp\lang\zh-cn.php
[ info ] [ ROUTE ] array (
  'type' => 'module',
  'module' => 
  array (
    0 => 'api',
    1 => 'Base',
    2 => 'login',
  ),
)
[ info ] [ HEADER ] array (
  'cookie' => 'PHPSESSID=3r48s20s9qvgtjkj1sr34k56u0',
  'accept-language' => 'zh-CN,zh;q=0.8',
  'accept-encoding' => 'gzip, deflate',
  'referer' => 'http://quan.cn/login.html',
  'content-type' => 'application/x-www-form-urlencoded; charset=UTF-8',
  'user-agent' => 'Mozilla/5.0 (Windows NT 10.0; Win64; x64) AppleWebKit/537.36 (KHTML, like Gecko) Chrome/60.0.3112.90 Safari/537.36',
  'origin' => 'http://quan.cn',
  'accept' => '*/*',
  'cache-control' => 'no-cache',
  'pragma' => 'no-cache',
  'content-length' => '43',
  'connection' => 'close',
  'host' => 'api.yushan.com',
)
[ info ] [ PARAM ] array (
  'username' => 'admin',
  'password' => '123456',
  'captcha' => 'wbyy',
)
[ info ] [ RUN ] app\api\controller\Base->login[ D:\ys\api.yushan.com\application\api\controller\Base.php ]
[ info ] [ SESSION ] INIT array (
  'id' => '',
  'var_session_id' => '',
  'prefix' => 'think',
  'type' => '',
  'auto_start' => true,
)
[ info ] [ DB ] INIT mysql
[ info ] [ CACHE ] INIT File
[ info ] [ LOG ] INIT File
[ sql ] [ DB ] CONNECT:[ UseTime:0.010303s ] mysql:dbname=ysjianzhu;host=127.0.0.1;port=3306;charset=utf8
[ sql ] [ SQL ] SHOW COLUMNS FROM `ys_admin_user` [ RunTime:0.074453s ]
[ sql ] [ SQL ] SELECT * FROM `ys_admin_user` WHERE  (  username='admin' ) LIMIT 1 [ RunTime:0.000606s ]
[ sql ] [ SQL ] SELECT `id`,`password`,`encrypt` FROM `ys_admin_user` WHERE  (  id=1 ) LIMIT 1 [ RunTime:0.000479s ]
[ sql ] [ SQL ] UPDATE `ys_admin_user`  SET `login_count`=login_count+1  WHERE  (  id=1 ) [ RunTime:0.000455s ]

---------------------------------------------------------------
