[ 2017-12-08T14:39:25+08:00 ] 127.0.0.1 127.0.0.1 GET /
[ log ] wms.chenchen.cn/ [运行时间：0.752944s][吞吐率：1.33req/s] [内存消耗：1,394.90kb] [文件加载：42]
[ info ] [ LANG ] D:\textgulp\chenchen.wms.cn\php\thinkphp\lang\zh-cn.php
[ info ] [ ROUTE ] array (
  'type' => 'module',
  'module' => 
  array (
    0 => 'api',
    1 => NULL,
    2 => NULL,
  ),
)
[ info ] [ HEADER ] array (
  'accept-language' => 'zh-CN,zh;q=0.9',
  'accept-encoding' => 'gzip, deflate',
  'accept' => 'text/html,application/xhtml+xml,application/xml;q=0.9,image/webp,image/apng,*/*;q=0.8',
  'upgrade-insecure-requests' => '1',
  'user-agent' => 'Mozilla/5.0 (Windows NT 10.0; WOW64) AppleWebKit/537.36 (KHTML, like Gecko) Chrome/64.0.3278.0 Safari/537.36',
  'connection' => 'close',
  'host' => 'wms.chenchen.cn',
)
[ info ] [ PARAM ] array (
)
[ info ] [ LOG ] INIT File

---------------------------------------------------------------
[ 2017-12-08T14:39:33+08:00 ] 127.0.0.1 127.0.0.1 GET /index.php/Base/verify?timestamp=%27+Date.parse(new%20Date())
[ log ] wms.chenchen.cn/index.php/Base/verify?timestamp=%27+Date.parse(new%20Date()) [运行时间：0.337960s][吞吐率：2.96req/s] [内存消耗：1,573.82kb] [文件加载：44]
[ info ] [ LANG ] D:\textgulp\chenchen.wms.cn\php\thinkphp\lang\zh-cn.php
[ info ] [ ROUTE ] array (
  'type' => 'module',
  'module' => 
  array (
    0 => 'api',
    1 => 'Base',
    2 => 'verify',
  ),
)
[ info ] [ HEADER ] array (
  'accept-language' => 'zh-CN,zh;q=0.9',
  'accept-encoding' => 'gzip, deflate',
  'referer' => 'http://wms.chenchen.cn/login.html',
  'accept' => 'image/webp,image/apng,image/*,*/*;q=0.8',
  'user-agent' => 'Mozilla/5.0 (Windows NT 10.0; WOW64) AppleWebKit/537.36 (KHTML, like Gecko) Chrome/64.0.3278.0 Safari/537.36',
  'connection' => 'close',
  'host' => 'wms.chenchen.cn',
)
[ info ] [ PARAM ] array (
  'timestamp' => '\' Date.parse(new Date())',
)
[ info ] [ RUN ] app\api\controller\Base->verify[ D:\textgulp\chenchen.wms.cn\php\application\api\controller\Base.php ]
[ info ] [ SESSION ] INIT array (
  'id' => '',
  'var_session_id' => '',
  'prefix' => 'think',
  'type' => '',
  'auto_start' => true,
)
[ info ] [ LOG ] INIT File

---------------------------------------------------------------
[ 2017-12-08T14:39:48+08:00 ] 127.0.0.1 127.0.0.1 GET /index.php/Base/verify?timestamp=1512715188000
[ log ] wms.chenchen.cn/index.php/Base/verify?timestamp=1512715188000 [运行时间：0.103866s][吞吐率：9.63req/s] [内存消耗：1,573.84kb] [文件加载：44]
[ info ] [ LANG ] D:\textgulp\chenchen.wms.cn\php\thinkphp\lang\zh-cn.php
[ info ] [ ROUTE ] array (
  'type' => 'module',
  'module' => 
  array (
    0 => 'api',
    1 => 'Base',
    2 => 'verify',
  ),
)
[ info ] [ HEADER ] array (
  'cookie' => 'PHPSESSID=ptbhdmcpi196g5dtabm06a1e05',
  'accept-language' => 'zh-CN,zh;q=0.9',
  'accept-encoding' => 'gzip, deflate',
  'referer' => 'http://wms.chenchen.cn/login.html',
  'accept' => 'image/webp,image/apng,image/*,*/*;q=0.8',
  'user-agent' => 'Mozilla/5.0 (Windows NT 10.0; WOW64) AppleWebKit/537.36 (KHTML, like Gecko) Chrome/64.0.3278.0 Safari/537.36',
  'connection' => 'close',
  'host' => 'wms.chenchen.cn',
)
[ info ] [ PARAM ] array (
  'timestamp' => '1512715188000',
)
[ info ] [ RUN ] app\api\controller\Base->verify[ D:\textgulp\chenchen.wms.cn\php\application\api\controller\Base.php ]
[ info ] [ SESSION ] INIT array (
  'id' => '',
  'var_session_id' => '',
  'prefix' => 'think',
  'type' => '',
  'auto_start' => true,
)
[ info ] [ LOG ] INIT File

---------------------------------------------------------------
[ 2017-12-08T14:39:55+08:00 ] 127.0.0.1 127.0.0.1 POST /index.php/Base/login
[ log ] wms.chenchen.cn/index.php/Base/login [运行时间：0.560629s][吞吐率：1.78req/s] [内存消耗：2,253.60kb] [文件加载：56]
[ info ] [ LANG ] D:\textgulp\chenchen.wms.cn\php\thinkphp\lang\zh-cn.php
[ info ] [ ROUTE ] array (
  'type' => 'module',
  'module' => 
  array (
    0 => 'api',
    1 => 'Base',
    2 => 'login',
  ),
)
[ info ] [ HEADER ] array (
  'cookie' => 'PHPSESSID=ptbhdmcpi196g5dtabm06a1e05',
  'accept-language' => 'zh-CN,zh;q=0.9',
  'accept-encoding' => 'gzip, deflate',
  'referer' => 'http://wms.chenchen.cn/login.html',
  'content-type' => 'application/x-www-form-urlencoded; charset=UTF-8',
  'user-agent' => 'Mozilla/5.0 (Windows NT 10.0; WOW64) AppleWebKit/537.36 (KHTML, like Gecko) Chrome/64.0.3278.0 Safari/537.36',
  'x-requested-with' => 'XMLHttpRequest',
  'origin' => 'http://wms.chenchen.cn',
  'accept' => '*/*',
  'content-length' => '43',
  'connection' => 'close',
  'host' => 'wms.chenchen.cn',
)
[ info ] [ PARAM ] array (
  'username' => 'admin',
  'password' => '123456',
  'captcha' => 'x52d',
)
[ info ] [ RUN ] app\api\controller\Base->login[ D:\textgulp\chenchen.wms.cn\php\application\api\controller\Base.php ]
[ info ] [ SESSION ] INIT array (
  'id' => '',
  'var_session_id' => '',
  'prefix' => 'think',
  'type' => '',
  'auto_start' => true,
)
[ info ] [ DB ] INIT mysql
[ info ] [ CACHE ] INIT File
[ info ] [ LOG ] INIT File
[ sql ] [ DB ] CONNECT:[ UseTime:0.022326s ] mysql:dbname=xiaochen;host=127.0.0.1;port=3306;charset=utf8
[ sql ] [ SQL ] SHOW COLUMNS FROM `ys_admin_user` [ RunTime:0.126825s ]
[ sql ] [ SQL ] SELECT * FROM `ys_admin_user` WHERE  (  username='admin' ) LIMIT 1 [ RunTime:0.011285s ]
[ sql ] [ SQL ] SELECT `id`,`password`,`encrypt` FROM `ys_admin_user` WHERE  (  id=2 ) LIMIT 1 [ RunTime:0.000508s ]
[ sql ] [ SQL ] UPDATE `ys_admin_user`  SET `login_count`=login_count+1  WHERE  (  id=2 ) [ RunTime:0.000596s ]

---------------------------------------------------------------
[ 2017-12-08T14:39:55+08:00 ] 127.0.0.1 127.0.0.1 GET /index.php/Base/verify?timestamp=1512715195000
[ log ] wms.chenchen.cn/index.php/Base/verify?timestamp=1512715195000 [运行时间：0.139386s][吞吐率：7.17req/s] [内存消耗：1,573.84kb] [文件加载：44]
[ info ] [ LANG ] D:\textgulp\chenchen.wms.cn\php\thinkphp\lang\zh-cn.php
[ info ] [ ROUTE ] array (
  'type' => 'module',
  'module' => 
  array (
    0 => 'api',
    1 => 'Base',
    2 => 'verify',
  ),
)
[ info ] [ HEADER ] array (
  'cookie' => 'PHPSESSID=ptbhdmcpi196g5dtabm06a1e05',
  'accept-language' => 'zh-CN,zh;q=0.9',
  'accept-encoding' => 'gzip, deflate',
  'referer' => 'http://wms.chenchen.cn/login.html',
  'accept' => 'image/webp,image/apng,image/*,*/*;q=0.8',
  'user-agent' => 'Mozilla/5.0 (Windows NT 10.0; WOW64) AppleWebKit/537.36 (KHTML, like Gecko) Chrome/64.0.3278.0 Safari/537.36',
  'connection' => 'close',
  'host' => 'wms.chenchen.cn',
)
[ info ] [ PARAM ] array (
  'timestamp' => '1512715195000',
)
[ info ] [ RUN ] app\api\controller\Base->verify[ D:\textgulp\chenchen.wms.cn\php\application\api\controller\Base.php ]
[ info ] [ SESSION ] INIT array (
  'id' => '',
  'var_session_id' => '',
  'prefix' => 'think',
  'type' => '',
  'auto_start' => true,
)
[ info ] [ LOG ] INIT File

---------------------------------------------------------------
[ 2017-12-08T14:39:58+08:00 ] 127.0.0.1 127.0.0.1 POST /index.php/open/menutree_select?token=eyJ0eXAiOiJKV1QiLCJhbGciOiJIUzI1NiJ9.eyJpc3MiOiJodHRwOlwvXC9hcGkueXNqaWFuemh1LmNvbSIsImF1ZCI6Imh0dHA6XC9cL3poYW9waW4ueXNqaWFuemh1LmNvbSIsImlhdCI6MTUxMjcxNTE5NSwiZXhwIjoxNTEyODM1MTk1LCJuYmYiOiIiLCJ1dWlkIjoiZDc1OTdkZDktNTcxYS1kYmYxLTUwMzAtNTk3YjQ4YzFhODE1In0.FubAcUzbQEKc1a6gyPaHKl0gPJN0Xlo4mwb1Gm5Pba8
[ log ] wms.chenchen.cn/index.php/open/menutree_select?token=eyJ0eXAiOiJKV1QiLCJhbGciOiJIUzI1NiJ9.eyJpc3MiOiJodHRwOlwvXC9hcGkueXNqaWFuemh1LmNvbSIsImF1ZCI6Imh0dHA6XC9cL3poYW9waW4ueXNqaWFuemh1LmNvbSIsImlhdCI6MTUxMjcxNTE5NSwiZXhwIjoxNTEyODM1MTk1LCJuYmYiOiIiLCJ1dWlkIjoiZDc1OTdkZDktNTcxYS1kYmYxLTUwMzAtNTk3YjQ4YzFhODE1In0.FubAcUzbQEKc1a6gyPaHKl0gPJN0Xlo4mwb1Gm5Pba8 [运行时间：0.233137s][吞吐率：4.29req/s] [内存消耗：2,254.92kb] [文件加载：52]
[ info ] [ LANG ] D:\textgulp\chenchen.wms.cn\php\thinkphp\lang\zh-cn.php
[ info ] [ ROUTE ] array (
  'type' => 'module',
  'module' => 
  array (
    0 => 'api',
    1 => 'open',
    2 => 'menutree_select',
  ),
)
[ info ] [ HEADER ] array (
  'cookie' => 'PHPSESSID=ptbhdmcpi196g5dtabm06a1e05',
  'accept-language' => 'zh-CN,zh;q=0.9',
  'accept-encoding' => 'gzip, deflate',
  'referer' => 'http://wms.chenchen.cn/main.html',
  'content-type' => 'application/x-www-form-urlencoded; charset=UTF-8',
  'user-agent' => 'Mozilla/5.0 (Windows NT 10.0; WOW64) AppleWebKit/537.36 (KHTML, like Gecko) Chrome/64.0.3278.0 Safari/537.36',
  'x-requested-with' => 'XMLHttpRequest',
  'origin' => 'http://wms.chenchen.cn',
  'accept' => '*/*',
  'content-length' => '7',
  'connection' => 'close',
  'host' => 'wms.chenchen.cn',
)
[ info ] [ PARAM ] array (
  'token' => 'eyJ0eXAiOiJKV1QiLCJhbGciOiJIUzI1NiJ9.eyJpc3MiOiJodHRwOlwvXC9hcGkueXNqaWFuemh1LmNvbSIsImF1ZCI6Imh0dHA6XC9cL3poYW9waW4ueXNqaWFuemh1LmNvbSIsImlhdCI6MTUxMjcxNTE5NSwiZXhwIjoxNTEyODM1MTk1LCJuYmYiOiIiLCJ1dWlkIjoiZDc1OTdkZDktNTcxYS1kYmYxLTUwMzAtNTk3YjQ4YzFhODE1In0.FubAcUzbQEKc1a6gyPaHKl0gPJN0Xlo4mwb1Gm5Pba8',
  'debug' => '0',
)
[ info ] [ RUN ] app\api\controller\Open->menutree_select[ D:\textgulp\chenchen.wms.cn\php\application\api\controller\Open.php ]
[ info ] [ DB ] INIT mysql
[ info ] [ SESSION ] INIT array (
  'id' => '',
  'var_session_id' => '',
  'prefix' => 'think',
  'type' => '',
  'auto_start' => true,
)
[ info ] [ LOG ] INIT File
[ sql ] [ DB ] CONNECT:[ UseTime:0.000918s ] mysql:dbname=xiaochen;host=127.0.0.1;port=3306;charset=utf8
[ sql ] [ SQL ] SHOW COLUMNS FROM `ys_system_conf` [ RunTime:0.079472s ]
[ sql ] [ SQL ] SELECT * FROM `ys_system_conf` WHERE  `isdel` = 0 [ RunTime:0.011552s ]

---------------------------------------------------------------
[ 2017-12-08T14:39:58+08:00 ] 127.0.0.1 127.0.0.1 POST /index.php/open/islogin?token=eyJ0eXAiOiJKV1QiLCJhbGciOiJIUzI1NiJ9.eyJpc3MiOiJodHRwOlwvXC9hcGkueXNqaWFuemh1LmNvbSIsImF1ZCI6Imh0dHA6XC9cL3poYW9waW4ueXNqaWFuemh1LmNvbSIsImlhdCI6MTUxMjcxNTE5NSwiZXhwIjoxNTEyODM1MTk1LCJuYmYiOiIiLCJ1dWlkIjoiZDc1OTdkZDktNTcxYS1kYmYxLTUwMzAtNTk3YjQ4YzFhODE1In0.FubAcUzbQEKc1a6gyPaHKl0gPJN0Xlo4mwb1Gm5Pba8
[ log ] wms.chenchen.cn/index.php/open/islogin?token=eyJ0eXAiOiJKV1QiLCJhbGciOiJIUzI1NiJ9.eyJpc3MiOiJodHRwOlwvXC9hcGkueXNqaWFuemh1LmNvbSIsImF1ZCI6Imh0dHA6XC9cL3poYW9waW4ueXNqaWFuemh1LmNvbSIsImlhdCI6MTUxMjcxNTE5NSwiZXhwIjoxNTEyODM1MTk1LCJuYmYiOiIiLCJ1dWlkIjoiZDc1OTdkZDktNTcxYS1kYmYxLTUwMzAtNTk3YjQ4YzFhODE1In0.FubAcUzbQEKc1a6gyPaHKl0gPJN0Xlo4mwb1Gm5Pba8 [运行时间：0.047504s][吞吐率：21.05req/s] [内存消耗：1,784.10kb] [文件加载：49]
[ info ] [ LANG ] D:\textgulp\chenchen.wms.cn\php\thinkphp\lang\zh-cn.php
[ info ] [ ROUTE ] array (
  'type' => 'module',
  'module' => 
  array (
    0 => 'api',
    1 => 'open',
    2 => 'islogin',
  ),
)
[ info ] [ HEADER ] array (
  'cookie' => 'PHPSESSID=ptbhdmcpi196g5dtabm06a1e05',
  'accept-language' => 'zh-CN,zh;q=0.9',
  'accept-encoding' => 'gzip, deflate',
  'referer' => 'http://wms.chenchen.cn/main.html',
  'user-agent' => 'Mozilla/5.0 (Windows NT 10.0; WOW64) AppleWebKit/537.36 (KHTML, like Gecko) Chrome/64.0.3278.0 Safari/537.36',
  'x-requested-with' => 'XMLHttpRequest',
  'origin' => 'http://wms.chenchen.cn',
  'accept' => '*/*',
  'content-length' => '0',
  'connection' => 'close',
  'host' => 'wms.chenchen.cn',
)
[ info ] [ PARAM ] array (
  'token' => 'eyJ0eXAiOiJKV1QiLCJhbGciOiJIUzI1NiJ9.eyJpc3MiOiJodHRwOlwvXC9hcGkueXNqaWFuemh1LmNvbSIsImF1ZCI6Imh0dHA6XC9cL3poYW9waW4ueXNqaWFuemh1LmNvbSIsImlhdCI6MTUxMjcxNTE5NSwiZXhwIjoxNTEyODM1MTk1LCJuYmYiOiIiLCJ1dWlkIjoiZDc1OTdkZDktNTcxYS1kYmYxLTUwMzAtNTk3YjQ4YzFhODE1In0.FubAcUzbQEKc1a6gyPaHKl0gPJN0Xlo4mwb1Gm5Pba8',
)
[ info ] [ RUN ] app\api\controller\Open->islogin[ D:\textgulp\chenchen.wms.cn\php\application\api\controller\Open.php ]
[ info ] [ CACHE ] INIT File
[ info ] [ LOG ] INIT File

---------------------------------------------------------------
[ 2017-12-08T14:39:59+08:00 ] 127.0.0.1 127.0.0.1 POST /index.php/auth/com_list?token=eyJ0eXAiOiJKV1QiLCJhbGciOiJIUzI1NiJ9.eyJpc3MiOiJodHRwOlwvXC9hcGkueXNqaWFuemh1LmNvbSIsImF1ZCI6Imh0dHA6XC9cL3poYW9waW4ueXNqaWFuemh1LmNvbSIsImlhdCI6MTUxMjcxNTE5NSwiZXhwIjoxNTEyODM1MTk1LCJuYmYiOiIiLCJ1dWlkIjoiZDc1OTdkZDktNTcxYS1kYmYxLTUwMzAtNTk3YjQ4YzFhODE1In0.FubAcUzbQEKc1a6gyPaHKl0gPJN0Xlo4mwb1Gm5Pba8
[ log ] wms.chenchen.cn/index.php/auth/com_list?token=eyJ0eXAiOiJKV1QiLCJhbGciOiJIUzI1NiJ9.eyJpc3MiOiJodHRwOlwvXC9hcGkueXNqaWFuemh1LmNvbSIsImF1ZCI6Imh0dHA6XC9cL3poYW9waW4ueXNqaWFuemh1LmNvbSIsImlhdCI6MTUxMjcxNTE5NSwiZXhwIjoxNTEyODM1MTk1LCJuYmYiOiIiLCJ1dWlkIjoiZDc1OTdkZDktNTcxYS1kYmYxLTUwMzAtNTk3YjQ4YzFhODE1In0.FubAcUzbQEKc1a6gyPaHKl0gPJN0Xlo4mwb1Gm5Pba8 [运行时间：0.321886s][吞吐率：3.11req/s] [内存消耗：2,499.16kb] [文件加载：56]
[ info ] [ LANG ] D:\textgulp\chenchen.wms.cn\php\thinkphp\lang\zh-cn.php
[ info ] [ ROUTE ] array (
  'type' => 'module',
  'module' => 
  array (
    0 => 'api',
    1 => 'auth',
    2 => 'com_list',
  ),
)
[ info ] [ HEADER ] array (
  'cookie' => 'PHPSESSID=ptbhdmcpi196g5dtabm06a1e05',
  'accept-language' => 'zh-CN,zh;q=0.9',
  'accept-encoding' => 'gzip, deflate',
  'referer' => 'http://wms.chenchen.cn/main.html',
  'content-type' => 'application/x-www-form-urlencoded',
  'user-agent' => 'Mozilla/5.0 (Windows NT 10.0; WOW64) AppleWebKit/537.36 (KHTML, like Gecko) Chrome/64.0.3278.0 Safari/537.36',
  'origin' => 'http://wms.chenchen.cn',
  'accept' => 'application/json, text/plain, */*',
  'content-length' => '52',
  'connection' => 'close',
  'host' => 'wms.chenchen.cn',
)
[ info ] [ PARAM ] array (
  'token' => 'eyJ0eXAiOiJKV1QiLCJhbGciOiJIUzI1NiJ9.eyJpc3MiOiJodHRwOlwvXC9hcGkueXNqaWFuemh1LmNvbSIsImF1ZCI6Imh0dHA6XC9cL3poYW9waW4ueXNqaWFuemh1LmNvbSIsImlhdCI6MTUxMjcxNTE5NSwiZXhwIjoxNTEyODM1MTk1LCJuYmYiOiIiLCJ1dWlkIjoiZDc1OTdkZDktNTcxYS1kYmYxLTUwMzAtNTk3YjQ4YzFhODE1In0.FubAcUzbQEKc1a6gyPaHKl0gPJN0Xlo4mwb1Gm5Pba8',
  'codeid' => 'CPZRbILQrvzniQ',
  'diarytype' => '1',
  'top' => '3',
  'orderstrid' => '2',
)
[ info ] [ CACHE ] INIT File
[ info ] [ RUN ] app\api\controller\Auth->com_list[ D:\textgulp\chenchen.wms.cn\php\application\api\controller\Auth.php ]
[ info ] [ SESSION ] INIT array (
  'id' => '',
  'var_session_id' => '',
  'prefix' => 'think',
  'type' => '',
  'auto_start' => true,
)
[ info ] [ DB ] INIT mysql
[ info ] [ LOG ] INIT File
[ sql ] [ DB ] CONNECT:[ UseTime:0.000888s ] mysql:dbname=xiaochen;host=127.0.0.1;port=3306;charset=utf8
[ sql ] [ SQL ] SHOW COLUMNS FROM `ys_system_conf` [ RunTime:0.013937s ]
[ sql ] [ SQL ] SELECT * FROM `ys_system_conf` WHERE  `tbnum` = 1  AND `isdel` = 0 LIMIT 1 [ RunTime:0.000625s ]
[ sql ] [ SQL ] SHOW COLUMNS FROM `ys_article` [ RunTime:0.087596s ]
[ sql ] [ SQL ] SELECT * FROM `ys_article` WHERE  `diarytype` = 1  AND `isdel` = 0 ORDER BY createtime desc LIMIT 3 [ RunTime:0.053030s ]
[ sql ] [ SQL ] SELECT * FROM `ys_system_conf` WHERE  `tbnum` = 1  AND `isdel` = 0 LIMIT 1 [ RunTime:0.000526s ]

---------------------------------------------------------------
[ 2017-12-08T14:40:00+08:00 ] 127.0.0.1 127.0.0.1 POST /index.php/auth/com_list?token=eyJ0eXAiOiJKV1QiLCJhbGciOiJIUzI1NiJ9.eyJpc3MiOiJodHRwOlwvXC9hcGkueXNqaWFuemh1LmNvbSIsImF1ZCI6Imh0dHA6XC9cL3poYW9waW4ueXNqaWFuemh1LmNvbSIsImlhdCI6MTUxMjcxNTE5NSwiZXhwIjoxNTEyODM1MTk1LCJuYmYiOiIiLCJ1dWlkIjoiZDc1OTdkZDktNTcxYS1kYmYxLTUwMzAtNTk3YjQ4YzFhODE1In0.FubAcUzbQEKc1a6gyPaHKl0gPJN0Xlo4mwb1Gm5Pba8
[ log ] wms.chenchen.cn/index.php/auth/com_list?token=eyJ0eXAiOiJKV1QiLCJhbGciOiJIUzI1NiJ9.eyJpc3MiOiJodHRwOlwvXC9hcGkueXNqaWFuemh1LmNvbSIsImF1ZCI6Imh0dHA6XC9cL3poYW9waW4ueXNqaWFuemh1LmNvbSIsImlhdCI6MTUxMjcxNTE5NSwiZXhwIjoxNTEyODM1MTk1LCJuYmYiOiIiLCJ1dWlkIjoiZDc1OTdkZDktNTcxYS1kYmYxLTUwMzAtNTk3YjQ4YzFhODE1In0.FubAcUzbQEKc1a6gyPaHKl0gPJN0Xlo4mwb1Gm5Pba8 [运行时间：0.133411s][吞吐率：7.50req/s] [内存消耗：2,498.70kb] [文件加载：56]
[ info ] [ LANG ] D:\textgulp\chenchen.wms.cn\php\thinkphp\lang\zh-cn.php
[ info ] [ ROUTE ] array (
  'type' => 'module',
  'module' => 
  array (
    0 => 'api',
    1 => 'auth',
    2 => 'com_list',
  ),
)
[ info ] [ HEADER ] array (
  'cookie' => 'PHPSESSID=ptbhdmcpi196g5dtabm06a1e05',
  'accept-language' => 'zh-CN,zh;q=0.9',
  'accept-encoding' => 'gzip, deflate',
  'referer' => 'http://wms.chenchen.cn/main.html',
  'content-type' => 'application/x-www-form-urlencoded',
  'user-agent' => 'Mozilla/5.0 (Windows NT 10.0; WOW64) AppleWebKit/537.36 (KHTML, like Gecko) Chrome/64.0.3278.0 Safari/537.36',
  'origin' => 'http://wms.chenchen.cn',
  'accept' => 'application/json, text/plain, */*',
  'content-length' => '52',
  'connection' => 'close',
  'host' => 'wms.chenchen.cn',
)
[ info ] [ PARAM ] array (
  'token' => 'eyJ0eXAiOiJKV1QiLCJhbGciOiJIUzI1NiJ9.eyJpc3MiOiJodHRwOlwvXC9hcGkueXNqaWFuemh1LmNvbSIsImF1ZCI6Imh0dHA6XC9cL3poYW9waW4ueXNqaWFuemh1LmNvbSIsImlhdCI6MTUxMjcxNTE5NSwiZXhwIjoxNTEyODM1MTk1LCJuYmYiOiIiLCJ1dWlkIjoiZDc1OTdkZDktNTcxYS1kYmYxLTUwMzAtNTk3YjQ4YzFhODE1In0.FubAcUzbQEKc1a6gyPaHKl0gPJN0Xlo4mwb1Gm5Pba8',
  'codeid' => 'CPZRbILQrvzniQ',
  'diarytype' => '2',
  'top' => '3',
  'orderstrid' => '2',
)
[ info ] [ CACHE ] INIT File
[ info ] [ RUN ] app\api\controller\Auth->com_list[ D:\textgulp\chenchen.wms.cn\php\application\api\controller\Auth.php ]
[ info ] [ SESSION ] INIT array (
  'id' => '',
  'var_session_id' => '',
  'prefix' => 'think',
  'type' => '',
  'auto_start' => true,
)
[ info ] [ DB ] INIT mysql
[ info ] [ LOG ] INIT File
[ sql ] [ DB ] CONNECT:[ UseTime:0.001148s ] mysql:dbname=xiaochen;host=127.0.0.1;port=3306;charset=utf8
[ sql ] [ SQL ] SHOW COLUMNS FROM `ys_system_conf` [ RunTime:0.018834s ]
[ sql ] [ SQL ] SELECT * FROM `ys_system_conf` WHERE  `tbnum` = 1  AND `isdel` = 0 LIMIT 1 [ RunTime:0.000780s ]
[ sql ] [ SQL ] SHOW COLUMNS FROM `ys_article` [ RunTime:0.023960s ]
[ sql ] [ SQL ] SELECT * FROM `ys_article` WHERE  `diarytype` = 2  AND `isdel` = 0 ORDER BY createtime desc LIMIT 3 [ RunTime:0.000884s ]
[ sql ] [ SQL ] SELECT * FROM `ys_system_conf` WHERE  `tbnum` = 1  AND `isdel` = 0 LIMIT 1 [ RunTime:0.000587s ]

---------------------------------------------------------------
[ 2017-12-08T14:40:00+08:00 ] 127.0.0.1 127.0.0.1 POST /index.php/auth/com_list?token=eyJ0eXAiOiJKV1QiLCJhbGciOiJIUzI1NiJ9.eyJpc3MiOiJodHRwOlwvXC9hcGkueXNqaWFuemh1LmNvbSIsImF1ZCI6Imh0dHA6XC9cL3poYW9waW4ueXNqaWFuemh1LmNvbSIsImlhdCI6MTUxMjcxNTE5NSwiZXhwIjoxNTEyODM1MTk1LCJuYmYiOiIiLCJ1dWlkIjoiZDc1OTdkZDktNTcxYS1kYmYxLTUwMzAtNTk3YjQ4YzFhODE1In0.FubAcUzbQEKc1a6gyPaHKl0gPJN0Xlo4mwb1Gm5Pba8
[ log ] wms.chenchen.cn/index.php/auth/com_list?token=eyJ0eXAiOiJKV1QiLCJhbGciOiJIUzI1NiJ9.eyJpc3MiOiJodHRwOlwvXC9hcGkueXNqaWFuemh1LmNvbSIsImF1ZCI6Imh0dHA6XC9cL3poYW9waW4ueXNqaWFuemh1LmNvbSIsImlhdCI6MTUxMjcxNTE5NSwiZXhwIjoxNTEyODM1MTk1LCJuYmYiOiIiLCJ1dWlkIjoiZDc1OTdkZDktNTcxYS1kYmYxLTUwMzAtNTk3YjQ4YzFhODE1In0.FubAcUzbQEKc1a6gyPaHKl0gPJN0Xlo4mwb1Gm5Pba8 [运行时间：0.140362s][吞吐率：7.12req/s] [内存消耗：2,498.70kb] [文件加载：56]
[ info ] [ LANG ] D:\textgulp\chenchen.wms.cn\php\thinkphp\lang\zh-cn.php
[ info ] [ ROUTE ] array (
  'type' => 'module',
  'module' => 
  array (
    0 => 'api',
    1 => 'auth',
    2 => 'com_list',
  ),
)
[ info ] [ HEADER ] array (
  'cookie' => 'PHPSESSID=ptbhdmcpi196g5dtabm06a1e05',
  'accept-language' => 'zh-CN,zh;q=0.9',
  'accept-encoding' => 'gzip, deflate',
  'referer' => 'http://wms.chenchen.cn/main.html',
  'content-type' => 'application/x-www-form-urlencoded',
  'user-agent' => 'Mozilla/5.0 (Windows NT 10.0; WOW64) AppleWebKit/537.36 (KHTML, like Gecko) Chrome/64.0.3278.0 Safari/537.36',
  'origin' => 'http://wms.chenchen.cn',
  'accept' => 'application/json, text/plain, */*',
  'content-length' => '52',
  'connection' => 'close',
  'host' => 'wms.chenchen.cn',
)
[ info ] [ PARAM ] array (
  'token' => 'eyJ0eXAiOiJKV1QiLCJhbGciOiJIUzI1NiJ9.eyJpc3MiOiJodHRwOlwvXC9hcGkueXNqaWFuemh1LmNvbSIsImF1ZCI6Imh0dHA6XC9cL3poYW9waW4ueXNqaWFuemh1LmNvbSIsImlhdCI6MTUxMjcxNTE5NSwiZXhwIjoxNTEyODM1MTk1LCJuYmYiOiIiLCJ1dWlkIjoiZDc1OTdkZDktNTcxYS1kYmYxLTUwMzAtNTk3YjQ4YzFhODE1In0.FubAcUzbQEKc1a6gyPaHKl0gPJN0Xlo4mwb1Gm5Pba8',
  'codeid' => 'CPZRbILQrvzniQ',
  'diarytype' => '3',
  'top' => '3',
  'orderstrid' => '2',
)
[ info ] [ CACHE ] INIT File
[ info ] [ RUN ] app\api\controller\Auth->com_list[ D:\textgulp\chenchen.wms.cn\php\application\api\controller\Auth.php ]
[ info ] [ SESSION ] INIT array (
  'id' => '',
  'var_session_id' => '',
  'prefix' => 'think',
  'type' => '',
  'auto_start' => true,
)
[ info ] [ DB ] INIT mysql
[ info ] [ LOG ] INIT File
[ sql ] [ DB ] CONNECT:[ UseTime:0.004258s ] mysql:dbname=xiaochen;host=127.0.0.1;port=3306;charset=utf8
[ sql ] [ SQL ] SHOW COLUMNS FROM `ys_system_conf` [ RunTime:0.016740s ]
[ sql ] [ SQL ] SELECT * FROM `ys_system_conf` WHERE  `tbnum` = 1  AND `isdel` = 0 LIMIT 1 [ RunTime:0.000558s ]
[ sql ] [ SQL ] SHOW COLUMNS FROM `ys_article` [ RunTime:0.013798s ]
[ sql ] [ SQL ] SELECT * FROM `ys_article` WHERE  `diarytype` = 3  AND `isdel` = 0 ORDER BY createtime desc LIMIT 3 [ RunTime:0.000592s ]
[ sql ] [ SQL ] SELECT * FROM `ys_system_conf` WHERE  `tbnum` = 1  AND `isdel` = 0 LIMIT 1 [ RunTime:0.000371s ]

---------------------------------------------------------------
[ 2017-12-08T14:40:00+08:00 ] 127.0.0.1 127.0.0.1 POST /index.php/auth/com_list?token=eyJ0eXAiOiJKV1QiLCJhbGciOiJIUzI1NiJ9.eyJpc3MiOiJodHRwOlwvXC9hcGkueXNqaWFuemh1LmNvbSIsImF1ZCI6Imh0dHA6XC9cL3poYW9waW4ueXNqaWFuemh1LmNvbSIsImlhdCI6MTUxMjcxNTE5NSwiZXhwIjoxNTEyODM1MTk1LCJuYmYiOiIiLCJ1dWlkIjoiZDc1OTdkZDktNTcxYS1kYmYxLTUwMzAtNTk3YjQ4YzFhODE1In0.FubAcUzbQEKc1a6gyPaHKl0gPJN0Xlo4mwb1Gm5Pba8
[ log ] wms.chenchen.cn/index.php/auth/com_list?token=eyJ0eXAiOiJKV1QiLCJhbGciOiJIUzI1NiJ9.eyJpc3MiOiJodHRwOlwvXC9hcGkueXNqaWFuemh1LmNvbSIsImF1ZCI6Imh0dHA6XC9cL3poYW9waW4ueXNqaWFuemh1LmNvbSIsImlhdCI6MTUxMjcxNTE5NSwiZXhwIjoxNTEyODM1MTk1LCJuYmYiOiIiLCJ1dWlkIjoiZDc1OTdkZDktNTcxYS1kYmYxLTUwMzAtNTk3YjQ4YzFhODE1In0.FubAcUzbQEKc1a6gyPaHKl0gPJN0Xlo4mwb1Gm5Pba8 [运行时间：0.315157s][吞吐率：3.17req/s] [内存消耗：2,497.54kb] [文件加载：56]
[ info ] [ LANG ] D:\textgulp\chenchen.wms.cn\php\thinkphp\lang\zh-cn.php
[ info ] [ ROUTE ] array (
  'type' => 'module',
  'module' => 
  array (
    0 => 'api',
    1 => 'auth',
    2 => 'com_list',
  ),
)
[ info ] [ HEADER ] array (
  'cookie' => 'PHPSESSID=ptbhdmcpi196g5dtabm06a1e05',
  'accept-language' => 'zh-CN,zh;q=0.9',
  'accept-encoding' => 'gzip, deflate',
  'referer' => 'http://wms.chenchen.cn/main.html',
  'content-type' => 'application/x-www-form-urlencoded',
  'user-agent' => 'Mozilla/5.0 (Windows NT 10.0; WOW64) AppleWebKit/537.36 (KHTML, like Gecko) Chrome/64.0.3278.0 Safari/537.36',
  'origin' => 'http://wms.chenchen.cn',
  'accept' => 'application/json, text/plain, */*',
  'content-length' => '52',
  'connection' => 'close',
  'host' => 'wms.chenchen.cn',
)
[ info ] [ PARAM ] array (
  'token' => 'eyJ0eXAiOiJKV1QiLCJhbGciOiJIUzI1NiJ9.eyJpc3MiOiJodHRwOlwvXC9hcGkueXNqaWFuemh1LmNvbSIsImF1ZCI6Imh0dHA6XC9cL3poYW9waW4ueXNqaWFuemh1LmNvbSIsImlhdCI6MTUxMjcxNTE5NSwiZXhwIjoxNTEyODM1MTk1LCJuYmYiOiIiLCJ1dWlkIjoiZDc1OTdkZDktNTcxYS1kYmYxLTUwMzAtNTk3YjQ4YzFhODE1In0.FubAcUzbQEKc1a6gyPaHKl0gPJN0Xlo4mwb1Gm5Pba8',
  'codeid' => 'CqNdN9bS_aPvjiQ',
  'c_alias' => 'QS_diary',
  'orderstrid' => '3',
)
[ info ] [ CACHE ] INIT File
[ info ] [ RUN ] app\api\controller\Auth->com_list[ D:\textgulp\chenchen.wms.cn\php\application\api\controller\Auth.php ]
[ info ] [ SESSION ] INIT array (
  'id' => '',
  'var_session_id' => '',
  'prefix' => 'think',
  'type' => '',
  'auto_start' => true,
)
[ info ] [ DB ] INIT mysql
[ info ] [ LOG ] INIT File
[ sql ] [ DB ] CONNECT:[ UseTime:0.002867s ] mysql:dbname=xiaochen;host=127.0.0.1;port=3306;charset=utf8
[ sql ] [ SQL ] SHOW COLUMNS FROM `ys_system_conf` [ RunTime:0.012533s ]
[ sql ] [ SQL ] SELECT * FROM `ys_system_conf` WHERE  `tbnum` = 5  AND `isdel` = 0 LIMIT 1 [ RunTime:0.000611s ]
[ sql ] [ SQL ] SHOW COLUMNS FROM `ys_dict` [ RunTime:0.120015s ]
[ sql ] [ SQL ] SELECT * FROM `ys_dict` WHERE  `c_alias` = 'QS_diary'  AND `isdel` = 0 ORDER BY createtime asc [ RunTime:0.051881s ]
[ sql ] [ SQL ] SELECT * FROM `ys_system_conf` WHERE  `tbnum` = 5  AND `isdel` = 0 LIMIT 1 [ RunTime:0.000581s ]

---------------------------------------------------------------
[ 2017-12-08T14:40:00+08:00 ] 127.0.0.1 127.0.0.1 POST /index.php/auth/beijing_detail?token=eyJ0eXAiOiJKV1QiLCJhbGciOiJIUzI1NiJ9.eyJpc3MiOiJodHRwOlwvXC9hcGkueXNqaWFuemh1LmNvbSIsImF1ZCI6Imh0dHA6XC9cL3poYW9waW4ueXNqaWFuemh1LmNvbSIsImlhdCI6MTUxMjcxNTE5NSwiZXhwIjoxNTEyODM1MTk1LCJuYmYiOiIiLCJ1dWlkIjoiZDc1OTdkZDktNTcxYS1kYmYxLTUwMzAtNTk3YjQ4YzFhODE1In0.FubAcUzbQEKc1a6gyPaHKl0gPJN0Xlo4mwb1Gm5Pba8
[ log ] wms.chenchen.cn/index.php/auth/beijing_detail?token=eyJ0eXAiOiJKV1QiLCJhbGciOiJIUzI1NiJ9.eyJpc3MiOiJodHRwOlwvXC9hcGkueXNqaWFuemh1LmNvbSIsImF1ZCI6Imh0dHA6XC9cL3poYW9waW4ueXNqaWFuemh1LmNvbSIsImlhdCI6MTUxMjcxNTE5NSwiZXhwIjoxNTEyODM1MTk1LCJuYmYiOiIiLCJ1dWlkIjoiZDc1OTdkZDktNTcxYS1kYmYxLTUwMzAtNTk3YjQ4YzFhODE1In0.FubAcUzbQEKc1a6gyPaHKl0gPJN0Xlo4mwb1Gm5Pba8 [运行时间：0.361801s][吞吐率：2.76req/s] [内存消耗：2,507.48kb] [文件加载：56]
[ info ] [ LANG ] D:\textgulp\chenchen.wms.cn\php\thinkphp\lang\zh-cn.php
[ info ] [ ROUTE ] array (
  'type' => 'module',
  'module' => 
  array (
    0 => 'api',
    1 => 'auth',
    2 => 'beijing_detail',
  ),
)
[ info ] [ HEADER ] array (
  'cookie' => 'PHPSESSID=ptbhdmcpi196g5dtabm06a1e05',
  'accept-language' => 'zh-CN,zh;q=0.9',
  'accept-encoding' => 'gzip, deflate',
  'referer' => 'http://wms.chenchen.cn/main.html',
  'content-type' => 'application/x-www-form-urlencoded',
  'user-agent' => 'Mozilla/5.0 (Windows NT 10.0; WOW64) AppleWebKit/537.36 (KHTML, like Gecko) Chrome/64.0.3278.0 Safari/537.36',
  'origin' => 'http://wms.chenchen.cn',
  'accept' => 'application/json, text/plain, */*',
  'content-length' => '21',
  'connection' => 'close',
  'host' => 'wms.chenchen.cn',
)
[ info ] [ PARAM ] array (
  'token' => 'eyJ0eXAiOiJKV1QiLCJhbGciOiJIUzI1NiJ9.eyJpc3MiOiJodHRwOlwvXC9hcGkueXNqaWFuemh1LmNvbSIsImF1ZCI6Imh0dHA6XC9cL3poYW9waW4ueXNqaWFuemh1LmNvbSIsImlhdCI6MTUxMjcxNTE5NSwiZXhwIjoxNTEyODM1MTk1LCJuYmYiOiIiLCJ1dWlkIjoiZDc1OTdkZDktNTcxYS1kYmYxLTUwMzAtNTk3YjQ4YzFhODE1In0.FubAcUzbQEKc1a6gyPaHKl0gPJN0Xlo4mwb1Gm5Pba8',
  'codeid' => 'CPZRbILQrvzniQ',
)
[ info ] [ CACHE ] INIT File
[ info ] [ RUN ] app\api\controller\Auth->beijing_detail[ D:\textgulp\chenchen.wms.cn\php\application\api\controller\Auth.php ]
[ info ] [ SESSION ] INIT array (
  'id' => '',
  'var_session_id' => '',
  'prefix' => 'think',
  'type' => '',
  'auto_start' => true,
)
[ info ] [ DB ] INIT mysql
[ info ] [ LOG ] INIT File
[ sql ] [ DB ] CONNECT:[ UseTime:0.004696s ] mysql:dbname=xiaochen;host=127.0.0.1;port=3306;charset=utf8
[ sql ] [ SQL ] SHOW COLUMNS FROM `ys_system_conf` [ RunTime:0.014340s ]
[ sql ] [ SQL ] SELECT * FROM `ys_system_conf` WHERE  `tbnum` = 1  AND `isdel` = 0 LIMIT 1 [ RunTime:0.000629s ]
[ sql ] [ SQL ] SHOW COLUMNS FROM `ys_admin_user` [ RunTime:0.012936s ]
[ sql ] [ SQL ] SELECT * FROM `ys_admin_user` WHERE  `uuid` = 'd7597dd9-571a-dbf1-5030-597b48c1a815' LIMIT 1 [ RunTime:0.000672s ]
[ sql ] [ SQL ] SHOW COLUMNS FROM `ys_article` [ RunTime:0.014464s ]
[ sql ] [ SQL ] SELECT * FROM `ys_article` WHERE  `format` = 4  AND `status` = 1  AND `uid` = 2  AND `isdel` = 0 [ RunTime:0.000794s ]
[ sql ] [ SQL ] SELECT * FROM `ys_system_conf` WHERE  `tbnum` = 1  AND `isdel` = 0 LIMIT 1 [ RunTime:0.000522s ]

---------------------------------------------------------------
[ 2017-12-08T14:40:03+08:00 ] 127.0.0.1 127.0.0.1 POST /index.php/base/logout?token=eyJ0eXAiOiJKV1QiLCJhbGciOiJIUzI1NiJ9.eyJpc3MiOiJodHRwOlwvXC9hcGkueXNqaWFuemh1LmNvbSIsImF1ZCI6Imh0dHA6XC9cL3poYW9waW4ueXNqaWFuemh1LmNvbSIsImlhdCI6MTUxMjcxNTE5NSwiZXhwIjoxNTEyODM1MTk1LCJuYmYiOiIiLCJ1dWlkIjoiZDc1OTdkZDktNTcxYS1kYmYxLTUwMzAtNTk3YjQ4YzFhODE1In0.FubAcUzbQEKc1a6gyPaHKl0gPJN0Xlo4mwb1Gm5Pba8
[ log ] wms.chenchen.cn/index.php/base/logout?token=eyJ0eXAiOiJKV1QiLCJhbGciOiJIUzI1NiJ9.eyJpc3MiOiJodHRwOlwvXC9hcGkueXNqaWFuemh1LmNvbSIsImF1ZCI6Imh0dHA6XC9cL3poYW9waW4ueXNqaWFuemh1LmNvbSIsImlhdCI6MTUxMjcxNTE5NSwiZXhwIjoxNTEyODM1MTk1LCJuYmYiOiIiLCJ1dWlkIjoiZDc1OTdkZDktNTcxYS1kYmYxLTUwMzAtNTk3YjQ4YzFhODE1In0.FubAcUzbQEKc1a6gyPaHKl0gPJN0Xlo4mwb1Gm5Pba8 [运行时间：0.038754s][吞吐率：25.80req/s] [内存消耗：1,641.00kb] [文件加载：48]
[ info ] [ LANG ] D:\textgulp\chenchen.wms.cn\php\thinkphp\lang\zh-cn.php
[ info ] [ ROUTE ] array (
  'type' => 'module',
  'module' => 
  array (
    0 => 'api',
    1 => 'base',
    2 => 'logout',
  ),
)
[ info ] [ HEADER ] array (
  'cookie' => 'PHPSESSID=ptbhdmcpi196g5dtabm06a1e05',
  'accept-language' => 'zh-CN,zh;q=0.9',
  'accept-encoding' => 'gzip, deflate',
  'referer' => 'http://wms.chenchen.cn/main.html',
  'content-type' => 'application/x-www-form-urlencoded',
  'user-agent' => 'Mozilla/5.0 (Windows NT 10.0; WOW64) AppleWebKit/537.36 (KHTML, like Gecko) Chrome/64.0.3278.0 Safari/537.36',
  'origin' => 'http://wms.chenchen.cn',
  'accept' => 'application/json, text/plain, */*',
  'content-length' => '0',
  'connection' => 'close',
  'host' => 'wms.chenchen.cn',
)
[ info ] [ PARAM ] array (
  'token' => 'eyJ0eXAiOiJKV1QiLCJhbGciOiJIUzI1NiJ9.eyJpc3MiOiJodHRwOlwvXC9hcGkueXNqaWFuemh1LmNvbSIsImF1ZCI6Imh0dHA6XC9cL3poYW9waW4ueXNqaWFuemh1LmNvbSIsImlhdCI6MTUxMjcxNTE5NSwiZXhwIjoxNTEyODM1MTk1LCJuYmYiOiIiLCJ1dWlkIjoiZDc1OTdkZDktNTcxYS1kYmYxLTUwMzAtNTk3YjQ4YzFhODE1In0.FubAcUzbQEKc1a6gyPaHKl0gPJN0Xlo4mwb1Gm5Pba8',
)
[ info ] [ RUN ] app\api\controller\Base->logout[ D:\textgulp\chenchen.wms.cn\php\application\api\controller\Base.php ]
[ info ] [ SESSION ] INIT array (
  'id' => '',
  'var_session_id' => '',
  'prefix' => 'think',
  'type' => '',
  'auto_start' => true,
)
[ info ] [ CACHE ] INIT File
[ info ] [ LOG ] INIT File

---------------------------------------------------------------
[ 2017-12-08T14:40:04+08:00 ] 127.0.0.1 127.0.0.1 GET /index.php/Base/verify?timestamp=%27+Date.parse(new%20Date())
[ log ] wms.chenchen.cn/index.php/Base/verify?timestamp=%27+Date.parse(new%20Date()) [运行时间：0.069244s][吞吐率：14.44req/s] [内存消耗：1,573.77kb] [文件加载：44]
[ info ] [ LANG ] D:\textgulp\chenchen.wms.cn\php\thinkphp\lang\zh-cn.php
[ info ] [ ROUTE ] array (
  'type' => 'module',
  'module' => 
  array (
    0 => 'api',
    1 => 'Base',
    2 => 'verify',
  ),
)
[ info ] [ HEADER ] array (
  'cookie' => 'PHPSESSID=ptbhdmcpi196g5dtabm06a1e05',
  'accept-language' => 'zh-CN,zh;q=0.9',
  'accept-encoding' => 'gzip, deflate',
  'referer' => 'http://wms.chenchen.cn/login.html',
  'accept' => 'image/webp,image/apng,image/*,*/*;q=0.8',
  'user-agent' => 'Mozilla/5.0 (Windows NT 10.0; WOW64) AppleWebKit/537.36 (KHTML, like Gecko) Chrome/64.0.3278.0 Safari/537.36',
  'connection' => 'close',
  'host' => 'wms.chenchen.cn',
)
[ info ] [ PARAM ] array (
  'timestamp' => '\' Date.parse(new Date())',
)
[ info ] [ RUN ] app\api\controller\Base->verify[ D:\textgulp\chenchen.wms.cn\php\application\api\controller\Base.php ]
[ info ] [ SESSION ] INIT array (
  'id' => '',
  'var_session_id' => '',
  'prefix' => 'think',
  'type' => '',
  'auto_start' => true,
)
[ info ] [ LOG ] INIT File

---------------------------------------------------------------
