[ 2018-01-15T13:42:51+08:00 ] 192.168.0.116 192.168.0.120 GET /
[ log ] 192.168.0.116/ [运行时间：1.276366s][吞吐率：0.78req/s] [内存消耗：1,394.30kb] [文件加载：42]
[ info ] [ LANG ] D:\textgulp\chenchen.wms.cn\php\thinkphp\lang\zh-cn.php
[ info ] [ ROUTE ] array (
  'type' => 'module',
  'module' => 
  array (
    0 => 'api',
    1 => NULL,
    2 => NULL,
  ),
)
[ info ] [ HEADER ] array (
  'connection' => 'close',
  'pragma' => 'no-cache',
  'accept-encoding' => 'gzip, deflate',
  'accept' => '*/*',
  'host' => '192.168.0.116',
  'user-agent' => 'Mozilla/4.0 (compatible; MSIE 9.0; Windows NT 5.1; Trident/5.0)',
)
[ info ] [ PARAM ] array (
)
[ info ] [ LOG ] INIT File

---------------------------------------------------------------
