[ 2018-02-04T13:21:03+08:00 ] 127.0.0.1 127.0.0.1 GET /
[ log ] wms.chenchen.cn/ [运行时间：1.310599s][吞吐率：0.76req/s] [内存消耗：1,394.95kb] [文件加载：42]
[ info ] [ LANG ] D:\textgulp\chenchen.wms.cn\php\thinkphp\lang\zh-cn.php
[ info ] [ ROUTE ] array (
  'type' => 'module',
  'module' => 
  array (
    0 => 'api',
    1 => NULL,
    2 => NULL,
  ),
)
[ info ] [ HEADER ] array (
  'accept-language' => 'zh-CN,zh;q=0.9',
  'accept-encoding' => 'gzip, deflate',
  'accept' => 'text/html,application/xhtml+xml,application/xml;q=0.9,image/webp,image/apng,*/*;q=0.8',
  'user-agent' => 'Mozilla/5.0 (Windows NT 10.0; WOW64) AppleWebKit/537.36 (KHTML, like Gecko) Chrome/65.0.3325.19 Safari/537.36',
  'upgrade-insecure-requests' => '1',
  'connection' => 'close',
  'host' => 'wms.chenchen.cn',
)
[ info ] [ PARAM ] array (
)
[ info ] [ LOG ] INIT File

---------------------------------------------------------------
[ 2018-02-04T13:21:16+08:00 ] 127.0.0.1 127.0.0.1 GET /index.php/Base/verify?timestamp=%27+Date.parse(new%20Date())
[ log ] wms.chenchen.cn/index.php/Base/verify?timestamp=%27+Date.parse(new%20Date()) [运行时间：0.736177s][吞吐率：1.36req/s] [内存消耗：1,573.82kb] [文件加载：44]
[ info ] [ LANG ] D:\textgulp\chenchen.wms.cn\php\thinkphp\lang\zh-cn.php
[ info ] [ ROUTE ] array (
  'type' => 'module',
  'module' => 
  array (
    0 => 'api',
    1 => 'Base',
    2 => 'verify',
  ),
)
[ info ] [ HEADER ] array (
  'accept-language' => 'zh-CN,zh;q=0.9',
  'accept-encoding' => 'gzip, deflate',
  'referer' => 'http://wms.chenchen.cn/login.html',
  'accept' => 'image/webp,image/apng,image/*,*/*;q=0.8',
  'user-agent' => 'Mozilla/5.0 (Windows NT 10.0; WOW64) AppleWebKit/537.36 (KHTML, like Gecko) Chrome/65.0.3325.19 Safari/537.36',
  'connection' => 'close',
  'host' => 'wms.chenchen.cn',
)
[ info ] [ PARAM ] array (
  'timestamp' => '\' Date.parse(new Date())',
)
[ info ] [ RUN ] app\api\controller\Base->verify[ D:\textgulp\chenchen.wms.cn\php\application\api\controller\Base.php ]
[ info ] [ SESSION ] INIT array (
  'id' => '',
  'var_session_id' => '',
  'prefix' => 'think',
  'type' => '',
  'auto_start' => true,
)
[ info ] [ LOG ] INIT File

---------------------------------------------------------------
[ 2018-02-04T13:21:18+08:00 ] 127.0.0.1 127.0.0.1 GET /index.php/Base/verify?timestamp=1517721678000
[ log ] wms.chenchen.cn/index.php/Base/verify?timestamp=1517721678000 [运行时间：0.118347s][吞吐率：8.45req/s] [内存消耗：1,573.84kb] [文件加载：44]
[ info ] [ LANG ] D:\textgulp\chenchen.wms.cn\php\thinkphp\lang\zh-cn.php
[ info ] [ ROUTE ] array (
  'type' => 'module',
  'module' => 
  array (
    0 => 'api',
    1 => 'Base',
    2 => 'verify',
  ),
)
[ info ] [ HEADER ] array (
  'cookie' => 'PHPSESSID=tlv608kagggvvun2lffanpaua5',
  'accept-language' => 'zh-CN,zh;q=0.9',
  'accept-encoding' => 'gzip, deflate',
  'referer' => 'http://wms.chenchen.cn/login.html',
  'accept' => 'image/webp,image/apng,image/*,*/*;q=0.8',
  'user-agent' => 'Mozilla/5.0 (Windows NT 10.0; WOW64) AppleWebKit/537.36 (KHTML, like Gecko) Chrome/65.0.3325.19 Safari/537.36',
  'connection' => 'close',
  'host' => 'wms.chenchen.cn',
)
[ info ] [ PARAM ] array (
  'timestamp' => '1517721678000',
)
[ info ] [ RUN ] app\api\controller\Base->verify[ D:\textgulp\chenchen.wms.cn\php\application\api\controller\Base.php ]
[ info ] [ SESSION ] INIT array (
  'id' => '',
  'var_session_id' => '',
  'prefix' => 'think',
  'type' => '',
  'auto_start' => true,
)
[ info ] [ LOG ] INIT File

---------------------------------------------------------------
[ 2018-02-04T13:21:25+08:00 ] 127.0.0.1 127.0.0.1 POST /index.php/Base/login
[ log ] wms.chenchen.cn/index.php/Base/login [运行时间：0.850223s][吞吐率：1.18req/s] [内存消耗：2,253.60kb] [文件加载：56]
[ info ] [ LANG ] D:\textgulp\chenchen.wms.cn\php\thinkphp\lang\zh-cn.php
[ info ] [ ROUTE ] array (
  'type' => 'module',
  'module' => 
  array (
    0 => 'api',
    1 => 'Base',
    2 => 'login',
  ),
)
[ info ] [ HEADER ] array (
  'cookie' => 'PHPSESSID=tlv608kagggvvun2lffanpaua5',
  'accept-language' => 'zh-CN,zh;q=0.9',
  'accept-encoding' => 'gzip, deflate',
  'referer' => 'http://wms.chenchen.cn/login.html',
  'content-type' => 'application/x-www-form-urlencoded; charset=UTF-8',
  'user-agent' => 'Mozilla/5.0 (Windows NT 10.0; WOW64) AppleWebKit/537.36 (KHTML, like Gecko) Chrome/65.0.3325.19 Safari/537.36',
  'x-requested-with' => 'XMLHttpRequest',
  'origin' => 'http://wms.chenchen.cn',
  'accept' => '*/*',
  'content-length' => '43',
  'connection' => 'close',
  'host' => 'wms.chenchen.cn',
)
[ info ] [ PARAM ] array (
  'username' => 'admin',
  'password' => '123456',
  'captcha' => 'pzb6',
)
[ info ] [ RUN ] app\api\controller\Base->login[ D:\textgulp\chenchen.wms.cn\php\application\api\controller\Base.php ]
[ info ] [ SESSION ] INIT array (
  'id' => '',
  'var_session_id' => '',
  'prefix' => 'think',
  'type' => '',
  'auto_start' => true,
)
[ info ] [ DB ] INIT mysql
[ info ] [ CACHE ] INIT File
[ info ] [ LOG ] INIT File
[ sql ] [ DB ] CONNECT:[ UseTime:0.049767s ] mysql:dbname=xiaochen;host=127.0.0.1;port=3306;charset=utf8
[ sql ] [ SQL ] SHOW COLUMNS FROM `ys_admin_user` [ RunTime:0.287197s ]
[ sql ] [ SQL ] SELECT * FROM `ys_admin_user` WHERE  (  username='admin' ) LIMIT 1 [ RunTime:0.058792s ]
[ sql ] [ SQL ] SELECT `id`,`password`,`encrypt` FROM `ys_admin_user` WHERE  (  id=2 ) LIMIT 1 [ RunTime:0.001397s ]
[ sql ] [ SQL ] UPDATE `ys_admin_user`  SET `login_count`=login_count+1  WHERE  (  id=2 ) [ RunTime:0.010211s ]

---------------------------------------------------------------
[ 2018-02-04T13:21:25+08:00 ] 127.0.0.1 127.0.0.1 GET /index.php/Base/verify?timestamp=1517721685000
[ log ] wms.chenchen.cn/index.php/Base/verify?timestamp=1517721685000 [运行时间：0.231559s][吞吐率：4.32req/s] [内存消耗：1,573.84kb] [文件加载：44]
[ info ] [ LANG ] D:\textgulp\chenchen.wms.cn\php\thinkphp\lang\zh-cn.php
[ info ] [ ROUTE ] array (
  'type' => 'module',
  'module' => 
  array (
    0 => 'api',
    1 => 'Base',
    2 => 'verify',
  ),
)
[ info ] [ HEADER ] array (
  'cookie' => 'PHPSESSID=tlv608kagggvvun2lffanpaua5',
  'accept-language' => 'zh-CN,zh;q=0.9',
  'accept-encoding' => 'gzip, deflate',
  'referer' => 'http://wms.chenchen.cn/login.html',
  'accept' => 'image/webp,image/apng,image/*,*/*;q=0.8',
  'user-agent' => 'Mozilla/5.0 (Windows NT 10.0; WOW64) AppleWebKit/537.36 (KHTML, like Gecko) Chrome/65.0.3325.19 Safari/537.36',
  'connection' => 'close',
  'host' => 'wms.chenchen.cn',
)
[ info ] [ PARAM ] array (
  'timestamp' => '1517721685000',
)
[ info ] [ RUN ] app\api\controller\Base->verify[ D:\textgulp\chenchen.wms.cn\php\application\api\controller\Base.php ]
[ info ] [ SESSION ] INIT array (
  'id' => '',
  'var_session_id' => '',
  'prefix' => 'think',
  'type' => '',
  'auto_start' => true,
)
[ info ] [ LOG ] INIT File

---------------------------------------------------------------
[ 2018-02-04T13:21:29+08:00 ] 127.0.0.1 127.0.0.1 POST /index.php/open/menutree_select?token=eyJ0eXAiOiJKV1QiLCJhbGciOiJIUzI1NiJ9.eyJpc3MiOiJodHRwOlwvXC9hcGkueXNqaWFuemh1LmNvbSIsImF1ZCI6Imh0dHA6XC9cL3poYW9waW4ueXNqaWFuemh1LmNvbSIsImlhdCI6MTUxNzcyMTY4NSwiZXhwIjoxNTE3ODQxNjg1LCJuYmYiOiIiLCJ1dWlkIjoiZDc1OTdkZDktNTcxYS1kYmYxLTUwMzAtNTk3YjQ4YzFhODE1In0.q8cB_eJNummmDcuNFaKuVeTxXX_mVNssn2cN_-1B5lk
[ log ] wms.chenchen.cn/index.php/open/menutree_select?token=eyJ0eXAiOiJKV1QiLCJhbGciOiJIUzI1NiJ9.eyJpc3MiOiJodHRwOlwvXC9hcGkueXNqaWFuemh1LmNvbSIsImF1ZCI6Imh0dHA6XC9cL3poYW9waW4ueXNqaWFuemh1LmNvbSIsImlhdCI6MTUxNzcyMTY4NSwiZXhwIjoxNTE3ODQxNjg1LCJuYmYiOiIiLCJ1dWlkIjoiZDc1OTdkZDktNTcxYS1kYmYxLTUwMzAtNTk3YjQ4YzFhODE1In0.q8cB_eJNummmDcuNFaKuVeTxXX_mVNssn2cN_-1B5lk [运行时间：0.264254s][吞吐率：3.78req/s] [内存消耗：2,254.92kb] [文件加载：52]
[ info ] [ LANG ] D:\textgulp\chenchen.wms.cn\php\thinkphp\lang\zh-cn.php
[ info ] [ ROUTE ] array (
  'type' => 'module',
  'module' => 
  array (
    0 => 'api',
    1 => 'open',
    2 => 'menutree_select',
  ),
)
[ info ] [ HEADER ] array (
  'cookie' => 'PHPSESSID=tlv608kagggvvun2lffanpaua5',
  'accept-language' => 'zh-CN,zh;q=0.9',
  'accept-encoding' => 'gzip, deflate',
  'referer' => 'http://wms.chenchen.cn/main.html',
  'content-type' => 'application/x-www-form-urlencoded; charset=UTF-8',
  'user-agent' => 'Mozilla/5.0 (Windows NT 10.0; WOW64) AppleWebKit/537.36 (KHTML, like Gecko) Chrome/65.0.3325.19 Safari/537.36',
  'x-requested-with' => 'XMLHttpRequest',
  'origin' => 'http://wms.chenchen.cn',
  'accept' => '*/*',
  'content-length' => '7',
  'connection' => 'close',
  'host' => 'wms.chenchen.cn',
)
[ info ] [ PARAM ] array (
  'token' => 'eyJ0eXAiOiJKV1QiLCJhbGciOiJIUzI1NiJ9.eyJpc3MiOiJodHRwOlwvXC9hcGkueXNqaWFuemh1LmNvbSIsImF1ZCI6Imh0dHA6XC9cL3poYW9waW4ueXNqaWFuemh1LmNvbSIsImlhdCI6MTUxNzcyMTY4NSwiZXhwIjoxNTE3ODQxNjg1LCJuYmYiOiIiLCJ1dWlkIjoiZDc1OTdkZDktNTcxYS1kYmYxLTUwMzAtNTk3YjQ4YzFhODE1In0.q8cB_eJNummmDcuNFaKuVeTxXX_mVNssn2cN_-1B5lk',
  'debug' => '0',
)
[ info ] [ RUN ] app\api\controller\Open->menutree_select[ D:\textgulp\chenchen.wms.cn\php\application\api\controller\Open.php ]
[ info ] [ DB ] INIT mysql
[ info ] [ SESSION ] INIT array (
  'id' => '',
  'var_session_id' => '',
  'prefix' => 'think',
  'type' => '',
  'auto_start' => true,
)
[ info ] [ LOG ] INIT File
[ sql ] [ DB ] CONNECT:[ UseTime:0.001706s ] mysql:dbname=xiaochen;host=127.0.0.1;port=3306;charset=utf8
[ sql ] [ SQL ] SHOW COLUMNS FROM `ys_system_conf` [ RunTime:0.118427s ]
[ sql ] [ SQL ] SELECT * FROM `ys_system_conf` WHERE  `isdel` = 0 [ RunTime:0.009046s ]

---------------------------------------------------------------
[ 2018-02-04T13:21:29+08:00 ] 127.0.0.1 127.0.0.1 POST /index.php/open/islogin?token=eyJ0eXAiOiJKV1QiLCJhbGciOiJIUzI1NiJ9.eyJpc3MiOiJodHRwOlwvXC9hcGkueXNqaWFuemh1LmNvbSIsImF1ZCI6Imh0dHA6XC9cL3poYW9waW4ueXNqaWFuemh1LmNvbSIsImlhdCI6MTUxNzcyMTY4NSwiZXhwIjoxNTE3ODQxNjg1LCJuYmYiOiIiLCJ1dWlkIjoiZDc1OTdkZDktNTcxYS1kYmYxLTUwMzAtNTk3YjQ4YzFhODE1In0.q8cB_eJNummmDcuNFaKuVeTxXX_mVNssn2cN_-1B5lk
[ log ] wms.chenchen.cn/index.php/open/islogin?token=eyJ0eXAiOiJKV1QiLCJhbGciOiJIUzI1NiJ9.eyJpc3MiOiJodHRwOlwvXC9hcGkueXNqaWFuemh1LmNvbSIsImF1ZCI6Imh0dHA6XC9cL3poYW9waW4ueXNqaWFuemh1LmNvbSIsImlhdCI6MTUxNzcyMTY4NSwiZXhwIjoxNTE3ODQxNjg1LCJuYmYiOiIiLCJ1dWlkIjoiZDc1OTdkZDktNTcxYS1kYmYxLTUwMzAtNTk3YjQ4YzFhODE1In0.q8cB_eJNummmDcuNFaKuVeTxXX_mVNssn2cN_-1B5lk [运行时间：0.060428s][吞吐率：16.55req/s] [内存消耗：1,784.10kb] [文件加载：49]
[ info ] [ LANG ] D:\textgulp\chenchen.wms.cn\php\thinkphp\lang\zh-cn.php
[ info ] [ ROUTE ] array (
  'type' => 'module',
  'module' => 
  array (
    0 => 'api',
    1 => 'open',
    2 => 'islogin',
  ),
)
[ info ] [ HEADER ] array (
  'cookie' => 'PHPSESSID=tlv608kagggvvun2lffanpaua5',
  'accept-language' => 'zh-CN,zh;q=0.9',
  'accept-encoding' => 'gzip, deflate',
  'referer' => 'http://wms.chenchen.cn/main.html',
  'user-agent' => 'Mozilla/5.0 (Windows NT 10.0; WOW64) AppleWebKit/537.36 (KHTML, like Gecko) Chrome/65.0.3325.19 Safari/537.36',
  'x-requested-with' => 'XMLHttpRequest',
  'origin' => 'http://wms.chenchen.cn',
  'accept' => '*/*',
  'content-length' => '0',
  'connection' => 'close',
  'host' => 'wms.chenchen.cn',
)
[ info ] [ PARAM ] array (
  'token' => 'eyJ0eXAiOiJKV1QiLCJhbGciOiJIUzI1NiJ9.eyJpc3MiOiJodHRwOlwvXC9hcGkueXNqaWFuemh1LmNvbSIsImF1ZCI6Imh0dHA6XC9cL3poYW9waW4ueXNqaWFuemh1LmNvbSIsImlhdCI6MTUxNzcyMTY4NSwiZXhwIjoxNTE3ODQxNjg1LCJuYmYiOiIiLCJ1dWlkIjoiZDc1OTdkZDktNTcxYS1kYmYxLTUwMzAtNTk3YjQ4YzFhODE1In0.q8cB_eJNummmDcuNFaKuVeTxXX_mVNssn2cN_-1B5lk',
)
[ info ] [ RUN ] app\api\controller\Open->islogin[ D:\textgulp\chenchen.wms.cn\php\application\api\controller\Open.php ]
[ info ] [ CACHE ] INIT File
[ info ] [ LOG ] INIT File

---------------------------------------------------------------
[ 2018-02-04T13:21:30+08:00 ] 127.0.0.1 127.0.0.1 POST /index.php/auth/com_list?token=eyJ0eXAiOiJKV1QiLCJhbGciOiJIUzI1NiJ9.eyJpc3MiOiJodHRwOlwvXC9hcGkueXNqaWFuemh1LmNvbSIsImF1ZCI6Imh0dHA6XC9cL3poYW9waW4ueXNqaWFuemh1LmNvbSIsImlhdCI6MTUxNzcyMTY4NSwiZXhwIjoxNTE3ODQxNjg1LCJuYmYiOiIiLCJ1dWlkIjoiZDc1OTdkZDktNTcxYS1kYmYxLTUwMzAtNTk3YjQ4YzFhODE1In0.q8cB_eJNummmDcuNFaKuVeTxXX_mVNssn2cN_-1B5lk
[ log ] wms.chenchen.cn/index.php/auth/com_list?token=eyJ0eXAiOiJKV1QiLCJhbGciOiJIUzI1NiJ9.eyJpc3MiOiJodHRwOlwvXC9hcGkueXNqaWFuemh1LmNvbSIsImF1ZCI6Imh0dHA6XC9cL3poYW9waW4ueXNqaWFuemh1LmNvbSIsImlhdCI6MTUxNzcyMTY4NSwiZXhwIjoxNTE3ODQxNjg1LCJuYmYiOiIiLCJ1dWlkIjoiZDc1OTdkZDktNTcxYS1kYmYxLTUwMzAtNTk3YjQ4YzFhODE1In0.q8cB_eJNummmDcuNFaKuVeTxXX_mVNssn2cN_-1B5lk [运行时间：0.384121s][吞吐率：2.60req/s] [内存消耗：2,499.16kb] [文件加载：56]
[ info ] [ LANG ] D:\textgulp\chenchen.wms.cn\php\thinkphp\lang\zh-cn.php
[ info ] [ ROUTE ] array (
  'type' => 'module',
  'module' => 
  array (
    0 => 'api',
    1 => 'auth',
    2 => 'com_list',
  ),
)
[ info ] [ HEADER ] array (
  'cookie' => 'PHPSESSID=tlv608kagggvvun2lffanpaua5',
  'accept-language' => 'zh-CN,zh;q=0.9',
  'accept-encoding' => 'gzip, deflate',
  'referer' => 'http://wms.chenchen.cn/main.html',
  'content-type' => 'application/x-www-form-urlencoded',
  'user-agent' => 'Mozilla/5.0 (Windows NT 10.0; WOW64) AppleWebKit/537.36 (KHTML, like Gecko) Chrome/65.0.3325.19 Safari/537.36',
  'origin' => 'http://wms.chenchen.cn',
  'accept' => 'application/json, text/plain, */*',
  'content-length' => '52',
  'connection' => 'close',
  'host' => 'wms.chenchen.cn',
)
[ info ] [ PARAM ] array (
  'token' => 'eyJ0eXAiOiJKV1QiLCJhbGciOiJIUzI1NiJ9.eyJpc3MiOiJodHRwOlwvXC9hcGkueXNqaWFuemh1LmNvbSIsImF1ZCI6Imh0dHA6XC9cL3poYW9waW4ueXNqaWFuemh1LmNvbSIsImlhdCI6MTUxNzcyMTY4NSwiZXhwIjoxNTE3ODQxNjg1LCJuYmYiOiIiLCJ1dWlkIjoiZDc1OTdkZDktNTcxYS1kYmYxLTUwMzAtNTk3YjQ4YzFhODE1In0.q8cB_eJNummmDcuNFaKuVeTxXX_mVNssn2cN_-1B5lk',
  'codeid' => 'CPZRbILQrvzniQ',
  'diarytype' => '1',
  'top' => '3',
  'orderstrid' => '2',
)
[ info ] [ CACHE ] INIT File
[ info ] [ RUN ] app\api\controller\Auth->com_list[ D:\textgulp\chenchen.wms.cn\php\application\api\controller\Auth.php ]
[ info ] [ SESSION ] INIT array (
  'id' => '',
  'var_session_id' => '',
  'prefix' => 'think',
  'type' => '',
  'auto_start' => true,
)
[ info ] [ DB ] INIT mysql
[ info ] [ LOG ] INIT File
[ sql ] [ DB ] CONNECT:[ UseTime:0.001061s ] mysql:dbname=xiaochen;host=127.0.0.1;port=3306;charset=utf8
[ sql ] [ SQL ] SHOW COLUMNS FROM `ys_system_conf` [ RunTime:0.046718s ]
[ sql ] [ SQL ] SELECT * FROM `ys_system_conf` WHERE  `tbnum` = 1  AND `isdel` = 0 LIMIT 1 [ RunTime:0.000914s ]
[ sql ] [ SQL ] SHOW COLUMNS FROM `ys_article` [ RunTime:0.120455s ]
[ sql ] [ SQL ] SELECT * FROM `ys_article` WHERE  `diarytype` = 1  AND `isdel` = 0 ORDER BY createtime desc LIMIT 3 [ RunTime:0.001743s ]
[ sql ] [ SQL ] SELECT * FROM `ys_system_conf` WHERE  `tbnum` = 1  AND `isdel` = 0 LIMIT 1 [ RunTime:0.000908s ]

---------------------------------------------------------------
[ 2018-02-04T13:21:31+08:00 ] 127.0.0.1 127.0.0.1 POST /index.php/auth/com_list?token=eyJ0eXAiOiJKV1QiLCJhbGciOiJIUzI1NiJ9.eyJpc3MiOiJodHRwOlwvXC9hcGkueXNqaWFuemh1LmNvbSIsImF1ZCI6Imh0dHA6XC9cL3poYW9waW4ueXNqaWFuemh1LmNvbSIsImlhdCI6MTUxNzcyMTY4NSwiZXhwIjoxNTE3ODQxNjg1LCJuYmYiOiIiLCJ1dWlkIjoiZDc1OTdkZDktNTcxYS1kYmYxLTUwMzAtNTk3YjQ4YzFhODE1In0.q8cB_eJNummmDcuNFaKuVeTxXX_mVNssn2cN_-1B5lk
[ log ] wms.chenchen.cn/index.php/auth/com_list?token=eyJ0eXAiOiJKV1QiLCJhbGciOiJIUzI1NiJ9.eyJpc3MiOiJodHRwOlwvXC9hcGkueXNqaWFuemh1LmNvbSIsImF1ZCI6Imh0dHA6XC9cL3poYW9waW4ueXNqaWFuemh1LmNvbSIsImlhdCI6MTUxNzcyMTY4NSwiZXhwIjoxNTE3ODQxNjg1LCJuYmYiOiIiLCJ1dWlkIjoiZDc1OTdkZDktNTcxYS1kYmYxLTUwMzAtNTk3YjQ4YzFhODE1In0.q8cB_eJNummmDcuNFaKuVeTxXX_mVNssn2cN_-1B5lk [运行时间：0.213535s][吞吐率：4.68req/s] [内存消耗：2,498.70kb] [文件加载：56]
[ info ] [ LANG ] D:\textgulp\chenchen.wms.cn\php\thinkphp\lang\zh-cn.php
[ info ] [ ROUTE ] array (
  'type' => 'module',
  'module' => 
  array (
    0 => 'api',
    1 => 'auth',
    2 => 'com_list',
  ),
)
[ info ] [ HEADER ] array (
  'cookie' => 'PHPSESSID=tlv608kagggvvun2lffanpaua5',
  'accept-language' => 'zh-CN,zh;q=0.9',
  'accept-encoding' => 'gzip, deflate',
  'referer' => 'http://wms.chenchen.cn/main.html',
  'content-type' => 'application/x-www-form-urlencoded',
  'user-agent' => 'Mozilla/5.0 (Windows NT 10.0; WOW64) AppleWebKit/537.36 (KHTML, like Gecko) Chrome/65.0.3325.19 Safari/537.36',
  'origin' => 'http://wms.chenchen.cn',
  'accept' => 'application/json, text/plain, */*',
  'content-length' => '52',
  'connection' => 'close',
  'host' => 'wms.chenchen.cn',
)
[ info ] [ PARAM ] array (
  'token' => 'eyJ0eXAiOiJKV1QiLCJhbGciOiJIUzI1NiJ9.eyJpc3MiOiJodHRwOlwvXC9hcGkueXNqaWFuemh1LmNvbSIsImF1ZCI6Imh0dHA6XC9cL3poYW9waW4ueXNqaWFuemh1LmNvbSIsImlhdCI6MTUxNzcyMTY4NSwiZXhwIjoxNTE3ODQxNjg1LCJuYmYiOiIiLCJ1dWlkIjoiZDc1OTdkZDktNTcxYS1kYmYxLTUwMzAtNTk3YjQ4YzFhODE1In0.q8cB_eJNummmDcuNFaKuVeTxXX_mVNssn2cN_-1B5lk',
  'codeid' => 'CPZRbILQrvzniQ',
  'diarytype' => '2',
  'top' => '3',
  'orderstrid' => '2',
)
[ info ] [ CACHE ] INIT File
[ info ] [ RUN ] app\api\controller\Auth->com_list[ D:\textgulp\chenchen.wms.cn\php\application\api\controller\Auth.php ]
[ info ] [ SESSION ] INIT array (
  'id' => '',
  'var_session_id' => '',
  'prefix' => 'think',
  'type' => '',
  'auto_start' => true,
)
[ info ] [ DB ] INIT mysql
[ info ] [ LOG ] INIT File
[ sql ] [ DB ] CONNECT:[ UseTime:0.001357s ] mysql:dbname=xiaochen;host=127.0.0.1;port=3306;charset=utf8
[ sql ] [ SQL ] SHOW COLUMNS FROM `ys_system_conf` [ RunTime:0.055497s ]
[ sql ] [ SQL ] SELECT * FROM `ys_system_conf` WHERE  `tbnum` = 1  AND `isdel` = 0 LIMIT 1 [ RunTime:0.000692s ]
[ sql ] [ SQL ] SHOW COLUMNS FROM `ys_article` [ RunTime:0.013784s ]
[ sql ] [ SQL ] SELECT * FROM `ys_article` WHERE  `diarytype` = 2  AND `isdel` = 0 ORDER BY createtime desc LIMIT 3 [ RunTime:0.001002s ]
[ sql ] [ SQL ] SELECT * FROM `ys_system_conf` WHERE  `tbnum` = 1  AND `isdel` = 0 LIMIT 1 [ RunTime:0.000558s ]

---------------------------------------------------------------
[ 2018-02-04T13:21:31+08:00 ] 127.0.0.1 127.0.0.1 POST /index.php/auth/com_list?token=eyJ0eXAiOiJKV1QiLCJhbGciOiJIUzI1NiJ9.eyJpc3MiOiJodHRwOlwvXC9hcGkueXNqaWFuemh1LmNvbSIsImF1ZCI6Imh0dHA6XC9cL3poYW9waW4ueXNqaWFuemh1LmNvbSIsImlhdCI6MTUxNzcyMTY4NSwiZXhwIjoxNTE3ODQxNjg1LCJuYmYiOiIiLCJ1dWlkIjoiZDc1OTdkZDktNTcxYS1kYmYxLTUwMzAtNTk3YjQ4YzFhODE1In0.q8cB_eJNummmDcuNFaKuVeTxXX_mVNssn2cN_-1B5lk
[ log ] wms.chenchen.cn/index.php/auth/com_list?token=eyJ0eXAiOiJKV1QiLCJhbGciOiJIUzI1NiJ9.eyJpc3MiOiJodHRwOlwvXC9hcGkueXNqaWFuemh1LmNvbSIsImF1ZCI6Imh0dHA6XC9cL3poYW9waW4ueXNqaWFuemh1LmNvbSIsImlhdCI6MTUxNzcyMTY4NSwiZXhwIjoxNTE3ODQxNjg1LCJuYmYiOiIiLCJ1dWlkIjoiZDc1OTdkZDktNTcxYS1kYmYxLTUwMzAtNTk3YjQ4YzFhODE1In0.q8cB_eJNummmDcuNFaKuVeTxXX_mVNssn2cN_-1B5lk [运行时间：0.118505s][吞吐率：8.44req/s] [内存消耗：2,498.70kb] [文件加载：56]
[ info ] [ LANG ] D:\textgulp\chenchen.wms.cn\php\thinkphp\lang\zh-cn.php
[ info ] [ ROUTE ] array (
  'type' => 'module',
  'module' => 
  array (
    0 => 'api',
    1 => 'auth',
    2 => 'com_list',
  ),
)
[ info ] [ HEADER ] array (
  'cookie' => 'PHPSESSID=tlv608kagggvvun2lffanpaua5',
  'accept-language' => 'zh-CN,zh;q=0.9',
  'accept-encoding' => 'gzip, deflate',
  'referer' => 'http://wms.chenchen.cn/main.html',
  'content-type' => 'application/x-www-form-urlencoded',
  'user-agent' => 'Mozilla/5.0 (Windows NT 10.0; WOW64) AppleWebKit/537.36 (KHTML, like Gecko) Chrome/65.0.3325.19 Safari/537.36',
  'origin' => 'http://wms.chenchen.cn',
  'accept' => 'application/json, text/plain, */*',
  'content-length' => '52',
  'connection' => 'close',
  'host' => 'wms.chenchen.cn',
)
[ info ] [ PARAM ] array (
  'token' => 'eyJ0eXAiOiJKV1QiLCJhbGciOiJIUzI1NiJ9.eyJpc3MiOiJodHRwOlwvXC9hcGkueXNqaWFuemh1LmNvbSIsImF1ZCI6Imh0dHA6XC9cL3poYW9waW4ueXNqaWFuemh1LmNvbSIsImlhdCI6MTUxNzcyMTY4NSwiZXhwIjoxNTE3ODQxNjg1LCJuYmYiOiIiLCJ1dWlkIjoiZDc1OTdkZDktNTcxYS1kYmYxLTUwMzAtNTk3YjQ4YzFhODE1In0.q8cB_eJNummmDcuNFaKuVeTxXX_mVNssn2cN_-1B5lk',
  'codeid' => 'CPZRbILQrvzniQ',
  'diarytype' => '3',
  'top' => '3',
  'orderstrid' => '2',
)
[ info ] [ CACHE ] INIT File
[ info ] [ RUN ] app\api\controller\Auth->com_list[ D:\textgulp\chenchen.wms.cn\php\application\api\controller\Auth.php ]
[ info ] [ SESSION ] INIT array (
  'id' => '',
  'var_session_id' => '',
  'prefix' => 'think',
  'type' => '',
  'auto_start' => true,
)
[ info ] [ DB ] INIT mysql
[ info ] [ LOG ] INIT File
[ sql ] [ DB ] CONNECT:[ UseTime:0.004444s ] mysql:dbname=xiaochen;host=127.0.0.1;port=3306;charset=utf8
[ sql ] [ SQL ] SHOW COLUMNS FROM `ys_system_conf` [ RunTime:0.015262s ]
[ sql ] [ SQL ] SELECT * FROM `ys_system_conf` WHERE  `tbnum` = 1  AND `isdel` = 0 LIMIT 1 [ RunTime:0.000705s ]
[ sql ] [ SQL ] SHOW COLUMNS FROM `ys_article` [ RunTime:0.011881s ]
[ sql ] [ SQL ] SELECT * FROM `ys_article` WHERE  `diarytype` = 3  AND `isdel` = 0 ORDER BY createtime desc LIMIT 3 [ RunTime:0.000622s ]
[ sql ] [ SQL ] SELECT * FROM `ys_system_conf` WHERE  `tbnum` = 1  AND `isdel` = 0 LIMIT 1 [ RunTime:0.000454s ]

---------------------------------------------------------------
[ 2018-02-04T13:21:32+08:00 ] 127.0.0.1 127.0.0.1 POST /index.php/auth/com_list?token=eyJ0eXAiOiJKV1QiLCJhbGciOiJIUzI1NiJ9.eyJpc3MiOiJodHRwOlwvXC9hcGkueXNqaWFuemh1LmNvbSIsImF1ZCI6Imh0dHA6XC9cL3poYW9waW4ueXNqaWFuemh1LmNvbSIsImlhdCI6MTUxNzcyMTY4NSwiZXhwIjoxNTE3ODQxNjg1LCJuYmYiOiIiLCJ1dWlkIjoiZDc1OTdkZDktNTcxYS1kYmYxLTUwMzAtNTk3YjQ4YzFhODE1In0.q8cB_eJNummmDcuNFaKuVeTxXX_mVNssn2cN_-1B5lk
[ log ] wms.chenchen.cn/index.php/auth/com_list?token=eyJ0eXAiOiJKV1QiLCJhbGciOiJIUzI1NiJ9.eyJpc3MiOiJodHRwOlwvXC9hcGkueXNqaWFuemh1LmNvbSIsImF1ZCI6Imh0dHA6XC9cL3poYW9waW4ueXNqaWFuemh1LmNvbSIsImlhdCI6MTUxNzcyMTY4NSwiZXhwIjoxNTE3ODQxNjg1LCJuYmYiOiIiLCJ1dWlkIjoiZDc1OTdkZDktNTcxYS1kYmYxLTUwMzAtNTk3YjQ4YzFhODE1In0.q8cB_eJNummmDcuNFaKuVeTxXX_mVNssn2cN_-1B5lk [运行时间：0.385597s][吞吐率：2.59req/s] [内存消耗：2,497.54kb] [文件加载：56]
[ info ] [ LANG ] D:\textgulp\chenchen.wms.cn\php\thinkphp\lang\zh-cn.php
[ info ] [ ROUTE ] array (
  'type' => 'module',
  'module' => 
  array (
    0 => 'api',
    1 => 'auth',
    2 => 'com_list',
  ),
)
[ info ] [ HEADER ] array (
  'cookie' => 'PHPSESSID=tlv608kagggvvun2lffanpaua5',
  'accept-language' => 'zh-CN,zh;q=0.9',
  'accept-encoding' => 'gzip, deflate',
  'referer' => 'http://wms.chenchen.cn/main.html',
  'content-type' => 'application/x-www-form-urlencoded',
  'user-agent' => 'Mozilla/5.0 (Windows NT 10.0; WOW64) AppleWebKit/537.36 (KHTML, like Gecko) Chrome/65.0.3325.19 Safari/537.36',
  'origin' => 'http://wms.chenchen.cn',
  'accept' => 'application/json, text/plain, */*',
  'content-length' => '52',
  'connection' => 'close',
  'host' => 'wms.chenchen.cn',
)
[ info ] [ PARAM ] array (
  'token' => 'eyJ0eXAiOiJKV1QiLCJhbGciOiJIUzI1NiJ9.eyJpc3MiOiJodHRwOlwvXC9hcGkueXNqaWFuemh1LmNvbSIsImF1ZCI6Imh0dHA6XC9cL3poYW9waW4ueXNqaWFuemh1LmNvbSIsImlhdCI6MTUxNzcyMTY4NSwiZXhwIjoxNTE3ODQxNjg1LCJuYmYiOiIiLCJ1dWlkIjoiZDc1OTdkZDktNTcxYS1kYmYxLTUwMzAtNTk3YjQ4YzFhODE1In0.q8cB_eJNummmDcuNFaKuVeTxXX_mVNssn2cN_-1B5lk',
  'codeid' => 'CqNdN9bS_aPvjiQ',
  'c_alias' => 'QS_diary',
  'orderstrid' => '3',
)
[ info ] [ CACHE ] INIT File
[ info ] [ RUN ] app\api\controller\Auth->com_list[ D:\textgulp\chenchen.wms.cn\php\application\api\controller\Auth.php ]
[ info ] [ SESSION ] INIT array (
  'id' => '',
  'var_session_id' => '',
  'prefix' => 'think',
  'type' => '',
  'auto_start' => true,
)
[ info ] [ DB ] INIT mysql
[ info ] [ LOG ] INIT File
[ sql ] [ DB ] CONNECT:[ UseTime:0.002713s ] mysql:dbname=xiaochen;host=127.0.0.1;port=3306;charset=utf8
[ sql ] [ SQL ] SHOW COLUMNS FROM `ys_system_conf` [ RunTime:0.010425s ]
[ sql ] [ SQL ] SELECT * FROM `ys_system_conf` WHERE  `tbnum` = 5  AND `isdel` = 0 LIMIT 1 [ RunTime:0.000467s ]
[ sql ] [ SQL ] SHOW COLUMNS FROM `ys_dict` [ RunTime:0.179559s ]
[ sql ] [ SQL ] SELECT * FROM `ys_dict` WHERE  `c_alias` = 'QS_diary'  AND `isdel` = 0 ORDER BY createtime asc [ RunTime:0.079701s ]
[ sql ] [ SQL ] SELECT * FROM `ys_system_conf` WHERE  `tbnum` = 5  AND `isdel` = 0 LIMIT 1 [ RunTime:0.001539s ]

---------------------------------------------------------------
[ 2018-02-04T13:21:32+08:00 ] 127.0.0.1 127.0.0.1 POST /index.php/auth/beijing_detail?token=eyJ0eXAiOiJKV1QiLCJhbGciOiJIUzI1NiJ9.eyJpc3MiOiJodHRwOlwvXC9hcGkueXNqaWFuemh1LmNvbSIsImF1ZCI6Imh0dHA6XC9cL3poYW9waW4ueXNqaWFuemh1LmNvbSIsImlhdCI6MTUxNzcyMTY4NSwiZXhwIjoxNTE3ODQxNjg1LCJuYmYiOiIiLCJ1dWlkIjoiZDc1OTdkZDktNTcxYS1kYmYxLTUwMzAtNTk3YjQ4YzFhODE1In0.q8cB_eJNummmDcuNFaKuVeTxXX_mVNssn2cN_-1B5lk
[ log ] wms.chenchen.cn/index.php/auth/beijing_detail?token=eyJ0eXAiOiJKV1QiLCJhbGciOiJIUzI1NiJ9.eyJpc3MiOiJodHRwOlwvXC9hcGkueXNqaWFuemh1LmNvbSIsImF1ZCI6Imh0dHA6XC9cL3poYW9waW4ueXNqaWFuemh1LmNvbSIsImlhdCI6MTUxNzcyMTY4NSwiZXhwIjoxNTE3ODQxNjg1LCJuYmYiOiIiLCJ1dWlkIjoiZDc1OTdkZDktNTcxYS1kYmYxLTUwMzAtNTk3YjQ4YzFhODE1In0.q8cB_eJNummmDcuNFaKuVeTxXX_mVNssn2cN_-1B5lk [运行时间：0.486923s][吞吐率：2.05req/s] [内存消耗：2,507.48kb] [文件加载：56]
[ info ] [ LANG ] D:\textgulp\chenchen.wms.cn\php\thinkphp\lang\zh-cn.php
[ info ] [ ROUTE ] array (
  'type' => 'module',
  'module' => 
  array (
    0 => 'api',
    1 => 'auth',
    2 => 'beijing_detail',
  ),
)
[ info ] [ HEADER ] array (
  'cookie' => 'PHPSESSID=tlv608kagggvvun2lffanpaua5',
  'accept-language' => 'zh-CN,zh;q=0.9',
  'accept-encoding' => 'gzip, deflate',
  'referer' => 'http://wms.chenchen.cn/main.html',
  'content-type' => 'application/x-www-form-urlencoded',
  'user-agent' => 'Mozilla/5.0 (Windows NT 10.0; WOW64) AppleWebKit/537.36 (KHTML, like Gecko) Chrome/65.0.3325.19 Safari/537.36',
  'origin' => 'http://wms.chenchen.cn',
  'accept' => 'application/json, text/plain, */*',
  'content-length' => '21',
  'connection' => 'close',
  'host' => 'wms.chenchen.cn',
)
[ info ] [ PARAM ] array (
  'token' => 'eyJ0eXAiOiJKV1QiLCJhbGciOiJIUzI1NiJ9.eyJpc3MiOiJodHRwOlwvXC9hcGkueXNqaWFuemh1LmNvbSIsImF1ZCI6Imh0dHA6XC9cL3poYW9waW4ueXNqaWFuemh1LmNvbSIsImlhdCI6MTUxNzcyMTY4NSwiZXhwIjoxNTE3ODQxNjg1LCJuYmYiOiIiLCJ1dWlkIjoiZDc1OTdkZDktNTcxYS1kYmYxLTUwMzAtNTk3YjQ4YzFhODE1In0.q8cB_eJNummmDcuNFaKuVeTxXX_mVNssn2cN_-1B5lk',
  'codeid' => 'CPZRbILQrvzniQ',
)
[ info ] [ CACHE ] INIT File
[ info ] [ RUN ] app\api\controller\Auth->beijing_detail[ D:\textgulp\chenchen.wms.cn\php\application\api\controller\Auth.php ]
[ info ] [ SESSION ] INIT array (
  'id' => '',
  'var_session_id' => '',
  'prefix' => 'think',
  'type' => '',
  'auto_start' => true,
)
[ info ] [ DB ] INIT mysql
[ info ] [ LOG ] INIT File
[ sql ] [ DB ] CONNECT:[ UseTime:0.012716s ] mysql:dbname=xiaochen;host=127.0.0.1;port=3306;charset=utf8
[ sql ] [ SQL ] SHOW COLUMNS FROM `ys_system_conf` [ RunTime:0.021975s ]
[ sql ] [ SQL ] SELECT * FROM `ys_system_conf` WHERE  `tbnum` = 1  AND `isdel` = 0 LIMIT 1 [ RunTime:0.000779s ]
[ sql ] [ SQL ] SHOW COLUMNS FROM `ys_admin_user` [ RunTime:0.015954s ]
[ sql ] [ SQL ] SELECT * FROM `ys_admin_user` WHERE  `uuid` = 'd7597dd9-571a-dbf1-5030-597b48c1a815' LIMIT 1 [ RunTime:0.000787s ]
[ sql ] [ SQL ] SHOW COLUMNS FROM `ys_article` [ RunTime:0.015375s ]
[ sql ] [ SQL ] SELECT * FROM `ys_article` WHERE  `format` = 4  AND `status` = 1  AND `uid` = 2  AND `isdel` = 0 [ RunTime:0.001026s ]
[ sql ] [ SQL ] SELECT * FROM `ys_system_conf` WHERE  `tbnum` = 1  AND `isdel` = 0 LIMIT 1 [ RunTime:0.000667s ]

---------------------------------------------------------------
[ 2018-02-04T13:21:34+08:00 ] 127.0.0.1 127.0.0.1 POST /index.php/open/menutree_select?token=eyJ0eXAiOiJKV1QiLCJhbGciOiJIUzI1NiJ9.eyJpc3MiOiJodHRwOlwvXC9hcGkueXNqaWFuemh1LmNvbSIsImF1ZCI6Imh0dHA6XC9cL3poYW9waW4ueXNqaWFuemh1LmNvbSIsImlhdCI6MTUxNzcyMTY4NSwiZXhwIjoxNTE3ODQxNjg1LCJuYmYiOiIiLCJ1dWlkIjoiZDc1OTdkZDktNTcxYS1kYmYxLTUwMzAtNTk3YjQ4YzFhODE1In0.q8cB_eJNummmDcuNFaKuVeTxXX_mVNssn2cN_-1B5lk
[ log ] wms.chenchen.cn/index.php/open/menutree_select?token=eyJ0eXAiOiJKV1QiLCJhbGciOiJIUzI1NiJ9.eyJpc3MiOiJodHRwOlwvXC9hcGkueXNqaWFuemh1LmNvbSIsImF1ZCI6Imh0dHA6XC9cL3poYW9waW4ueXNqaWFuemh1LmNvbSIsImlhdCI6MTUxNzcyMTY4NSwiZXhwIjoxNTE3ODQxNjg1LCJuYmYiOiIiLCJ1dWlkIjoiZDc1OTdkZDktNTcxYS1kYmYxLTUwMzAtNTk3YjQ4YzFhODE1In0.q8cB_eJNummmDcuNFaKuVeTxXX_mVNssn2cN_-1B5lk [运行时间：0.051686s][吞吐率：19.35req/s] [内存消耗：2,254.92kb] [文件加载：52]
[ info ] [ LANG ] D:\textgulp\chenchen.wms.cn\php\thinkphp\lang\zh-cn.php
[ info ] [ ROUTE ] array (
  'type' => 'module',
  'module' => 
  array (
    0 => 'api',
    1 => 'open',
    2 => 'menutree_select',
  ),
)
[ info ] [ HEADER ] array (
  'cookie' => 'PHPSESSID=tlv608kagggvvun2lffanpaua5',
  'accept-language' => 'zh-CN,zh;q=0.9',
  'accept-encoding' => 'gzip, deflate',
  'referer' => 'http://wms.chenchen.cn/main.html',
  'content-type' => 'application/x-www-form-urlencoded; charset=UTF-8',
  'user-agent' => 'Mozilla/5.0 (Windows NT 10.0; WOW64) AppleWebKit/537.36 (KHTML, like Gecko) Chrome/65.0.3325.19 Safari/537.36',
  'x-requested-with' => 'XMLHttpRequest',
  'origin' => 'http://wms.chenchen.cn',
  'accept' => '*/*',
  'content-length' => '7',
  'connection' => 'close',
  'host' => 'wms.chenchen.cn',
)
[ info ] [ PARAM ] array (
  'token' => 'eyJ0eXAiOiJKV1QiLCJhbGciOiJIUzI1NiJ9.eyJpc3MiOiJodHRwOlwvXC9hcGkueXNqaWFuemh1LmNvbSIsImF1ZCI6Imh0dHA6XC9cL3poYW9waW4ueXNqaWFuemh1LmNvbSIsImlhdCI6MTUxNzcyMTY4NSwiZXhwIjoxNTE3ODQxNjg1LCJuYmYiOiIiLCJ1dWlkIjoiZDc1OTdkZDktNTcxYS1kYmYxLTUwMzAtNTk3YjQ4YzFhODE1In0.q8cB_eJNummmDcuNFaKuVeTxXX_mVNssn2cN_-1B5lk',
  'debug' => '0',
)
[ info ] [ RUN ] app\api\controller\Open->menutree_select[ D:\textgulp\chenchen.wms.cn\php\application\api\controller\Open.php ]
[ info ] [ DB ] INIT mysql
[ info ] [ SESSION ] INIT array (
  'id' => '',
  'var_session_id' => '',
  'prefix' => 'think',
  'type' => '',
  'auto_start' => true,
)
[ info ] [ LOG ] INIT File
[ sql ] [ DB ] CONNECT:[ UseTime:0.000936s ] mysql:dbname=xiaochen;host=127.0.0.1;port=3306;charset=utf8
[ sql ] [ SQL ] SHOW COLUMNS FROM `ys_system_conf` [ RunTime:0.010121s ]
[ sql ] [ SQL ] SELECT * FROM `ys_system_conf` WHERE  `isdel` = 0 [ RunTime:0.000842s ]

---------------------------------------------------------------
[ 2018-02-04T13:21:34+08:00 ] 127.0.0.1 127.0.0.1 POST /index.php/open/islogin?token=eyJ0eXAiOiJKV1QiLCJhbGciOiJIUzI1NiJ9.eyJpc3MiOiJodHRwOlwvXC9hcGkueXNqaWFuemh1LmNvbSIsImF1ZCI6Imh0dHA6XC9cL3poYW9waW4ueXNqaWFuemh1LmNvbSIsImlhdCI6MTUxNzcyMTY4NSwiZXhwIjoxNTE3ODQxNjg1LCJuYmYiOiIiLCJ1dWlkIjoiZDc1OTdkZDktNTcxYS1kYmYxLTUwMzAtNTk3YjQ4YzFhODE1In0.q8cB_eJNummmDcuNFaKuVeTxXX_mVNssn2cN_-1B5lk
[ log ] wms.chenchen.cn/index.php/open/islogin?token=eyJ0eXAiOiJKV1QiLCJhbGciOiJIUzI1NiJ9.eyJpc3MiOiJodHRwOlwvXC9hcGkueXNqaWFuemh1LmNvbSIsImF1ZCI6Imh0dHA6XC9cL3poYW9waW4ueXNqaWFuemh1LmNvbSIsImlhdCI6MTUxNzcyMTY4NSwiZXhwIjoxNTE3ODQxNjg1LCJuYmYiOiIiLCJ1dWlkIjoiZDc1OTdkZDktNTcxYS1kYmYxLTUwMzAtNTk3YjQ4YzFhODE1In0.q8cB_eJNummmDcuNFaKuVeTxXX_mVNssn2cN_-1B5lk [运行时间：0.030726s][吞吐率：32.55req/s] [内存消耗：1,784.10kb] [文件加载：49]
[ info ] [ LANG ] D:\textgulp\chenchen.wms.cn\php\thinkphp\lang\zh-cn.php
[ info ] [ ROUTE ] array (
  'type' => 'module',
  'module' => 
  array (
    0 => 'api',
    1 => 'open',
    2 => 'islogin',
  ),
)
[ info ] [ HEADER ] array (
  'cookie' => 'PHPSESSID=tlv608kagggvvun2lffanpaua5',
  'accept-language' => 'zh-CN,zh;q=0.9',
  'accept-encoding' => 'gzip, deflate',
  'referer' => 'http://wms.chenchen.cn/main.html',
  'user-agent' => 'Mozilla/5.0 (Windows NT 10.0; WOW64) AppleWebKit/537.36 (KHTML, like Gecko) Chrome/65.0.3325.19 Safari/537.36',
  'x-requested-with' => 'XMLHttpRequest',
  'origin' => 'http://wms.chenchen.cn',
  'accept' => '*/*',
  'content-length' => '0',
  'connection' => 'close',
  'host' => 'wms.chenchen.cn',
)
[ info ] [ PARAM ] array (
  'token' => 'eyJ0eXAiOiJKV1QiLCJhbGciOiJIUzI1NiJ9.eyJpc3MiOiJodHRwOlwvXC9hcGkueXNqaWFuemh1LmNvbSIsImF1ZCI6Imh0dHA6XC9cL3poYW9waW4ueXNqaWFuemh1LmNvbSIsImlhdCI6MTUxNzcyMTY4NSwiZXhwIjoxNTE3ODQxNjg1LCJuYmYiOiIiLCJ1dWlkIjoiZDc1OTdkZDktNTcxYS1kYmYxLTUwMzAtNTk3YjQ4YzFhODE1In0.q8cB_eJNummmDcuNFaKuVeTxXX_mVNssn2cN_-1B5lk',
)
[ info ] [ RUN ] app\api\controller\Open->islogin[ D:\textgulp\chenchen.wms.cn\php\application\api\controller\Open.php ]
[ info ] [ CACHE ] INIT File
[ info ] [ LOG ] INIT File

---------------------------------------------------------------
[ 2018-02-04T13:21:35+08:00 ] 127.0.0.1 127.0.0.1 POST /index.php/auth/mycom_list?token=eyJ0eXAiOiJKV1QiLCJhbGciOiJIUzI1NiJ9.eyJpc3MiOiJodHRwOlwvXC9hcGkueXNqaWFuemh1LmNvbSIsImF1ZCI6Imh0dHA6XC9cL3poYW9waW4ueXNqaWFuemh1LmNvbSIsImlhdCI6MTUxNzcyMTY4NSwiZXhwIjoxNTE3ODQxNjg1LCJuYmYiOiIiLCJ1dWlkIjoiZDc1OTdkZDktNTcxYS1kYmYxLTUwMzAtNTk3YjQ4YzFhODE1In0.q8cB_eJNummmDcuNFaKuVeTxXX_mVNssn2cN_-1B5lk
[ log ] wms.chenchen.cn/index.php/auth/mycom_list?token=eyJ0eXAiOiJKV1QiLCJhbGciOiJIUzI1NiJ9.eyJpc3MiOiJodHRwOlwvXC9hcGkueXNqaWFuemh1LmNvbSIsImF1ZCI6Imh0dHA6XC9cL3poYW9waW4ueXNqaWFuemh1LmNvbSIsImlhdCI6MTUxNzcyMTY4NSwiZXhwIjoxNTE3ODQxNjg1LCJuYmYiOiIiLCJ1dWlkIjoiZDc1OTdkZDktNTcxYS1kYmYxLTUwMzAtNTk3YjQ4YzFhODE1In0.q8cB_eJNummmDcuNFaKuVeTxXX_mVNssn2cN_-1B5lk [运行时间：0.309022s][吞吐率：3.24req/s] [内存消耗：2,507.48kb] [文件加载：56]
[ info ] [ LANG ] D:\textgulp\chenchen.wms.cn\php\thinkphp\lang\zh-cn.php
[ info ] [ ROUTE ] array (
  'type' => 'module',
  'module' => 
  array (
    0 => 'api',
    1 => 'auth',
    2 => 'mycom_list',
  ),
)
[ info ] [ HEADER ] array (
  'cookie' => 'PHPSESSID=tlv608kagggvvun2lffanpaua5',
  'accept-language' => 'zh-CN,zh;q=0.9',
  'accept-encoding' => 'gzip, deflate',
  'referer' => 'http://wms.chenchen.cn/main.html',
  'content-type' => 'application/x-www-form-urlencoded',
  'user-agent' => 'Mozilla/5.0 (Windows NT 10.0; WOW64) AppleWebKit/537.36 (KHTML, like Gecko) Chrome/65.0.3325.19 Safari/537.36',
  'origin' => 'http://wms.chenchen.cn',
  'accept' => 'application/json, text/plain, */*',
  'content-length' => '30',
  'connection' => 'close',
  'host' => 'wms.chenchen.cn',
)
[ info ] [ PARAM ] array (
  'token' => 'eyJ0eXAiOiJKV1QiLCJhbGciOiJIUzI1NiJ9.eyJpc3MiOiJodHRwOlwvXC9hcGkueXNqaWFuemh1LmNvbSIsImF1ZCI6Imh0dHA6XC9cL3poYW9waW4ueXNqaWFuemh1LmNvbSIsImlhdCI6MTUxNzcyMTY4NSwiZXhwIjoxNTE3ODQxNjg1LCJuYmYiOiIiLCJ1dWlkIjoiZDc1OTdkZDktNTcxYS1kYmYxLTUwMzAtNTk3YjQ4YzFhODE1In0.q8cB_eJNummmDcuNFaKuVeTxXX_mVNssn2cN_-1B5lk',
  'codeid' => 'CPZRbILQrvzniQ',
  'format' => '3',
)
[ info ] [ CACHE ] INIT File
[ info ] [ RUN ] app\api\controller\Auth->mycom_list[ D:\textgulp\chenchen.wms.cn\php\application\api\controller\Auth.php ]
[ info ] [ SESSION ] INIT array (
  'id' => '',
  'var_session_id' => '',
  'prefix' => 'think',
  'type' => '',
  'auto_start' => true,
)
[ info ] [ DB ] INIT mysql
[ info ] [ LOG ] INIT File
[ sql ] [ DB ] CONNECT:[ UseTime:0.000832s ] mysql:dbname=xiaochen;host=127.0.0.1;port=3306;charset=utf8
[ sql ] [ SQL ] SHOW COLUMNS FROM `ys_system_conf` [ RunTime:0.109086s ]
[ sql ] [ SQL ] SELECT * FROM `ys_system_conf` WHERE  `tbnum` = 1  AND `isdel` = 0 LIMIT 1 [ RunTime:0.000579s ]
[ sql ] [ SQL ] SHOW COLUMNS FROM `ys_admin_user` [ RunTime:0.061192s ]
[ sql ] [ SQL ] SELECT * FROM `ys_admin_user` WHERE  `uuid` = 'd7597dd9-571a-dbf1-5030-597b48c1a815' LIMIT 1 [ RunTime:0.001576s ]
[ sql ] [ SQL ] SHOW COLUMNS FROM `ys_article` [ RunTime:0.028237s ]
[ sql ] [ SQL ] SELECT * FROM `ys_article` WHERE  `format` = 3  AND `uid` = 2  AND `isdel` = 0 [ RunTime:0.001924s ]
[ sql ] [ SQL ] SELECT * FROM `ys_system_conf` WHERE  `tbnum` = 1  AND `isdel` = 0 LIMIT 1 [ RunTime:0.001168s ]

---------------------------------------------------------------
[ 2018-02-04T13:21:39+08:00 ] 127.0.0.1 127.0.0.1 POST /index.php/open/menutree_select?token=eyJ0eXAiOiJKV1QiLCJhbGciOiJIUzI1NiJ9.eyJpc3MiOiJodHRwOlwvXC9hcGkueXNqaWFuemh1LmNvbSIsImF1ZCI6Imh0dHA6XC9cL3poYW9waW4ueXNqaWFuemh1LmNvbSIsImlhdCI6MTUxNzcyMTY4NSwiZXhwIjoxNTE3ODQxNjg1LCJuYmYiOiIiLCJ1dWlkIjoiZDc1OTdkZDktNTcxYS1kYmYxLTUwMzAtNTk3YjQ4YzFhODE1In0.q8cB_eJNummmDcuNFaKuVeTxXX_mVNssn2cN_-1B5lk
[ log ] wms.chenchen.cn/index.php/open/menutree_select?token=eyJ0eXAiOiJKV1QiLCJhbGciOiJIUzI1NiJ9.eyJpc3MiOiJodHRwOlwvXC9hcGkueXNqaWFuemh1LmNvbSIsImF1ZCI6Imh0dHA6XC9cL3poYW9waW4ueXNqaWFuemh1LmNvbSIsImlhdCI6MTUxNzcyMTY4NSwiZXhwIjoxNTE3ODQxNjg1LCJuYmYiOiIiLCJ1dWlkIjoiZDc1OTdkZDktNTcxYS1kYmYxLTUwMzAtNTk3YjQ4YzFhODE1In0.q8cB_eJNummmDcuNFaKuVeTxXX_mVNssn2cN_-1B5lk [运行时间：0.073898s][吞吐率：13.53req/s] [内存消耗：2,254.92kb] [文件加载：52]
[ info ] [ LANG ] D:\textgulp\chenchen.wms.cn\php\thinkphp\lang\zh-cn.php
[ info ] [ ROUTE ] array (
  'type' => 'module',
  'module' => 
  array (
    0 => 'api',
    1 => 'open',
    2 => 'menutree_select',
  ),
)
[ info ] [ HEADER ] array (
  'cookie' => 'PHPSESSID=tlv608kagggvvun2lffanpaua5',
  'accept-language' => 'zh-CN,zh;q=0.9',
  'accept-encoding' => 'gzip, deflate',
  'referer' => 'http://wms.chenchen.cn/main.html',
  'content-type' => 'application/x-www-form-urlencoded; charset=UTF-8',
  'user-agent' => 'Mozilla/5.0 (Windows NT 10.0; WOW64) AppleWebKit/537.36 (KHTML, like Gecko) Chrome/65.0.3325.19 Safari/537.36',
  'x-requested-with' => 'XMLHttpRequest',
  'origin' => 'http://wms.chenchen.cn',
  'accept' => '*/*',
  'content-length' => '7',
  'connection' => 'close',
  'host' => 'wms.chenchen.cn',
)
[ info ] [ PARAM ] array (
  'token' => 'eyJ0eXAiOiJKV1QiLCJhbGciOiJIUzI1NiJ9.eyJpc3MiOiJodHRwOlwvXC9hcGkueXNqaWFuemh1LmNvbSIsImF1ZCI6Imh0dHA6XC9cL3poYW9waW4ueXNqaWFuemh1LmNvbSIsImlhdCI6MTUxNzcyMTY4NSwiZXhwIjoxNTE3ODQxNjg1LCJuYmYiOiIiLCJ1dWlkIjoiZDc1OTdkZDktNTcxYS1kYmYxLTUwMzAtNTk3YjQ4YzFhODE1In0.q8cB_eJNummmDcuNFaKuVeTxXX_mVNssn2cN_-1B5lk',
  'debug' => '0',
)
[ info ] [ RUN ] app\api\controller\Open->menutree_select[ D:\textgulp\chenchen.wms.cn\php\application\api\controller\Open.php ]
[ info ] [ DB ] INIT mysql
[ info ] [ SESSION ] INIT array (
  'id' => '',
  'var_session_id' => '',
  'prefix' => 'think',
  'type' => '',
  'auto_start' => true,
)
[ info ] [ LOG ] INIT File
[ sql ] [ DB ] CONNECT:[ UseTime:0.000875s ] mysql:dbname=xiaochen;host=127.0.0.1;port=3306;charset=utf8
[ sql ] [ SQL ] SHOW COLUMNS FROM `ys_system_conf` [ RunTime:0.030813s ]
[ sql ] [ SQL ] SELECT * FROM `ys_system_conf` WHERE  `isdel` = 0 [ RunTime:0.000834s ]

---------------------------------------------------------------
[ 2018-02-04T13:21:39+08:00 ] 127.0.0.1 127.0.0.1 POST /index.php/open/islogin?token=eyJ0eXAiOiJKV1QiLCJhbGciOiJIUzI1NiJ9.eyJpc3MiOiJodHRwOlwvXC9hcGkueXNqaWFuemh1LmNvbSIsImF1ZCI6Imh0dHA6XC9cL3poYW9waW4ueXNqaWFuemh1LmNvbSIsImlhdCI6MTUxNzcyMTY4NSwiZXhwIjoxNTE3ODQxNjg1LCJuYmYiOiIiLCJ1dWlkIjoiZDc1OTdkZDktNTcxYS1kYmYxLTUwMzAtNTk3YjQ4YzFhODE1In0.q8cB_eJNummmDcuNFaKuVeTxXX_mVNssn2cN_-1B5lk
[ log ] wms.chenchen.cn/index.php/open/islogin?token=eyJ0eXAiOiJKV1QiLCJhbGciOiJIUzI1NiJ9.eyJpc3MiOiJodHRwOlwvXC9hcGkueXNqaWFuemh1LmNvbSIsImF1ZCI6Imh0dHA6XC9cL3poYW9waW4ueXNqaWFuemh1LmNvbSIsImlhdCI6MTUxNzcyMTY4NSwiZXhwIjoxNTE3ODQxNjg1LCJuYmYiOiIiLCJ1dWlkIjoiZDc1OTdkZDktNTcxYS1kYmYxLTUwMzAtNTk3YjQ4YzFhODE1In0.q8cB_eJNummmDcuNFaKuVeTxXX_mVNssn2cN_-1B5lk [运行时间：0.032196s][吞吐率：31.06req/s] [内存消耗：1,784.10kb] [文件加载：49]
[ info ] [ LANG ] D:\textgulp\chenchen.wms.cn\php\thinkphp\lang\zh-cn.php
[ info ] [ ROUTE ] array (
  'type' => 'module',
  'module' => 
  array (
    0 => 'api',
    1 => 'open',
    2 => 'islogin',
  ),
)
[ info ] [ HEADER ] array (
  'cookie' => 'PHPSESSID=tlv608kagggvvun2lffanpaua5',
  'accept-language' => 'zh-CN,zh;q=0.9',
  'accept-encoding' => 'gzip, deflate',
  'referer' => 'http://wms.chenchen.cn/main.html',
  'user-agent' => 'Mozilla/5.0 (Windows NT 10.0; WOW64) AppleWebKit/537.36 (KHTML, like Gecko) Chrome/65.0.3325.19 Safari/537.36',
  'x-requested-with' => 'XMLHttpRequest',
  'origin' => 'http://wms.chenchen.cn',
  'accept' => '*/*',
  'content-length' => '0',
  'connection' => 'close',
  'host' => 'wms.chenchen.cn',
)
[ info ] [ PARAM ] array (
  'token' => 'eyJ0eXAiOiJKV1QiLCJhbGciOiJIUzI1NiJ9.eyJpc3MiOiJodHRwOlwvXC9hcGkueXNqaWFuemh1LmNvbSIsImF1ZCI6Imh0dHA6XC9cL3poYW9waW4ueXNqaWFuemh1LmNvbSIsImlhdCI6MTUxNzcyMTY4NSwiZXhwIjoxNTE3ODQxNjg1LCJuYmYiOiIiLCJ1dWlkIjoiZDc1OTdkZDktNTcxYS1kYmYxLTUwMzAtNTk3YjQ4YzFhODE1In0.q8cB_eJNummmDcuNFaKuVeTxXX_mVNssn2cN_-1B5lk',
)
[ info ] [ RUN ] app\api\controller\Open->islogin[ D:\textgulp\chenchen.wms.cn\php\application\api\controller\Open.php ]
[ info ] [ CACHE ] INIT File
[ info ] [ LOG ] INIT File

---------------------------------------------------------------
[ 2018-02-04T13:21:39+08:00 ] 127.0.0.1 127.0.0.1 POST /index.php/auth/com_list?token=eyJ0eXAiOiJKV1QiLCJhbGciOiJIUzI1NiJ9.eyJpc3MiOiJodHRwOlwvXC9hcGkueXNqaWFuemh1LmNvbSIsImF1ZCI6Imh0dHA6XC9cL3poYW9waW4ueXNqaWFuemh1LmNvbSIsImlhdCI6MTUxNzcyMTY4NSwiZXhwIjoxNTE3ODQxNjg1LCJuYmYiOiIiLCJ1dWlkIjoiZDc1OTdkZDktNTcxYS1kYmYxLTUwMzAtNTk3YjQ4YzFhODE1In0.q8cB_eJNummmDcuNFaKuVeTxXX_mVNssn2cN_-1B5lk
[ log ] wms.chenchen.cn/index.php/auth/com_list?token=eyJ0eXAiOiJKV1QiLCJhbGciOiJIUzI1NiJ9.eyJpc3MiOiJodHRwOlwvXC9hcGkueXNqaWFuemh1LmNvbSIsImF1ZCI6Imh0dHA6XC9cL3poYW9waW4ueXNqaWFuemh1LmNvbSIsImlhdCI6MTUxNzcyMTY4NSwiZXhwIjoxNTE3ODQxNjg1LCJuYmYiOiIiLCJ1dWlkIjoiZDc1OTdkZDktNTcxYS1kYmYxLTUwMzAtNTk3YjQ4YzFhODE1In0.q8cB_eJNummmDcuNFaKuVeTxXX_mVNssn2cN_-1B5lk [运行时间：0.118574s][吞吐率：8.43req/s] [内存消耗：2,499.16kb] [文件加载：56]
[ info ] [ LANG ] D:\textgulp\chenchen.wms.cn\php\thinkphp\lang\zh-cn.php
[ info ] [ ROUTE ] array (
  'type' => 'module',
  'module' => 
  array (
    0 => 'api',
    1 => 'auth',
    2 => 'com_list',
  ),
)
[ info ] [ HEADER ] array (
  'cookie' => 'PHPSESSID=tlv608kagggvvun2lffanpaua5',
  'accept-language' => 'zh-CN,zh;q=0.9',
  'accept-encoding' => 'gzip, deflate',
  'referer' => 'http://wms.chenchen.cn/main.html',
  'content-type' => 'application/x-www-form-urlencoded',
  'user-agent' => 'Mozilla/5.0 (Windows NT 10.0; WOW64) AppleWebKit/537.36 (KHTML, like Gecko) Chrome/65.0.3325.19 Safari/537.36',
  'origin' => 'http://wms.chenchen.cn',
  'accept' => 'application/json, text/plain, */*',
  'content-length' => '52',
  'connection' => 'close',
  'host' => 'wms.chenchen.cn',
)
[ info ] [ PARAM ] array (
  'token' => 'eyJ0eXAiOiJKV1QiLCJhbGciOiJIUzI1NiJ9.eyJpc3MiOiJodHRwOlwvXC9hcGkueXNqaWFuemh1LmNvbSIsImF1ZCI6Imh0dHA6XC9cL3poYW9waW4ueXNqaWFuemh1LmNvbSIsImlhdCI6MTUxNzcyMTY4NSwiZXhwIjoxNTE3ODQxNjg1LCJuYmYiOiIiLCJ1dWlkIjoiZDc1OTdkZDktNTcxYS1kYmYxLTUwMzAtNTk3YjQ4YzFhODE1In0.q8cB_eJNummmDcuNFaKuVeTxXX_mVNssn2cN_-1B5lk',
  'codeid' => 'CPZRbILQrvzniQ',
  'diarytype' => '1',
  'top' => '3',
  'orderstrid' => '2',
)
[ info ] [ CACHE ] INIT File
[ info ] [ RUN ] app\api\controller\Auth->com_list[ D:\textgulp\chenchen.wms.cn\php\application\api\controller\Auth.php ]
[ info ] [ SESSION ] INIT array (
  'id' => '',
  'var_session_id' => '',
  'prefix' => 'think',
  'type' => '',
  'auto_start' => true,
)
[ info ] [ DB ] INIT mysql
[ info ] [ LOG ] INIT File
[ sql ] [ DB ] CONNECT:[ UseTime:0.001186s ] mysql:dbname=xiaochen;host=127.0.0.1;port=3306;charset=utf8
[ sql ] [ SQL ] SHOW COLUMNS FROM `ys_system_conf` [ RunTime:0.015482s ]
[ sql ] [ SQL ] SELECT * FROM `ys_system_conf` WHERE  `tbnum` = 1  AND `isdel` = 0 LIMIT 1 [ RunTime:0.000782s ]
[ sql ] [ SQL ] SHOW COLUMNS FROM `ys_article` [ RunTime:0.014849s ]
[ sql ] [ SQL ] SELECT * FROM `ys_article` WHERE  `diarytype` = 1  AND `isdel` = 0 ORDER BY createtime desc LIMIT 3 [ RunTime:0.001088s ]
[ sql ] [ SQL ] SELECT * FROM `ys_system_conf` WHERE  `tbnum` = 1  AND `isdel` = 0 LIMIT 1 [ RunTime:0.000570s ]

---------------------------------------------------------------
[ 2018-02-04T13:21:39+08:00 ] 127.0.0.1 127.0.0.1 POST /index.php/auth/com_list?token=eyJ0eXAiOiJKV1QiLCJhbGciOiJIUzI1NiJ9.eyJpc3MiOiJodHRwOlwvXC9hcGkueXNqaWFuemh1LmNvbSIsImF1ZCI6Imh0dHA6XC9cL3poYW9waW4ueXNqaWFuemh1LmNvbSIsImlhdCI6MTUxNzcyMTY4NSwiZXhwIjoxNTE3ODQxNjg1LCJuYmYiOiIiLCJ1dWlkIjoiZDc1OTdkZDktNTcxYS1kYmYxLTUwMzAtNTk3YjQ4YzFhODE1In0.q8cB_eJNummmDcuNFaKuVeTxXX_mVNssn2cN_-1B5lk
[ log ] wms.chenchen.cn/index.php/auth/com_list?token=eyJ0eXAiOiJKV1QiLCJhbGciOiJIUzI1NiJ9.eyJpc3MiOiJodHRwOlwvXC9hcGkueXNqaWFuemh1LmNvbSIsImF1ZCI6Imh0dHA6XC9cL3poYW9waW4ueXNqaWFuemh1LmNvbSIsImlhdCI6MTUxNzcyMTY4NSwiZXhwIjoxNTE3ODQxNjg1LCJuYmYiOiIiLCJ1dWlkIjoiZDc1OTdkZDktNTcxYS1kYmYxLTUwMzAtNTk3YjQ4YzFhODE1In0.q8cB_eJNummmDcuNFaKuVeTxXX_mVNssn2cN_-1B5lk [运行时间：0.175283s][吞吐率：5.71req/s] [内存消耗：2,498.70kb] [文件加载：56]
[ info ] [ LANG ] D:\textgulp\chenchen.wms.cn\php\thinkphp\lang\zh-cn.php
[ info ] [ ROUTE ] array (
  'type' => 'module',
  'module' => 
  array (
    0 => 'api',
    1 => 'auth',
    2 => 'com_list',
  ),
)
[ info ] [ HEADER ] array (
  'cookie' => 'PHPSESSID=tlv608kagggvvun2lffanpaua5',
  'accept-language' => 'zh-CN,zh;q=0.9',
  'accept-encoding' => 'gzip, deflate',
  'referer' => 'http://wms.chenchen.cn/main.html',
  'content-type' => 'application/x-www-form-urlencoded',
  'user-agent' => 'Mozilla/5.0 (Windows NT 10.0; WOW64) AppleWebKit/537.36 (KHTML, like Gecko) Chrome/65.0.3325.19 Safari/537.36',
  'origin' => 'http://wms.chenchen.cn',
  'accept' => 'application/json, text/plain, */*',
  'content-length' => '52',
  'connection' => 'close',
  'host' => 'wms.chenchen.cn',
)
[ info ] [ PARAM ] array (
  'token' => 'eyJ0eXAiOiJKV1QiLCJhbGciOiJIUzI1NiJ9.eyJpc3MiOiJodHRwOlwvXC9hcGkueXNqaWFuemh1LmNvbSIsImF1ZCI6Imh0dHA6XC9cL3poYW9waW4ueXNqaWFuemh1LmNvbSIsImlhdCI6MTUxNzcyMTY4NSwiZXhwIjoxNTE3ODQxNjg1LCJuYmYiOiIiLCJ1dWlkIjoiZDc1OTdkZDktNTcxYS1kYmYxLTUwMzAtNTk3YjQ4YzFhODE1In0.q8cB_eJNummmDcuNFaKuVeTxXX_mVNssn2cN_-1B5lk',
  'codeid' => 'CPZRbILQrvzniQ',
  'diarytype' => '2',
  'top' => '3',
  'orderstrid' => '2',
)
[ info ] [ CACHE ] INIT File
[ info ] [ RUN ] app\api\controller\Auth->com_list[ D:\textgulp\chenchen.wms.cn\php\application\api\controller\Auth.php ]
[ info ] [ SESSION ] INIT array (
  'id' => '',
  'var_session_id' => '',
  'prefix' => 'think',
  'type' => '',
  'auto_start' => true,
)
[ info ] [ DB ] INIT mysql
[ info ] [ LOG ] INIT File
[ sql ] [ DB ] CONNECT:[ UseTime:0.001096s ] mysql:dbname=xiaochen;host=127.0.0.1;port=3306;charset=utf8
[ sql ] [ SQL ] SHOW COLUMNS FROM `ys_system_conf` [ RunTime:0.019333s ]
[ sql ] [ SQL ] SELECT * FROM `ys_system_conf` WHERE  `tbnum` = 1  AND `isdel` = 0 LIMIT 1 [ RunTime:0.000721s ]
[ sql ] [ SQL ] SHOW COLUMNS FROM `ys_article` [ RunTime:0.015368s ]
[ sql ] [ SQL ] SELECT * FROM `ys_article` WHERE  `diarytype` = 2  AND `isdel` = 0 ORDER BY createtime desc LIMIT 3 [ RunTime:0.000986s ]
[ sql ] [ SQL ] SELECT * FROM `ys_system_conf` WHERE  `tbnum` = 1  AND `isdel` = 0 LIMIT 1 [ RunTime:0.001358s ]

---------------------------------------------------------------
[ 2018-02-04T13:21:39+08:00 ] 127.0.0.1 127.0.0.1 POST /index.php/auth/com_list?token=eyJ0eXAiOiJKV1QiLCJhbGciOiJIUzI1NiJ9.eyJpc3MiOiJodHRwOlwvXC9hcGkueXNqaWFuemh1LmNvbSIsImF1ZCI6Imh0dHA6XC9cL3poYW9waW4ueXNqaWFuemh1LmNvbSIsImlhdCI6MTUxNzcyMTY4NSwiZXhwIjoxNTE3ODQxNjg1LCJuYmYiOiIiLCJ1dWlkIjoiZDc1OTdkZDktNTcxYS1kYmYxLTUwMzAtNTk3YjQ4YzFhODE1In0.q8cB_eJNummmDcuNFaKuVeTxXX_mVNssn2cN_-1B5lk
[ log ] wms.chenchen.cn/index.php/auth/com_list?token=eyJ0eXAiOiJKV1QiLCJhbGciOiJIUzI1NiJ9.eyJpc3MiOiJodHRwOlwvXC9hcGkueXNqaWFuemh1LmNvbSIsImF1ZCI6Imh0dHA6XC9cL3poYW9waW4ueXNqaWFuemh1LmNvbSIsImlhdCI6MTUxNzcyMTY4NSwiZXhwIjoxNTE3ODQxNjg1LCJuYmYiOiIiLCJ1dWlkIjoiZDc1OTdkZDktNTcxYS1kYmYxLTUwMzAtNTk3YjQ4YzFhODE1In0.q8cB_eJNummmDcuNFaKuVeTxXX_mVNssn2cN_-1B5lk [运行时间：0.205990s][吞吐率：4.85req/s] [内存消耗：2,497.54kb] [文件加载：56]
[ info ] [ LANG ] D:\textgulp\chenchen.wms.cn\php\thinkphp\lang\zh-cn.php
[ info ] [ ROUTE ] array (
  'type' => 'module',
  'module' => 
  array (
    0 => 'api',
    1 => 'auth',
    2 => 'com_list',
  ),
)
[ info ] [ HEADER ] array (
  'cookie' => 'PHPSESSID=tlv608kagggvvun2lffanpaua5',
  'accept-language' => 'zh-CN,zh;q=0.9',
  'accept-encoding' => 'gzip, deflate',
  'referer' => 'http://wms.chenchen.cn/main.html',
  'content-type' => 'application/x-www-form-urlencoded',
  'user-agent' => 'Mozilla/5.0 (Windows NT 10.0; WOW64) AppleWebKit/537.36 (KHTML, like Gecko) Chrome/65.0.3325.19 Safari/537.36',
  'origin' => 'http://wms.chenchen.cn',
  'accept' => 'application/json, text/plain, */*',
  'content-length' => '52',
  'connection' => 'close',
  'host' => 'wms.chenchen.cn',
)
[ info ] [ PARAM ] array (
  'token' => 'eyJ0eXAiOiJKV1QiLCJhbGciOiJIUzI1NiJ9.eyJpc3MiOiJodHRwOlwvXC9hcGkueXNqaWFuemh1LmNvbSIsImF1ZCI6Imh0dHA6XC9cL3poYW9waW4ueXNqaWFuemh1LmNvbSIsImlhdCI6MTUxNzcyMTY4NSwiZXhwIjoxNTE3ODQxNjg1LCJuYmYiOiIiLCJ1dWlkIjoiZDc1OTdkZDktNTcxYS1kYmYxLTUwMzAtNTk3YjQ4YzFhODE1In0.q8cB_eJNummmDcuNFaKuVeTxXX_mVNssn2cN_-1B5lk',
  'codeid' => 'CqNdN9bS_aPvjiQ',
  'c_alias' => 'QS_diary',
  'orderstrid' => '3',
)
[ info ] [ CACHE ] INIT File
[ info ] [ RUN ] app\api\controller\Auth->com_list[ D:\textgulp\chenchen.wms.cn\php\application\api\controller\Auth.php ]
[ info ] [ SESSION ] INIT array (
  'id' => '',
  'var_session_id' => '',
  'prefix' => 'think',
  'type' => '',
  'auto_start' => true,
)
[ info ] [ DB ] INIT mysql
[ info ] [ LOG ] INIT File
[ sql ] [ DB ] CONNECT:[ UseTime:0.000673s ] mysql:dbname=xiaochen;host=127.0.0.1;port=3306;charset=utf8
[ sql ] [ SQL ] SHOW COLUMNS FROM `ys_system_conf` [ RunTime:0.008090s ]
[ sql ] [ SQL ] SELECT * FROM `ys_system_conf` WHERE  `tbnum` = 5  AND `isdel` = 0 LIMIT 1 [ RunTime:0.000560s ]
[ sql ] [ SQL ] SHOW COLUMNS FROM `ys_dict` [ RunTime:0.009375s ]
[ sql ] [ SQL ] SELECT * FROM `ys_dict` WHERE  `c_alias` = 'QS_diary'  AND `isdel` = 0 ORDER BY createtime asc [ RunTime:0.000658s ]
[ sql ] [ SQL ] SELECT * FROM `ys_system_conf` WHERE  `tbnum` = 5  AND `isdel` = 0 LIMIT 1 [ RunTime:0.000385s ]

---------------------------------------------------------------
[ 2018-02-04T13:21:39+08:00 ] 127.0.0.1 127.0.0.1 POST /index.php/auth/com_list?token=eyJ0eXAiOiJKV1QiLCJhbGciOiJIUzI1NiJ9.eyJpc3MiOiJodHRwOlwvXC9hcGkueXNqaWFuemh1LmNvbSIsImF1ZCI6Imh0dHA6XC9cL3poYW9waW4ueXNqaWFuemh1LmNvbSIsImlhdCI6MTUxNzcyMTY4NSwiZXhwIjoxNTE3ODQxNjg1LCJuYmYiOiIiLCJ1dWlkIjoiZDc1OTdkZDktNTcxYS1kYmYxLTUwMzAtNTk3YjQ4YzFhODE1In0.q8cB_eJNummmDcuNFaKuVeTxXX_mVNssn2cN_-1B5lk
[ log ] wms.chenchen.cn/index.php/auth/com_list?token=eyJ0eXAiOiJKV1QiLCJhbGciOiJIUzI1NiJ9.eyJpc3MiOiJodHRwOlwvXC9hcGkueXNqaWFuemh1LmNvbSIsImF1ZCI6Imh0dHA6XC9cL3poYW9waW4ueXNqaWFuemh1LmNvbSIsImlhdCI6MTUxNzcyMTY4NSwiZXhwIjoxNTE3ODQxNjg1LCJuYmYiOiIiLCJ1dWlkIjoiZDc1OTdkZDktNTcxYS1kYmYxLTUwMzAtNTk3YjQ4YzFhODE1In0.q8cB_eJNummmDcuNFaKuVeTxXX_mVNssn2cN_-1B5lk [运行时间：0.250046s][吞吐率：4.00req/s] [内存消耗：2,498.70kb] [文件加载：56]
[ info ] [ LANG ] D:\textgulp\chenchen.wms.cn\php\thinkphp\lang\zh-cn.php
[ info ] [ ROUTE ] array (
  'type' => 'module',
  'module' => 
  array (
    0 => 'api',
    1 => 'auth',
    2 => 'com_list',
  ),
)
[ info ] [ HEADER ] array (
  'cookie' => 'PHPSESSID=tlv608kagggvvun2lffanpaua5',
  'accept-language' => 'zh-CN,zh;q=0.9',
  'accept-encoding' => 'gzip, deflate',
  'referer' => 'http://wms.chenchen.cn/main.html',
  'content-type' => 'application/x-www-form-urlencoded',
  'user-agent' => 'Mozilla/5.0 (Windows NT 10.0; WOW64) AppleWebKit/537.36 (KHTML, like Gecko) Chrome/65.0.3325.19 Safari/537.36',
  'origin' => 'http://wms.chenchen.cn',
  'accept' => 'application/json, text/plain, */*',
  'content-length' => '52',
  'connection' => 'close',
  'host' => 'wms.chenchen.cn',
)
[ info ] [ PARAM ] array (
  'token' => 'eyJ0eXAiOiJKV1QiLCJhbGciOiJIUzI1NiJ9.eyJpc3MiOiJodHRwOlwvXC9hcGkueXNqaWFuemh1LmNvbSIsImF1ZCI6Imh0dHA6XC9cL3poYW9waW4ueXNqaWFuemh1LmNvbSIsImlhdCI6MTUxNzcyMTY4NSwiZXhwIjoxNTE3ODQxNjg1LCJuYmYiOiIiLCJ1dWlkIjoiZDc1OTdkZDktNTcxYS1kYmYxLTUwMzAtNTk3YjQ4YzFhODE1In0.q8cB_eJNummmDcuNFaKuVeTxXX_mVNssn2cN_-1B5lk',
  'codeid' => 'CPZRbILQrvzniQ',
  'diarytype' => '3',
  'top' => '3',
  'orderstrid' => '2',
)
[ info ] [ CACHE ] INIT File
[ info ] [ RUN ] app\api\controller\Auth->com_list[ D:\textgulp\chenchen.wms.cn\php\application\api\controller\Auth.php ]
[ info ] [ SESSION ] INIT array (
  'id' => '',
  'var_session_id' => '',
  'prefix' => 'think',
  'type' => '',
  'auto_start' => true,
)
[ info ] [ DB ] INIT mysql
[ info ] [ LOG ] INIT File
[ sql ] [ DB ] CONNECT:[ UseTime:0.000826s ] mysql:dbname=xiaochen;host=127.0.0.1;port=3306;charset=utf8
[ sql ] [ SQL ] SHOW COLUMNS FROM `ys_system_conf` [ RunTime:0.012791s ]
[ sql ] [ SQL ] SELECT * FROM `ys_system_conf` WHERE  `tbnum` = 1  AND `isdel` = 0 LIMIT 1 [ RunTime:0.000673s ]
[ sql ] [ SQL ] SHOW COLUMNS FROM `ys_article` [ RunTime:0.010676s ]
[ sql ] [ SQL ] SELECT * FROM `ys_article` WHERE  `diarytype` = 3  AND `isdel` = 0 ORDER BY createtime desc LIMIT 3 [ RunTime:0.000565s ]
[ sql ] [ SQL ] SELECT * FROM `ys_system_conf` WHERE  `tbnum` = 1  AND `isdel` = 0 LIMIT 1 [ RunTime:0.000346s ]

---------------------------------------------------------------
[ 2018-02-04T13:21:40+08:00 ] 127.0.0.1 127.0.0.1 POST /index.php/auth/beijing_detail?token=eyJ0eXAiOiJKV1QiLCJhbGciOiJIUzI1NiJ9.eyJpc3MiOiJodHRwOlwvXC9hcGkueXNqaWFuemh1LmNvbSIsImF1ZCI6Imh0dHA6XC9cL3poYW9waW4ueXNqaWFuemh1LmNvbSIsImlhdCI6MTUxNzcyMTY4NSwiZXhwIjoxNTE3ODQxNjg1LCJuYmYiOiIiLCJ1dWlkIjoiZDc1OTdkZDktNTcxYS1kYmYxLTUwMzAtNTk3YjQ4YzFhODE1In0.q8cB_eJNummmDcuNFaKuVeTxXX_mVNssn2cN_-1B5lk
[ log ] wms.chenchen.cn/index.php/auth/beijing_detail?token=eyJ0eXAiOiJKV1QiLCJhbGciOiJIUzI1NiJ9.eyJpc3MiOiJodHRwOlwvXC9hcGkueXNqaWFuemh1LmNvbSIsImF1ZCI6Imh0dHA6XC9cL3poYW9waW4ueXNqaWFuemh1LmNvbSIsImlhdCI6MTUxNzcyMTY4NSwiZXhwIjoxNTE3ODQxNjg1LCJuYmYiOiIiLCJ1dWlkIjoiZDc1OTdkZDktNTcxYS1kYmYxLTUwMzAtNTk3YjQ4YzFhODE1In0.q8cB_eJNummmDcuNFaKuVeTxXX_mVNssn2cN_-1B5lk [运行时间：0.244570s][吞吐率：4.09req/s] [内存消耗：2,507.52kb] [文件加载：56]
[ info ] [ LANG ] D:\textgulp\chenchen.wms.cn\php\thinkphp\lang\zh-cn.php
[ info ] [ ROUTE ] array (
  'type' => 'module',
  'module' => 
  array (
    0 => 'api',
    1 => 'auth',
    2 => 'beijing_detail',
  ),
)
[ info ] [ HEADER ] array (
  'cookie' => 'PHPSESSID=tlv608kagggvvun2lffanpaua5',
  'accept-language' => 'zh-CN,zh;q=0.9',
  'accept-encoding' => 'gzip, deflate',
  'referer' => 'http://wms.chenchen.cn/main.html',
  'content-type' => 'application/x-www-form-urlencoded',
  'user-agent' => 'Mozilla/5.0 (Windows NT 10.0; WOW64) AppleWebKit/537.36 (KHTML, like Gecko) Chrome/65.0.3325.19 Safari/537.36',
  'origin' => 'http://wms.chenchen.cn',
  'accept' => 'application/json, text/plain, */*',
  'content-length' => '21',
  'connection' => 'close',
  'host' => 'wms.chenchen.cn',
)
[ info ] [ PARAM ] array (
  'token' => 'eyJ0eXAiOiJKV1QiLCJhbGciOiJIUzI1NiJ9.eyJpc3MiOiJodHRwOlwvXC9hcGkueXNqaWFuemh1LmNvbSIsImF1ZCI6Imh0dHA6XC9cL3poYW9waW4ueXNqaWFuemh1LmNvbSIsImlhdCI6MTUxNzcyMTY4NSwiZXhwIjoxNTE3ODQxNjg1LCJuYmYiOiIiLCJ1dWlkIjoiZDc1OTdkZDktNTcxYS1kYmYxLTUwMzAtNTk3YjQ4YzFhODE1In0.q8cB_eJNummmDcuNFaKuVeTxXX_mVNssn2cN_-1B5lk',
  'codeid' => 'CPZRbILQrvzniQ',
)
[ info ] [ CACHE ] INIT File
[ info ] [ RUN ] app\api\controller\Auth->beijing_detail[ D:\textgulp\chenchen.wms.cn\php\application\api\controller\Auth.php ]
[ info ] [ SESSION ] INIT array (
  'id' => '',
  'var_session_id' => '',
  'prefix' => 'think',
  'type' => '',
  'auto_start' => true,
)
[ info ] [ DB ] INIT mysql
[ info ] [ LOG ] INIT File
[ sql ] [ DB ] CONNECT:[ UseTime:0.002762s ] mysql:dbname=xiaochen;host=127.0.0.1;port=3306;charset=utf8
[ sql ] [ SQL ] SHOW COLUMNS FROM `ys_system_conf` [ RunTime:0.032654s ]
[ sql ] [ SQL ] SELECT * FROM `ys_system_conf` WHERE  `tbnum` = 1  AND `isdel` = 0 LIMIT 1 [ RunTime:0.001876s ]
[ sql ] [ SQL ] SHOW COLUMNS FROM `ys_admin_user` [ RunTime:0.030131s ]
[ sql ] [ SQL ] SELECT * FROM `ys_admin_user` WHERE  `uuid` = 'd7597dd9-571a-dbf1-5030-597b48c1a815' LIMIT 1 [ RunTime:0.001219s ]
[ sql ] [ SQL ] SHOW COLUMNS FROM `ys_article` [ RunTime:0.019213s ]
[ sql ] [ SQL ] SELECT * FROM `ys_article` WHERE  `format` = 4  AND `status` = 1  AND `uid` = 2  AND `isdel` = 0 [ RunTime:0.001389s ]
[ sql ] [ SQL ] SELECT * FROM `ys_system_conf` WHERE  `tbnum` = 1  AND `isdel` = 0 LIMIT 1 [ RunTime:0.000887s ]

---------------------------------------------------------------
[ 2018-02-04T13:23:13+08:00 ] 127.0.0.1 127.0.0.1 POST /index.php/open/menutree_select?token=eyJ0eXAiOiJKV1QiLCJhbGciOiJIUzI1NiJ9.eyJpc3MiOiJodHRwOlwvXC9hcGkueXNqaWFuemh1LmNvbSIsImF1ZCI6Imh0dHA6XC9cL3poYW9waW4ueXNqaWFuemh1LmNvbSIsImlhdCI6MTUxNzcyMTY4NSwiZXhwIjoxNTE3ODQxNjg1LCJuYmYiOiIiLCJ1dWlkIjoiZDc1OTdkZDktNTcxYS1kYmYxLTUwMzAtNTk3YjQ4YzFhODE1In0.q8cB_eJNummmDcuNFaKuVeTxXX_mVNssn2cN_-1B5lk
[ log ] wms.chenchen.cn/index.php/open/menutree_select?token=eyJ0eXAiOiJKV1QiLCJhbGciOiJIUzI1NiJ9.eyJpc3MiOiJodHRwOlwvXC9hcGkueXNqaWFuemh1LmNvbSIsImF1ZCI6Imh0dHA6XC9cL3poYW9waW4ueXNqaWFuemh1LmNvbSIsImlhdCI6MTUxNzcyMTY4NSwiZXhwIjoxNTE3ODQxNjg1LCJuYmYiOiIiLCJ1dWlkIjoiZDc1OTdkZDktNTcxYS1kYmYxLTUwMzAtNTk3YjQ4YzFhODE1In0.q8cB_eJNummmDcuNFaKuVeTxXX_mVNssn2cN_-1B5lk [运行时间：0.063850s][吞吐率：15.66req/s] [内存消耗：2,254.92kb] [文件加载：52]
[ info ] [ LANG ] D:\textgulp\chenchen.wms.cn\php\thinkphp\lang\zh-cn.php
[ info ] [ ROUTE ] array (
  'type' => 'module',
  'module' => 
  array (
    0 => 'api',
    1 => 'open',
    2 => 'menutree_select',
  ),
)
[ info ] [ HEADER ] array (
  'cookie' => 'PHPSESSID=tlv608kagggvvun2lffanpaua5',
  'accept-language' => 'zh-CN,zh;q=0.9',
  'accept-encoding' => 'gzip, deflate',
  'referer' => 'http://wms.chenchen.cn/main.html',
  'content-type' => 'application/x-www-form-urlencoded; charset=UTF-8',
  'user-agent' => 'Mozilla/5.0 (Windows NT 10.0; WOW64) AppleWebKit/537.36 (KHTML, like Gecko) Chrome/65.0.3325.19 Safari/537.36',
  'x-requested-with' => 'XMLHttpRequest',
  'origin' => 'http://wms.chenchen.cn',
  'accept' => '*/*',
  'content-length' => '7',
  'connection' => 'close',
  'host' => 'wms.chenchen.cn',
)
[ info ] [ PARAM ] array (
  'token' => 'eyJ0eXAiOiJKV1QiLCJhbGciOiJIUzI1NiJ9.eyJpc3MiOiJodHRwOlwvXC9hcGkueXNqaWFuemh1LmNvbSIsImF1ZCI6Imh0dHA6XC9cL3poYW9waW4ueXNqaWFuemh1LmNvbSIsImlhdCI6MTUxNzcyMTY4NSwiZXhwIjoxNTE3ODQxNjg1LCJuYmYiOiIiLCJ1dWlkIjoiZDc1OTdkZDktNTcxYS1kYmYxLTUwMzAtNTk3YjQ4YzFhODE1In0.q8cB_eJNummmDcuNFaKuVeTxXX_mVNssn2cN_-1B5lk',
  'debug' => '0',
)
[ info ] [ RUN ] app\api\controller\Open->menutree_select[ D:\textgulp\chenchen.wms.cn\php\application\api\controller\Open.php ]
[ info ] [ DB ] INIT mysql
[ info ] [ SESSION ] INIT array (
  'id' => '',
  'var_session_id' => '',
  'prefix' => 'think',
  'type' => '',
  'auto_start' => true,
)
[ info ] [ LOG ] INIT File
[ sql ] [ DB ] CONNECT:[ UseTime:0.001064s ] mysql:dbname=xiaochen;host=127.0.0.1;port=3306;charset=utf8
[ sql ] [ SQL ] SHOW COLUMNS FROM `ys_system_conf` [ RunTime:0.021976s ]
[ sql ] [ SQL ] SELECT * FROM `ys_system_conf` WHERE  `isdel` = 0 [ RunTime:0.000661s ]

---------------------------------------------------------------
[ 2018-02-04T13:23:13+08:00 ] 127.0.0.1 127.0.0.1 POST /index.php/open/islogin?token=eyJ0eXAiOiJKV1QiLCJhbGciOiJIUzI1NiJ9.eyJpc3MiOiJodHRwOlwvXC9hcGkueXNqaWFuemh1LmNvbSIsImF1ZCI6Imh0dHA6XC9cL3poYW9waW4ueXNqaWFuemh1LmNvbSIsImlhdCI6MTUxNzcyMTY4NSwiZXhwIjoxNTE3ODQxNjg1LCJuYmYiOiIiLCJ1dWlkIjoiZDc1OTdkZDktNTcxYS1kYmYxLTUwMzAtNTk3YjQ4YzFhODE1In0.q8cB_eJNummmDcuNFaKuVeTxXX_mVNssn2cN_-1B5lk
[ log ] wms.chenchen.cn/index.php/open/islogin?token=eyJ0eXAiOiJKV1QiLCJhbGciOiJIUzI1NiJ9.eyJpc3MiOiJodHRwOlwvXC9hcGkueXNqaWFuemh1LmNvbSIsImF1ZCI6Imh0dHA6XC9cL3poYW9waW4ueXNqaWFuemh1LmNvbSIsImlhdCI6MTUxNzcyMTY4NSwiZXhwIjoxNTE3ODQxNjg1LCJuYmYiOiIiLCJ1dWlkIjoiZDc1OTdkZDktNTcxYS1kYmYxLTUwMzAtNTk3YjQ4YzFhODE1In0.q8cB_eJNummmDcuNFaKuVeTxXX_mVNssn2cN_-1B5lk [运行时间：0.031906s][吞吐率：31.34req/s] [内存消耗：1,784.10kb] [文件加载：49]
[ info ] [ LANG ] D:\textgulp\chenchen.wms.cn\php\thinkphp\lang\zh-cn.php
[ info ] [ ROUTE ] array (
  'type' => 'module',
  'module' => 
  array (
    0 => 'api',
    1 => 'open',
    2 => 'islogin',
  ),
)
[ info ] [ HEADER ] array (
  'cookie' => 'PHPSESSID=tlv608kagggvvun2lffanpaua5',
  'accept-language' => 'zh-CN,zh;q=0.9',
  'accept-encoding' => 'gzip, deflate',
  'referer' => 'http://wms.chenchen.cn/main.html',
  'user-agent' => 'Mozilla/5.0 (Windows NT 10.0; WOW64) AppleWebKit/537.36 (KHTML, like Gecko) Chrome/65.0.3325.19 Safari/537.36',
  'x-requested-with' => 'XMLHttpRequest',
  'origin' => 'http://wms.chenchen.cn',
  'accept' => '*/*',
  'content-length' => '0',
  'connection' => 'close',
  'host' => 'wms.chenchen.cn',
)
[ info ] [ PARAM ] array (
  'token' => 'eyJ0eXAiOiJKV1QiLCJhbGciOiJIUzI1NiJ9.eyJpc3MiOiJodHRwOlwvXC9hcGkueXNqaWFuemh1LmNvbSIsImF1ZCI6Imh0dHA6XC9cL3poYW9waW4ueXNqaWFuemh1LmNvbSIsImlhdCI6MTUxNzcyMTY4NSwiZXhwIjoxNTE3ODQxNjg1LCJuYmYiOiIiLCJ1dWlkIjoiZDc1OTdkZDktNTcxYS1kYmYxLTUwMzAtNTk3YjQ4YzFhODE1In0.q8cB_eJNummmDcuNFaKuVeTxXX_mVNssn2cN_-1B5lk',
)
[ info ] [ RUN ] app\api\controller\Open->islogin[ D:\textgulp\chenchen.wms.cn\php\application\api\controller\Open.php ]
[ info ] [ CACHE ] INIT File
[ info ] [ LOG ] INIT File

---------------------------------------------------------------
[ 2018-02-04T13:23:14+08:00 ] 127.0.0.1 127.0.0.1 POST /index.php/auth/album_list1?token=eyJ0eXAiOiJKV1QiLCJhbGciOiJIUzI1NiJ9.eyJpc3MiOiJodHRwOlwvXC9hcGkueXNqaWFuemh1LmNvbSIsImF1ZCI6Imh0dHA6XC9cL3poYW9waW4ueXNqaWFuemh1LmNvbSIsImlhdCI6MTUxNzcyMTY4NSwiZXhwIjoxNTE3ODQxNjg1LCJuYmYiOiIiLCJ1dWlkIjoiZDc1OTdkZDktNTcxYS1kYmYxLTUwMzAtNTk3YjQ4YzFhODE1In0.q8cB_eJNummmDcuNFaKuVeTxXX_mVNssn2cN_-1B5lk
[ log ] wms.chenchen.cn/index.php/auth/album_list1?token=eyJ0eXAiOiJKV1QiLCJhbGciOiJIUzI1NiJ9.eyJpc3MiOiJodHRwOlwvXC9hcGkueXNqaWFuemh1LmNvbSIsImF1ZCI6Imh0dHA6XC9cL3poYW9waW4ueXNqaWFuemh1LmNvbSIsImlhdCI6MTUxNzcyMTY4NSwiZXhwIjoxNTE3ODQxNjg1LCJuYmYiOiIiLCJ1dWlkIjoiZDc1OTdkZDktNTcxYS1kYmYxLTUwMzAtNTk3YjQ4YzFhODE1In0.q8cB_eJNummmDcuNFaKuVeTxXX_mVNssn2cN_-1B5lk [运行时间：0.298163s][吞吐率：3.35req/s] [内存消耗：2,508.97kb] [文件加载：56]
[ info ] [ LANG ] D:\textgulp\chenchen.wms.cn\php\thinkphp\lang\zh-cn.php
[ info ] [ ROUTE ] array (
  'type' => 'module',
  'module' => 
  array (
    0 => 'api',
    1 => 'auth',
    2 => 'album_list1',
  ),
)
[ info ] [ HEADER ] array (
  'cookie' => 'PHPSESSID=tlv608kagggvvun2lffanpaua5',
  'accept-language' => 'zh-CN,zh;q=0.9',
  'accept-encoding' => 'gzip, deflate',
  'referer' => 'http://wms.chenchen.cn/main.html',
  'content-type' => 'application/x-www-form-urlencoded',
  'user-agent' => 'Mozilla/5.0 (Windows NT 10.0; WOW64) AppleWebKit/537.36 (KHTML, like Gecko) Chrome/65.0.3325.19 Safari/537.36',
  'origin' => 'http://wms.chenchen.cn',
  'accept' => 'application/json, text/plain, */*',
  'content-length' => '34',
  'connection' => 'close',
  'host' => 'wms.chenchen.cn',
)
[ info ] [ PARAM ] array (
  'token' => 'eyJ0eXAiOiJKV1QiLCJhbGciOiJIUzI1NiJ9.eyJpc3MiOiJodHRwOlwvXC9hcGkueXNqaWFuemh1LmNvbSIsImF1ZCI6Imh0dHA6XC9cL3poYW9waW4ueXNqaWFuemh1LmNvbSIsImlhdCI6MTUxNzcyMTY4NSwiZXhwIjoxNTE3ODQxNjg1LCJuYmYiOiIiLCJ1dWlkIjoiZDc1OTdkZDktNTcxYS1kYmYxLTUwMzAtNTk3YjQ4YzFhODE1In0.q8cB_eJNummmDcuNFaKuVeTxXX_mVNssn2cN_-1B5lk',
  'codeid' => 'W6JSaYSDqfjviQ',
  'orderstrid' => '3',
)
[ info ] [ CACHE ] INIT File
[ info ] [ RUN ] app\api\controller\Auth->album_list1[ D:\textgulp\chenchen.wms.cn\php\application\api\controller\Auth.php ]
[ info ] [ SESSION ] INIT array (
  'id' => '',
  'var_session_id' => '',
  'prefix' => 'think',
  'type' => '',
  'auto_start' => true,
)
[ info ] [ DB ] INIT mysql
[ info ] [ LOG ] INIT File
[ sql ] [ DB ] CONNECT:[ UseTime:0.001050s ] mysql:dbname=xiaochen;host=127.0.0.1;port=3306;charset=utf8
[ sql ] [ SQL ] SHOW COLUMNS FROM `ys_system_conf` [ RunTime:0.018268s ]
[ sql ] [ SQL ] SELECT * FROM `ys_system_conf` WHERE  `tbnum` = 9  AND `isdel` = 0 LIMIT 1 [ RunTime:0.000740s ]
[ sql ] [ SQL ] SHOW COLUMNS FROM `ys_admin_user` [ RunTime:0.013593s ]
[ sql ] [ SQL ] SELECT * FROM `ys_admin_user` WHERE  `uuid` = 'd7597dd9-571a-dbf1-5030-597b48c1a815' LIMIT 1 [ RunTime:0.000524s ]
[ sql ] [ SQL ] SHOW COLUMNS FROM `ys_photogroup` [ RunTime:0.085246s ]
[ sql ] [ SQL ] SELECT * FROM `ys_photogroup` WHERE  `uid` = 2  AND `isdel` = 0 ORDER BY createtime asc [ RunTime:0.000444s ]
[ sql ] [ SQL ] SHOW COLUMNS FROM `ys_photo` [ RunTime:0.096005s ]
[ sql ] [ SQL ] SELECT * FROM `ys_photo` WHERE  `uid` = 2  AND `isdel` = 0 [ RunTime:0.000860s ]
[ sql ] [ SQL ] SELECT * FROM `ys_system_conf` WHERE  `tbnum` = 9  AND `isdel` = 0 LIMIT 1 [ RunTime:0.000389s ]

---------------------------------------------------------------
[ 2018-02-04T13:23:14+08:00 ] 127.0.0.1 127.0.0.1 POST /index.php/auth/mycom_list?token=eyJ0eXAiOiJKV1QiLCJhbGciOiJIUzI1NiJ9.eyJpc3MiOiJodHRwOlwvXC9hcGkueXNqaWFuemh1LmNvbSIsImF1ZCI6Imh0dHA6XC9cL3poYW9waW4ueXNqaWFuemh1LmNvbSIsImlhdCI6MTUxNzcyMTY4NSwiZXhwIjoxNTE3ODQxNjg1LCJuYmYiOiIiLCJ1dWlkIjoiZDc1OTdkZDktNTcxYS1kYmYxLTUwMzAtNTk3YjQ4YzFhODE1In0.q8cB_eJNummmDcuNFaKuVeTxXX_mVNssn2cN_-1B5lk
[ log ] wms.chenchen.cn/index.php/auth/mycom_list?token=eyJ0eXAiOiJKV1QiLCJhbGciOiJIUzI1NiJ9.eyJpc3MiOiJodHRwOlwvXC9hcGkueXNqaWFuemh1LmNvbSIsImF1ZCI6Imh0dHA6XC9cL3poYW9waW4ueXNqaWFuemh1LmNvbSIsImlhdCI6MTUxNzcyMTY4NSwiZXhwIjoxNTE3ODQxNjg1LCJuYmYiOiIiLCJ1dWlkIjoiZDc1OTdkZDktNTcxYS1kYmYxLTUwMzAtNTk3YjQ4YzFhODE1In0.q8cB_eJNummmDcuNFaKuVeTxXX_mVNssn2cN_-1B5lk [运行时间：0.109237s][吞吐率：9.15req/s] [内存消耗：2,506.38kb] [文件加载：56]
[ info ] [ LANG ] D:\textgulp\chenchen.wms.cn\php\thinkphp\lang\zh-cn.php
[ info ] [ ROUTE ] array (
  'type' => 'module',
  'module' => 
  array (
    0 => 'api',
    1 => 'auth',
    2 => 'mycom_list',
  ),
)
[ info ] [ HEADER ] array (
  'cookie' => 'PHPSESSID=tlv608kagggvvun2lffanpaua5',
  'accept-language' => 'zh-CN,zh;q=0.9',
  'accept-encoding' => 'gzip, deflate',
  'referer' => 'http://wms.chenchen.cn/main.html',
  'content-type' => 'application/x-www-form-urlencoded',
  'user-agent' => 'Mozilla/5.0 (Windows NT 10.0; WOW64) AppleWebKit/537.36 (KHTML, like Gecko) Chrome/65.0.3325.19 Safari/537.36',
  'origin' => 'http://wms.chenchen.cn',
  'accept' => 'application/json, text/plain, */*',
  'content-length' => '41',
  'connection' => 'close',
  'host' => 'wms.chenchen.cn',
)
[ info ] [ PARAM ] array (
  'token' => 'eyJ0eXAiOiJKV1QiLCJhbGciOiJIUzI1NiJ9.eyJpc3MiOiJodHRwOlwvXC9hcGkueXNqaWFuemh1LmNvbSIsImF1ZCI6Imh0dHA6XC9cL3poYW9waW4ueXNqaWFuemh1LmNvbSIsImlhdCI6MTUxNzcyMTY4NSwiZXhwIjoxNTE3ODQxNjg1LCJuYmYiOiIiLCJ1dWlkIjoiZDc1OTdkZDktNTcxYS1kYmYxLTUwMzAtNTk3YjQ4YzFhODE1In0.q8cB_eJNummmDcuNFaKuVeTxXX_mVNssn2cN_-1B5lk',
  'codeid' => 'DvRcPovRra3uiQ',
  'pid' => '24',
  'orderstrid' => '2',
)
[ info ] [ CACHE ] INIT File
[ info ] [ RUN ] app\api\controller\Auth->mycom_list[ D:\textgulp\chenchen.wms.cn\php\application\api\controller\Auth.php ]
[ info ] [ SESSION ] INIT array (
  'id' => '',
  'var_session_id' => '',
  'prefix' => 'think',
  'type' => '',
  'auto_start' => true,
)
[ info ] [ DB ] INIT mysql
[ info ] [ LOG ] INIT File
[ sql ] [ DB ] CONNECT:[ UseTime:0.001768s ] mysql:dbname=xiaochen;host=127.0.0.1;port=3306;charset=utf8
[ sql ] [ SQL ] SHOW COLUMNS FROM `ys_system_conf` [ RunTime:0.011461s ]
[ sql ] [ SQL ] SELECT * FROM `ys_system_conf` WHERE  `tbnum` = 8  AND `isdel` = 0 LIMIT 1 [ RunTime:0.000642s ]
[ sql ] [ SQL ] SHOW COLUMNS FROM `ys_admin_user` [ RunTime:0.032201s ]
[ sql ] [ SQL ] SELECT * FROM `ys_admin_user` WHERE  `uuid` = 'd7597dd9-571a-dbf1-5030-597b48c1a815' LIMIT 1 [ RunTime:0.001522s ]
[ sql ] [ SQL ] SHOW COLUMNS FROM `ys_photo` [ RunTime:0.012107s ]
[ sql ] [ SQL ] SELECT * FROM `ys_photo` WHERE  `pid` = 24  AND `uid` = 2  AND `isdel` = 0 ORDER BY createtime desc [ RunTime:0.000575s ]
[ sql ] [ SQL ] SELECT * FROM `ys_system_conf` WHERE  `tbnum` = 8  AND `isdel` = 0 LIMIT 1 [ RunTime:0.000372s ]

---------------------------------------------------------------
[ 2018-02-04T13:23:15+08:00 ] 127.0.0.1 127.0.0.1 POST /index.php/auth/com_detail?token=eyJ0eXAiOiJKV1QiLCJhbGciOiJIUzI1NiJ9.eyJpc3MiOiJodHRwOlwvXC9hcGkueXNqaWFuemh1LmNvbSIsImF1ZCI6Imh0dHA6XC9cL3poYW9waW4ueXNqaWFuemh1LmNvbSIsImlhdCI6MTUxNzcyMTY4NSwiZXhwIjoxNTE3ODQxNjg1LCJuYmYiOiIiLCJ1dWlkIjoiZDc1OTdkZDktNTcxYS1kYmYxLTUwMzAtNTk3YjQ4YzFhODE1In0.q8cB_eJNummmDcuNFaKuVeTxXX_mVNssn2cN_-1B5lk
[ log ] wms.chenchen.cn/index.php/auth/com_detail?token=eyJ0eXAiOiJKV1QiLCJhbGciOiJIUzI1NiJ9.eyJpc3MiOiJodHRwOlwvXC9hcGkueXNqaWFuemh1LmNvbSIsImF1ZCI6Imh0dHA6XC9cL3poYW9waW4ueXNqaWFuemh1LmNvbSIsImlhdCI6MTUxNzcyMTY4NSwiZXhwIjoxNTE3ODQxNjg1LCJuYmYiOiIiLCJ1dWlkIjoiZDc1OTdkZDktNTcxYS1kYmYxLTUwMzAtNTk3YjQ4YzFhODE1In0.q8cB_eJNummmDcuNFaKuVeTxXX_mVNssn2cN_-1B5lk [运行时间：0.114606s][吞吐率：8.73req/s] [内存消耗：2,496.59kb] [文件加载：56]
[ info ] [ LANG ] D:\textgulp\chenchen.wms.cn\php\thinkphp\lang\zh-cn.php
[ info ] [ ROUTE ] array (
  'type' => 'module',
  'module' => 
  array (
    0 => 'api',
    1 => 'auth',
    2 => 'com_detail',
  ),
)
[ info ] [ HEADER ] array (
  'cookie' => 'PHPSESSID=tlv608kagggvvun2lffanpaua5',
  'accept-language' => 'zh-CN,zh;q=0.9',
  'accept-encoding' => 'gzip, deflate',
  'referer' => 'http://wms.chenchen.cn/main.html',
  'content-type' => 'application/x-www-form-urlencoded',
  'user-agent' => 'Mozilla/5.0 (Windows NT 10.0; WOW64) AppleWebKit/537.36 (KHTML, like Gecko) Chrome/65.0.3325.19 Safari/537.36',
  'origin' => 'http://wms.chenchen.cn',
  'accept' => 'application/json, text/plain, */*',
  'content-length' => '23',
  'connection' => 'close',
  'host' => 'wms.chenchen.cn',
)
[ info ] [ PARAM ] array (
  'token' => 'eyJ0eXAiOiJKV1QiLCJhbGciOiJIUzI1NiJ9.eyJpc3MiOiJodHRwOlwvXC9hcGkueXNqaWFuemh1LmNvbSIsImF1ZCI6Imh0dHA6XC9cL3poYW9waW4ueXNqaWFuemh1LmNvbSIsImlhdCI6MTUxNzcyMTY4NSwiZXhwIjoxNTE3ODQxNjg1LCJuYmYiOiIiLCJ1dWlkIjoiZDc1OTdkZDktNTcxYS1kYmYxLTUwMzAtNTk3YjQ4YzFhODE1In0.q8cB_eJNummmDcuNFaKuVeTxXX_mVNssn2cN_-1B5lk',
  'codeid' => 'CqcGbYLR_aK3uiQI',
)
[ info ] [ CACHE ] INIT File
[ info ] [ RUN ] app\api\controller\Auth->com_detail[ D:\textgulp\chenchen.wms.cn\php\application\api\controller\Auth.php ]
[ info ] [ SESSION ] INIT array (
  'id' => '',
  'var_session_id' => '',
  'prefix' => 'think',
  'type' => '',
  'auto_start' => true,
)
[ info ] [ DB ] INIT mysql
[ info ] [ LOG ] INIT File
[ sql ] [ DB ] CONNECT:[ UseTime:0.000922s ] mysql:dbname=xiaochen;host=127.0.0.1;port=3306;charset=utf8
[ sql ] [ SQL ] SHOW COLUMNS FROM `ys_system_conf` [ RunTime:0.039880s ]
[ sql ] [ SQL ] SELECT * FROM `ys_system_conf` WHERE  `tbnum` = 8  AND `isdel` = 0 LIMIT 1 [ RunTime:0.000650s ]
[ sql ] [ SQL ] SHOW COLUMNS FROM `ys_photo` [ RunTime:0.021300s ]
[ sql ] [ SQL ] SELECT * FROM `ys_photo` WHERE  `id` = 3  AND `isdel` = 0 LIMIT 1 [ RunTime:0.001678s ]
[ sql ] [ SQL ] SELECT * FROM `ys_system_conf` WHERE  `tbnum` = 8  AND `isdel` = 0 LIMIT 1 [ RunTime:0.001523s ]

---------------------------------------------------------------
[ 2018-02-04T13:39:20+08:00 ] 127.0.0.1 127.0.0.1 POST /index.php/auth/com_detail?token=eyJ0eXAiOiJKV1QiLCJhbGciOiJIUzI1NiJ9.eyJpc3MiOiJodHRwOlwvXC9hcGkueXNqaWFuemh1LmNvbSIsImF1ZCI6Imh0dHA6XC9cL3poYW9waW4ueXNqaWFuemh1LmNvbSIsImlhdCI6MTUxNzcyMTY4NSwiZXhwIjoxNTE3ODQxNjg1LCJuYmYiOiIiLCJ1dWlkIjoiZDc1OTdkZDktNTcxYS1kYmYxLTUwMzAtNTk3YjQ4YzFhODE1In0.q8cB_eJNummmDcuNFaKuVeTxXX_mVNssn2cN_-1B5lk
[ log ] wms.chenchen.cn/index.php/auth/com_detail?token=eyJ0eXAiOiJKV1QiLCJhbGciOiJIUzI1NiJ9.eyJpc3MiOiJodHRwOlwvXC9hcGkueXNqaWFuemh1LmNvbSIsImF1ZCI6Imh0dHA6XC9cL3poYW9waW4ueXNqaWFuemh1LmNvbSIsImlhdCI6MTUxNzcyMTY4NSwiZXhwIjoxNTE3ODQxNjg1LCJuYmYiOiIiLCJ1dWlkIjoiZDc1OTdkZDktNTcxYS1kYmYxLTUwMzAtNTk3YjQ4YzFhODE1In0.q8cB_eJNummmDcuNFaKuVeTxXX_mVNssn2cN_-1B5lk [运行时间：0.067587s][吞吐率：14.80req/s] [内存消耗：2,496.52kb] [文件加载：56]
[ info ] [ LANG ] D:\textgulp\chenchen.wms.cn\php\thinkphp\lang\zh-cn.php
[ info ] [ ROUTE ] array (
  'type' => 'module',
  'module' => 
  array (
    0 => 'api',
    1 => 'auth',
    2 => 'com_detail',
  ),
)
[ info ] [ HEADER ] array (
  'cookie' => 'PHPSESSID=tlv608kagggvvun2lffanpaua5',
  'accept-language' => 'zh-CN,zh;q=0.9',
  'accept-encoding' => 'gzip, deflate',
  'referer' => 'http://wms.chenchen.cn/main.html',
  'content-type' => 'application/x-www-form-urlencoded',
  'user-agent' => 'Mozilla/5.0 (Windows NT 10.0; WOW64) AppleWebKit/537.36 (KHTML, like Gecko) Chrome/65.0.3325.19 Safari/537.36',
  'origin' => 'http://wms.chenchen.cn',
  'accept' => 'application/json, text/plain, */*',
  'content-length' => '23',
  'connection' => 'close',
  'host' => 'wms.chenchen.cn',
)
[ info ] [ PARAM ] array (
  'token' => 'eyJ0eXAiOiJKV1QiLCJhbGciOiJIUzI1NiJ9.eyJpc3MiOiJodHRwOlwvXC9hcGkueXNqaWFuemh1LmNvbSIsImF1ZCI6Imh0dHA6XC9cL3poYW9waW4ueXNqaWFuemh1LmNvbSIsImlhdCI6MTUxNzcyMTY4NSwiZXhwIjoxNTE3ODQxNjg1LCJuYmYiOiIiLCJ1dWlkIjoiZDc1OTdkZDktNTcxYS1kYmYxLTUwMzAtNTk3YjQ4YzFhODE1In0.q8cB_eJNummmDcuNFaKuVeTxXX_mVNssn2cN_-1B5lk',
  'codeid' => 'X6YHN4aF_aqjuiQU',
)
[ info ] [ CACHE ] INIT File
[ info ] [ RUN ] app\api\controller\Auth->com_detail[ D:\textgulp\chenchen.wms.cn\php\application\api\controller\Auth.php ]
[ info ] [ SESSION ] INIT array (
  'id' => '',
  'var_session_id' => '',
  'prefix' => 'think',
  'type' => '',
  'auto_start' => true,
)
[ info ] [ DB ] INIT mysql
[ info ] [ LOG ] INIT File
[ sql ] [ DB ] CONNECT:[ UseTime:0.002965s ] mysql:dbname=xiaochen;host=127.0.0.1;port=3306;charset=utf8
[ sql ] [ SQL ] SHOW COLUMNS FROM `ys_system_conf` [ RunTime:0.010496s ]
[ sql ] [ SQL ] SELECT * FROM `ys_system_conf` WHERE  `tbnum` = 8  AND `isdel` = 0 LIMIT 1 [ RunTime:0.000567s ]
[ sql ] [ SQL ] SHOW COLUMNS FROM `ys_photo` [ RunTime:0.009406s ]
[ sql ] [ SQL ] SELECT * FROM `ys_photo` WHERE  `id` = 4  AND `isdel` = 0 LIMIT 1 [ RunTime:0.000453s ]
[ sql ] [ SQL ] SELECT * FROM `ys_system_conf` WHERE  `tbnum` = 8  AND `isdel` = 0 LIMIT 1 [ RunTime:0.000392s ]

---------------------------------------------------------------
