[ 2018-02-08T16:42:32+08:00 ] 127.0.0.1 127.0.0.1 GET /index.php/Base/verify?timestamp=%27+Date.parse(new%20Date())
[ log ] wms.chenchen.cn/index.php/Base/verify?timestamp=%27+Date.parse(new%20Date()) [运行时间：2.572131s][吞吐率：0.39req/s] [内存消耗：1,573.81kb] [文件加载：44]
[ info ] [ LANG ] D:\textgulp\chenchen.wms.cn\php\thinkphp\lang\zh-cn.php
[ info ] [ ROUTE ] array (
  'type' => 'module',
  'module' => 
  array (
    0 => 'api',
    1 => 'Base',
    2 => 'verify',
  ),
)
[ info ] [ HEADER ] array (
  'accept-language' => 'zh-CN,zh;q=0.9',
  'accept-encoding' => 'gzip, deflate',
  'referer' => 'http://wms.chenchen.cn/login.html',
  'accept' => 'image/webp,image/apng,image/*,*/*;q=0.8',
  'user-agent' => 'Mozilla/5.0 (Windows NT 10.0; WOW64) AppleWebKit/537.36 (KHTML, like Gecko) Chrome/65.0.3325.52 Safari/537.36',
  'connection' => 'close',
  'host' => 'wms.chenchen.cn',
)
[ info ] [ PARAM ] array (
  'timestamp' => '\' Date.parse(new Date())',
)
[ info ] [ RUN ] app\api\controller\Base->verify[ D:\textgulp\chenchen.wms.cn\php\application\api\controller\Base.php ]
[ info ] [ SESSION ] INIT array (
  'id' => '',
  'var_session_id' => '',
  'prefix' => 'think',
  'type' => '',
  'auto_start' => true,
)
[ info ] [ LOG ] INIT File

---------------------------------------------------------------
[ 2018-02-08T16:42:39+08:00 ] 127.0.0.1 127.0.0.1 POST /index.php/Base/login
[ log ] wms.chenchen.cn/index.php/Base/login [运行时间：0.096137s][吞吐率：10.40req/s] [内存消耗：1,581.06kb] [文件加载：45]
[ info ] [ LANG ] D:\textgulp\chenchen.wms.cn\php\thinkphp\lang\zh-cn.php
[ info ] [ ROUTE ] array (
  'type' => 'module',
  'module' => 
  array (
    0 => 'api',
    1 => 'Base',
    2 => 'login',
  ),
)
[ info ] [ HEADER ] array (
  'cookie' => 'PHPSESSID=1ias01p9lespvqd69ebmj0khb3',
  'accept-language' => 'zh-CN,zh;q=0.9',
  'accept-encoding' => 'gzip, deflate',
  'referer' => 'http://wms.chenchen.cn/login.html',
  'content-type' => 'application/x-www-form-urlencoded; charset=UTF-8',
  'user-agent' => 'Mozilla/5.0 (Windows NT 10.0; WOW64) AppleWebKit/537.36 (KHTML, like Gecko) Chrome/65.0.3325.52 Safari/537.36',
  'x-requested-with' => 'XMLHttpRequest',
  'origin' => 'http://wms.chenchen.cn',
  'accept' => '*/*',
  'content-length' => '43',
  'connection' => 'close',
  'host' => 'wms.chenchen.cn',
)
[ info ] [ PARAM ] array (
  'username' => 'admin',
  'password' => '123456',
  'captcha' => '85v7',
)
[ info ] [ RUN ] app\api\controller\Base->login[ D:\textgulp\chenchen.wms.cn\php\application\api\controller\Base.php ]
[ info ] [ SESSION ] INIT array (
  'id' => '',
  'var_session_id' => '',
  'prefix' => 'think',
  'type' => '',
  'auto_start' => true,
)
[ info ] [ LOG ] INIT File

---------------------------------------------------------------
[ 2018-02-08T16:42:39+08:00 ] 127.0.0.1 127.0.0.1 GET /index.php/Base/verify?timestamp=1518079359000
[ log ] wms.chenchen.cn/index.php/Base/verify?timestamp=1518079359000 [运行时间：0.111622s][吞吐率：8.96req/s] [内存消耗：1,573.84kb] [文件加载：44]
[ info ] [ LANG ] D:\textgulp\chenchen.wms.cn\php\thinkphp\lang\zh-cn.php
[ info ] [ ROUTE ] array (
  'type' => 'module',
  'module' => 
  array (
    0 => 'api',
    1 => 'Base',
    2 => 'verify',
  ),
)
[ info ] [ HEADER ] array (
  'cookie' => 'PHPSESSID=1ias01p9lespvqd69ebmj0khb3',
  'accept-language' => 'zh-CN,zh;q=0.9',
  'accept-encoding' => 'gzip, deflate',
  'referer' => 'http://wms.chenchen.cn/login.html',
  'accept' => 'image/webp,image/apng,image/*,*/*;q=0.8',
  'user-agent' => 'Mozilla/5.0 (Windows NT 10.0; WOW64) AppleWebKit/537.36 (KHTML, like Gecko) Chrome/65.0.3325.52 Safari/537.36',
  'connection' => 'close',
  'host' => 'wms.chenchen.cn',
)
[ info ] [ PARAM ] array (
  'timestamp' => '1518079359000',
)
[ info ] [ RUN ] app\api\controller\Base->verify[ D:\textgulp\chenchen.wms.cn\php\application\api\controller\Base.php ]
[ info ] [ SESSION ] INIT array (
  'id' => '',
  'var_session_id' => '',
  'prefix' => 'think',
  'type' => '',
  'auto_start' => true,
)
[ info ] [ LOG ] INIT File

---------------------------------------------------------------
[ 2018-02-08T16:42:47+08:00 ] 127.0.0.1 127.0.0.1 POST /index.php/Base/login
[ log ] wms.chenchen.cn/index.php/Base/login [运行时间：1.316906s][吞吐率：0.76req/s] [内存消耗：2,253.60kb] [文件加载：56]
[ info ] [ LANG ] D:\textgulp\chenchen.wms.cn\php\thinkphp\lang\zh-cn.php
[ info ] [ ROUTE ] array (
  'type' => 'module',
  'module' => 
  array (
    0 => 'api',
    1 => 'Base',
    2 => 'login',
  ),
)
[ info ] [ HEADER ] array (
  'cookie' => 'PHPSESSID=1ias01p9lespvqd69ebmj0khb3',
  'accept-language' => 'zh-CN,zh;q=0.9',
  'accept-encoding' => 'gzip, deflate',
  'referer' => 'http://wms.chenchen.cn/login.html',
  'content-type' => 'application/x-www-form-urlencoded; charset=UTF-8',
  'user-agent' => 'Mozilla/5.0 (Windows NT 10.0; WOW64) AppleWebKit/537.36 (KHTML, like Gecko) Chrome/65.0.3325.52 Safari/537.36',
  'x-requested-with' => 'XMLHttpRequest',
  'origin' => 'http://wms.chenchen.cn',
  'accept' => '*/*',
  'content-length' => '43',
  'connection' => 'close',
  'host' => 'wms.chenchen.cn',
)
[ info ] [ PARAM ] array (
  'username' => 'admin',
  'password' => '123456',
  'captcha' => '8ahr',
)
[ info ] [ RUN ] app\api\controller\Base->login[ D:\textgulp\chenchen.wms.cn\php\application\api\controller\Base.php ]
[ info ] [ SESSION ] INIT array (
  'id' => '',
  'var_session_id' => '',
  'prefix' => 'think',
  'type' => '',
  'auto_start' => true,
)
[ info ] [ DB ] INIT mysql
[ info ] [ CACHE ] INIT File
[ info ] [ LOG ] INIT File
[ sql ] [ DB ] CONNECT:[ UseTime:0.082697s ] mysql:dbname=xiaochen;host=127.0.0.1;port=3306;charset=utf8
[ sql ] [ SQL ] SHOW COLUMNS FROM `ys_admin_user` [ RunTime:0.449657s ]
[ sql ] [ SQL ] SELECT * FROM `ys_admin_user` WHERE  (  username='admin' ) LIMIT 1 [ RunTime:0.087065s ]
[ sql ] [ SQL ] SELECT `id`,`password`,`encrypt` FROM `ys_admin_user` WHERE  (  id=2 ) LIMIT 1 [ RunTime:0.000540s ]
[ sql ] [ SQL ] UPDATE `ys_admin_user`  SET `login_count`=login_count+1  WHERE  (  id=2 ) [ RunTime:0.035144s ]

---------------------------------------------------------------
[ 2018-02-08T16:42:47+08:00 ] 127.0.0.1 127.0.0.1 GET /index.php/Base/verify?timestamp=1518079367000
[ log ] wms.chenchen.cn/index.php/Base/verify?timestamp=1518079367000 [运行时间：0.227549s][吞吐率：4.39req/s] [内存消耗：1,573.84kb] [文件加载：44]
[ info ] [ LANG ] D:\textgulp\chenchen.wms.cn\php\thinkphp\lang\zh-cn.php
[ info ] [ ROUTE ] array (
  'type' => 'module',
  'module' => 
  array (
    0 => 'api',
    1 => 'Base',
    2 => 'verify',
  ),
)
[ info ] [ HEADER ] array (
  'cookie' => 'PHPSESSID=1ias01p9lespvqd69ebmj0khb3',
  'accept-language' => 'zh-CN,zh;q=0.9',
  'accept-encoding' => 'gzip, deflate',
  'referer' => 'http://wms.chenchen.cn/login.html',
  'accept' => 'image/webp,image/apng,image/*,*/*;q=0.8',
  'user-agent' => 'Mozilla/5.0 (Windows NT 10.0; WOW64) AppleWebKit/537.36 (KHTML, like Gecko) Chrome/65.0.3325.52 Safari/537.36',
  'connection' => 'close',
  'host' => 'wms.chenchen.cn',
)
[ info ] [ PARAM ] array (
  'timestamp' => '1518079367000',
)
[ info ] [ RUN ] app\api\controller\Base->verify[ D:\textgulp\chenchen.wms.cn\php\application\api\controller\Base.php ]
[ info ] [ SESSION ] INIT array (
  'id' => '',
  'var_session_id' => '',
  'prefix' => 'think',
  'type' => '',
  'auto_start' => true,
)
[ info ] [ LOG ] INIT File

---------------------------------------------------------------
[ 2018-02-08T16:42:51+08:00 ] 127.0.0.1 127.0.0.1 POST /index.php/open/menutree_select?token=eyJ0eXAiOiJKV1QiLCJhbGciOiJIUzI1NiJ9.eyJpc3MiOiJodHRwOlwvXC9hcGkueXNqaWFuemh1LmNvbSIsImF1ZCI6Imh0dHA6XC9cL3poYW9waW4ueXNqaWFuemh1LmNvbSIsImlhdCI6MTUxODA3OTM2NiwiZXhwIjoxNTE4MTk5MzY2LCJuYmYiOiIiLCJ1dWlkIjoiZDc1OTdkZDktNTcxYS1kYmYxLTUwMzAtNTk3YjQ4YzFhODE1In0.GGJcvX1XOP6P93oTpXuVb3Vq5csYid5MH1xdjVyUJFE
[ log ] wms.chenchen.cn/index.php/open/menutree_select?token=eyJ0eXAiOiJKV1QiLCJhbGciOiJIUzI1NiJ9.eyJpc3MiOiJodHRwOlwvXC9hcGkueXNqaWFuemh1LmNvbSIsImF1ZCI6Imh0dHA6XC9cL3poYW9waW4ueXNqaWFuemh1LmNvbSIsImlhdCI6MTUxODA3OTM2NiwiZXhwIjoxNTE4MTk5MzY2LCJuYmYiOiIiLCJ1dWlkIjoiZDc1OTdkZDktNTcxYS1kYmYxLTUwMzAtNTk3YjQ4YzFhODE1In0.GGJcvX1XOP6P93oTpXuVb3Vq5csYid5MH1xdjVyUJFE [运行时间：1.701563s][吞吐率：0.59req/s] [内存消耗：2,254.92kb] [文件加载：52]
[ info ] [ LANG ] D:\textgulp\chenchen.wms.cn\php\thinkphp\lang\zh-cn.php
[ info ] [ ROUTE ] array (
  'type' => 'module',
  'module' => 
  array (
    0 => 'api',
    1 => 'open',
    2 => 'menutree_select',
  ),
)
[ info ] [ HEADER ] array (
  'cookie' => 'PHPSESSID=1ias01p9lespvqd69ebmj0khb3',
  'accept-language' => 'zh-CN,zh;q=0.9',
  'accept-encoding' => 'gzip, deflate',
  'referer' => 'http://wms.chenchen.cn/main.html',
  'content-type' => 'application/x-www-form-urlencoded; charset=UTF-8',
  'user-agent' => 'Mozilla/5.0 (Windows NT 10.0; WOW64) AppleWebKit/537.36 (KHTML, like Gecko) Chrome/65.0.3325.52 Safari/537.36',
  'x-requested-with' => 'XMLHttpRequest',
  'origin' => 'http://wms.chenchen.cn',
  'accept' => '*/*',
  'content-length' => '7',
  'connection' => 'close',
  'host' => 'wms.chenchen.cn',
)
[ info ] [ PARAM ] array (
  'token' => 'eyJ0eXAiOiJKV1QiLCJhbGciOiJIUzI1NiJ9.eyJpc3MiOiJodHRwOlwvXC9hcGkueXNqaWFuemh1LmNvbSIsImF1ZCI6Imh0dHA6XC9cL3poYW9waW4ueXNqaWFuemh1LmNvbSIsImlhdCI6MTUxODA3OTM2NiwiZXhwIjoxNTE4MTk5MzY2LCJuYmYiOiIiLCJ1dWlkIjoiZDc1OTdkZDktNTcxYS1kYmYxLTUwMzAtNTk3YjQ4YzFhODE1In0.GGJcvX1XOP6P93oTpXuVb3Vq5csYid5MH1xdjVyUJFE',
  'debug' => '0',
)
[ info ] [ RUN ] app\api\controller\Open->menutree_select[ D:\textgulp\chenchen.wms.cn\php\application\api\controller\Open.php ]
[ info ] [ DB ] INIT mysql
[ info ] [ SESSION ] INIT array (
  'id' => '',
  'var_session_id' => '',
  'prefix' => 'think',
  'type' => '',
  'auto_start' => true,
)
[ info ] [ LOG ] INIT File
[ sql ] [ DB ] CONNECT:[ UseTime:0.013115s ] mysql:dbname=xiaochen;host=127.0.0.1;port=3306;charset=utf8
[ sql ] [ SQL ] SHOW COLUMNS FROM `ys_system_conf` [ RunTime:1.201293s ]
[ sql ] [ SQL ] SELECT * FROM `ys_system_conf` WHERE  `isdel` = 0 [ RunTime:0.206252s ]

---------------------------------------------------------------
[ 2018-02-08T16:42:51+08:00 ] 127.0.0.1 127.0.0.1 POST /index.php/open/islogin?token=eyJ0eXAiOiJKV1QiLCJhbGciOiJIUzI1NiJ9.eyJpc3MiOiJodHRwOlwvXC9hcGkueXNqaWFuemh1LmNvbSIsImF1ZCI6Imh0dHA6XC9cL3poYW9waW4ueXNqaWFuemh1LmNvbSIsImlhdCI6MTUxODA3OTM2NiwiZXhwIjoxNTE4MTk5MzY2LCJuYmYiOiIiLCJ1dWlkIjoiZDc1OTdkZDktNTcxYS1kYmYxLTUwMzAtNTk3YjQ4YzFhODE1In0.GGJcvX1XOP6P93oTpXuVb3Vq5csYid5MH1xdjVyUJFE
[ log ] wms.chenchen.cn/index.php/open/islogin?token=eyJ0eXAiOiJKV1QiLCJhbGciOiJIUzI1NiJ9.eyJpc3MiOiJodHRwOlwvXC9hcGkueXNqaWFuemh1LmNvbSIsImF1ZCI6Imh0dHA6XC9cL3poYW9waW4ueXNqaWFuemh1LmNvbSIsImlhdCI6MTUxODA3OTM2NiwiZXhwIjoxNTE4MTk5MzY2LCJuYmYiOiIiLCJ1dWlkIjoiZDc1OTdkZDktNTcxYS1kYmYxLTUwMzAtNTk3YjQ4YzFhODE1In0.GGJcvX1XOP6P93oTpXuVb3Vq5csYid5MH1xdjVyUJFE [运行时间：0.108765s][吞吐率：9.19req/s] [内存消耗：1,784.10kb] [文件加载：49]
[ info ] [ LANG ] D:\textgulp\chenchen.wms.cn\php\thinkphp\lang\zh-cn.php
[ info ] [ ROUTE ] array (
  'type' => 'module',
  'module' => 
  array (
    0 => 'api',
    1 => 'open',
    2 => 'islogin',
  ),
)
[ info ] [ HEADER ] array (
  'cookie' => 'PHPSESSID=1ias01p9lespvqd69ebmj0khb3',
  'accept-language' => 'zh-CN,zh;q=0.9',
  'accept-encoding' => 'gzip, deflate',
  'referer' => 'http://wms.chenchen.cn/main.html',
  'user-agent' => 'Mozilla/5.0 (Windows NT 10.0; WOW64) AppleWebKit/537.36 (KHTML, like Gecko) Chrome/65.0.3325.52 Safari/537.36',
  'x-requested-with' => 'XMLHttpRequest',
  'origin' => 'http://wms.chenchen.cn',
  'accept' => '*/*',
  'content-length' => '0',
  'connection' => 'close',
  'host' => 'wms.chenchen.cn',
)
[ info ] [ PARAM ] array (
  'token' => 'eyJ0eXAiOiJKV1QiLCJhbGciOiJIUzI1NiJ9.eyJpc3MiOiJodHRwOlwvXC9hcGkueXNqaWFuemh1LmNvbSIsImF1ZCI6Imh0dHA6XC9cL3poYW9waW4ueXNqaWFuemh1LmNvbSIsImlhdCI6MTUxODA3OTM2NiwiZXhwIjoxNTE4MTk5MzY2LCJuYmYiOiIiLCJ1dWlkIjoiZDc1OTdkZDktNTcxYS1kYmYxLTUwMzAtNTk3YjQ4YzFhODE1In0.GGJcvX1XOP6P93oTpXuVb3Vq5csYid5MH1xdjVyUJFE',
)
[ info ] [ RUN ] app\api\controller\Open->islogin[ D:\textgulp\chenchen.wms.cn\php\application\api\controller\Open.php ]
[ info ] [ CACHE ] INIT File
[ info ] [ LOG ] INIT File

---------------------------------------------------------------
[ 2018-02-08T16:42:58+08:00 ] 127.0.0.1 127.0.0.1 POST /index.php/auth/com_list?token=eyJ0eXAiOiJKV1QiLCJhbGciOiJIUzI1NiJ9.eyJpc3MiOiJodHRwOlwvXC9hcGkueXNqaWFuemh1LmNvbSIsImF1ZCI6Imh0dHA6XC9cL3poYW9waW4ueXNqaWFuemh1LmNvbSIsImlhdCI6MTUxODA3OTM2NiwiZXhwIjoxNTE4MTk5MzY2LCJuYmYiOiIiLCJ1dWlkIjoiZDc1OTdkZDktNTcxYS1kYmYxLTUwMzAtNTk3YjQ4YzFhODE1In0.GGJcvX1XOP6P93oTpXuVb3Vq5csYid5MH1xdjVyUJFE
[ log ] wms.chenchen.cn/index.php/auth/com_list?token=eyJ0eXAiOiJKV1QiLCJhbGciOiJIUzI1NiJ9.eyJpc3MiOiJodHRwOlwvXC9hcGkueXNqaWFuemh1LmNvbSIsImF1ZCI6Imh0dHA6XC9cL3poYW9waW4ueXNqaWFuemh1LmNvbSIsImlhdCI6MTUxODA3OTM2NiwiZXhwIjoxNTE4MTk5MzY2LCJuYmYiOiIiLCJ1dWlkIjoiZDc1OTdkZDktNTcxYS1kYmYxLTUwMzAtNTk3YjQ4YzFhODE1In0.GGJcvX1XOP6P93oTpXuVb3Vq5csYid5MH1xdjVyUJFE [运行时间：1.850657s][吞吐率：0.54req/s] [内存消耗：2,499.16kb] [文件加载：56]
[ info ] [ LANG ] D:\textgulp\chenchen.wms.cn\php\thinkphp\lang\zh-cn.php
[ info ] [ ROUTE ] array (
  'type' => 'module',
  'module' => 
  array (
    0 => 'api',
    1 => 'auth',
    2 => 'com_list',
  ),
)
[ info ] [ HEADER ] array (
  'cookie' => 'PHPSESSID=1ias01p9lespvqd69ebmj0khb3',
  'accept-language' => 'zh-CN,zh;q=0.9',
  'accept-encoding' => 'gzip, deflate',
  'referer' => 'http://wms.chenchen.cn/main.html',
  'content-type' => 'application/x-www-form-urlencoded',
  'user-agent' => 'Mozilla/5.0 (Windows NT 10.0; WOW64) AppleWebKit/537.36 (KHTML, like Gecko) Chrome/65.0.3325.52 Safari/537.36',
  'origin' => 'http://wms.chenchen.cn',
  'accept' => 'application/json, text/plain, */*',
  'content-length' => '52',
  'connection' => 'close',
  'host' => 'wms.chenchen.cn',
)
[ info ] [ PARAM ] array (
  'token' => 'eyJ0eXAiOiJKV1QiLCJhbGciOiJIUzI1NiJ9.eyJpc3MiOiJodHRwOlwvXC9hcGkueXNqaWFuemh1LmNvbSIsImF1ZCI6Imh0dHA6XC9cL3poYW9waW4ueXNqaWFuemh1LmNvbSIsImlhdCI6MTUxODA3OTM2NiwiZXhwIjoxNTE4MTk5MzY2LCJuYmYiOiIiLCJ1dWlkIjoiZDc1OTdkZDktNTcxYS1kYmYxLTUwMzAtNTk3YjQ4YzFhODE1In0.GGJcvX1XOP6P93oTpXuVb3Vq5csYid5MH1xdjVyUJFE',
  'codeid' => 'CPZRbILQrvzniQ',
  'diarytype' => '1',
  'top' => '3',
  'orderstrid' => '2',
)
[ info ] [ CACHE ] INIT File
[ info ] [ RUN ] app\api\controller\Auth->com_list[ D:\textgulp\chenchen.wms.cn\php\application\api\controller\Auth.php ]
[ info ] [ SESSION ] INIT array (
  'id' => '',
  'var_session_id' => '',
  'prefix' => 'think',
  'type' => '',
  'auto_start' => true,
)
[ info ] [ DB ] INIT mysql
[ info ] [ LOG ] INIT File
[ sql ] [ DB ] CONNECT:[ UseTime:0.001676s ] mysql:dbname=xiaochen;host=127.0.0.1;port=3306;charset=utf8
[ sql ] [ SQL ] SHOW COLUMNS FROM `ys_system_conf` [ RunTime:0.020012s ]
[ sql ] [ SQL ] SELECT * FROM `ys_system_conf` WHERE  `tbnum` = 1  AND `isdel` = 0 LIMIT 1 [ RunTime:0.000648s ]
[ sql ] [ SQL ] SHOW COLUMNS FROM `ys_article` [ RunTime:0.768701s ]
[ sql ] [ SQL ] SELECT * FROM `ys_article` WHERE  `diarytype` = 1  AND `isdel` = 0 ORDER BY createtime desc LIMIT 3 [ RunTime:0.007728s ]
[ sql ] [ SQL ] SELECT * FROM `ys_system_conf` WHERE  `tbnum` = 1  AND `isdel` = 0 LIMIT 1 [ RunTime:0.000573s ]

---------------------------------------------------------------
[ 2018-02-08T16:42:59+08:00 ] 127.0.0.1 127.0.0.1 POST /index.php/auth/com_list?token=eyJ0eXAiOiJKV1QiLCJhbGciOiJIUzI1NiJ9.eyJpc3MiOiJodHRwOlwvXC9hcGkueXNqaWFuemh1LmNvbSIsImF1ZCI6Imh0dHA6XC9cL3poYW9waW4ueXNqaWFuemh1LmNvbSIsImlhdCI6MTUxODA3OTM2NiwiZXhwIjoxNTE4MTk5MzY2LCJuYmYiOiIiLCJ1dWlkIjoiZDc1OTdkZDktNTcxYS1kYmYxLTUwMzAtNTk3YjQ4YzFhODE1In0.GGJcvX1XOP6P93oTpXuVb3Vq5csYid5MH1xdjVyUJFE
[ log ] wms.chenchen.cn/index.php/auth/com_list?token=eyJ0eXAiOiJKV1QiLCJhbGciOiJIUzI1NiJ9.eyJpc3MiOiJodHRwOlwvXC9hcGkueXNqaWFuemh1LmNvbSIsImF1ZCI6Imh0dHA6XC9cL3poYW9waW4ueXNqaWFuemh1LmNvbSIsImlhdCI6MTUxODA3OTM2NiwiZXhwIjoxNTE4MTk5MzY2LCJuYmYiOiIiLCJ1dWlkIjoiZDc1OTdkZDktNTcxYS1kYmYxLTUwMzAtNTk3YjQ4YzFhODE1In0.GGJcvX1XOP6P93oTpXuVb3Vq5csYid5MH1xdjVyUJFE [运行时间：0.108468s][吞吐率：9.22req/s] [内存消耗：2,498.70kb] [文件加载：56]
[ info ] [ LANG ] D:\textgulp\chenchen.wms.cn\php\thinkphp\lang\zh-cn.php
[ info ] [ ROUTE ] array (
  'type' => 'module',
  'module' => 
  array (
    0 => 'api',
    1 => 'auth',
    2 => 'com_list',
  ),
)
[ info ] [ HEADER ] array (
  'cookie' => 'PHPSESSID=1ias01p9lespvqd69ebmj0khb3',
  'accept-language' => 'zh-CN,zh;q=0.9',
  'accept-encoding' => 'gzip, deflate',
  'referer' => 'http://wms.chenchen.cn/main.html',
  'content-type' => 'application/x-www-form-urlencoded',
  'user-agent' => 'Mozilla/5.0 (Windows NT 10.0; WOW64) AppleWebKit/537.36 (KHTML, like Gecko) Chrome/65.0.3325.52 Safari/537.36',
  'origin' => 'http://wms.chenchen.cn',
  'accept' => 'application/json, text/plain, */*',
  'content-length' => '52',
  'connection' => 'close',
  'host' => 'wms.chenchen.cn',
)
[ info ] [ PARAM ] array (
  'token' => 'eyJ0eXAiOiJKV1QiLCJhbGciOiJIUzI1NiJ9.eyJpc3MiOiJodHRwOlwvXC9hcGkueXNqaWFuemh1LmNvbSIsImF1ZCI6Imh0dHA6XC9cL3poYW9waW4ueXNqaWFuemh1LmNvbSIsImlhdCI6MTUxODA3OTM2NiwiZXhwIjoxNTE4MTk5MzY2LCJuYmYiOiIiLCJ1dWlkIjoiZDc1OTdkZDktNTcxYS1kYmYxLTUwMzAtNTk3YjQ4YzFhODE1In0.GGJcvX1XOP6P93oTpXuVb3Vq5csYid5MH1xdjVyUJFE',
  'codeid' => 'CPZRbILQrvzniQ',
  'diarytype' => '3',
  'top' => '3',
  'orderstrid' => '2',
)
[ info ] [ CACHE ] INIT File
[ info ] [ RUN ] app\api\controller\Auth->com_list[ D:\textgulp\chenchen.wms.cn\php\application\api\controller\Auth.php ]
[ info ] [ SESSION ] INIT array (
  'id' => '',
  'var_session_id' => '',
  'prefix' => 'think',
  'type' => '',
  'auto_start' => true,
)
[ info ] [ DB ] INIT mysql
[ info ] [ LOG ] INIT File
[ sql ] [ DB ] CONNECT:[ UseTime:0.004300s ] mysql:dbname=xiaochen;host=127.0.0.1;port=3306;charset=utf8
[ sql ] [ SQL ] SHOW COLUMNS FROM `ys_system_conf` [ RunTime:0.012816s ]
[ sql ] [ SQL ] SELECT * FROM `ys_system_conf` WHERE  `tbnum` = 1  AND `isdel` = 0 LIMIT 1 [ RunTime:0.000774s ]
[ sql ] [ SQL ] SHOW COLUMNS FROM `ys_article` [ RunTime:0.012049s ]
[ sql ] [ SQL ] SELECT * FROM `ys_article` WHERE  `diarytype` = 3  AND `isdel` = 0 ORDER BY createtime desc LIMIT 3 [ RunTime:0.000732s ]
[ sql ] [ SQL ] SELECT * FROM `ys_system_conf` WHERE  `tbnum` = 1  AND `isdel` = 0 LIMIT 1 [ RunTime:0.000431s ]

---------------------------------------------------------------
[ 2018-02-08T16:42:59+08:00 ] 127.0.0.1 127.0.0.1 POST /index.php/auth/beijing_detail?token=eyJ0eXAiOiJKV1QiLCJhbGciOiJIUzI1NiJ9.eyJpc3MiOiJodHRwOlwvXC9hcGkueXNqaWFuemh1LmNvbSIsImF1ZCI6Imh0dHA6XC9cL3poYW9waW4ueXNqaWFuemh1LmNvbSIsImlhdCI6MTUxODA3OTM2NiwiZXhwIjoxNTE4MTk5MzY2LCJuYmYiOiIiLCJ1dWlkIjoiZDc1OTdkZDktNTcxYS1kYmYxLTUwMzAtNTk3YjQ4YzFhODE1In0.GGJcvX1XOP6P93oTpXuVb3Vq5csYid5MH1xdjVyUJFE
[ log ] wms.chenchen.cn/index.php/auth/beijing_detail?token=eyJ0eXAiOiJKV1QiLCJhbGciOiJIUzI1NiJ9.eyJpc3MiOiJodHRwOlwvXC9hcGkueXNqaWFuemh1LmNvbSIsImF1ZCI6Imh0dHA6XC9cL3poYW9waW4ueXNqaWFuemh1LmNvbSIsImlhdCI6MTUxODA3OTM2NiwiZXhwIjoxNTE4MTk5MzY2LCJuYmYiOiIiLCJ1dWlkIjoiZDc1OTdkZDktNTcxYS1kYmYxLTUwMzAtNTk3YjQ4YzFhODE1In0.GGJcvX1XOP6P93oTpXuVb3Vq5csYid5MH1xdjVyUJFE [运行时间：0.158602s][吞吐率：6.31req/s] [内存消耗：2,507.48kb] [文件加载：56]
[ info ] [ LANG ] D:\textgulp\chenchen.wms.cn\php\thinkphp\lang\zh-cn.php
[ info ] [ ROUTE ] array (
  'type' => 'module',
  'module' => 
  array (
    0 => 'api',
    1 => 'auth',
    2 => 'beijing_detail',
  ),
)
[ info ] [ HEADER ] array (
  'cookie' => 'PHPSESSID=1ias01p9lespvqd69ebmj0khb3',
  'accept-language' => 'zh-CN,zh;q=0.9',
  'accept-encoding' => 'gzip, deflate',
  'referer' => 'http://wms.chenchen.cn/main.html',
  'content-type' => 'application/x-www-form-urlencoded',
  'user-agent' => 'Mozilla/5.0 (Windows NT 10.0; WOW64) AppleWebKit/537.36 (KHTML, like Gecko) Chrome/65.0.3325.52 Safari/537.36',
  'origin' => 'http://wms.chenchen.cn',
  'accept' => 'application/json, text/plain, */*',
  'content-length' => '21',
  'connection' => 'close',
  'host' => 'wms.chenchen.cn',
)
[ info ] [ PARAM ] array (
  'token' => 'eyJ0eXAiOiJKV1QiLCJhbGciOiJIUzI1NiJ9.eyJpc3MiOiJodHRwOlwvXC9hcGkueXNqaWFuemh1LmNvbSIsImF1ZCI6Imh0dHA6XC9cL3poYW9waW4ueXNqaWFuemh1LmNvbSIsImlhdCI6MTUxODA3OTM2NiwiZXhwIjoxNTE4MTk5MzY2LCJuYmYiOiIiLCJ1dWlkIjoiZDc1OTdkZDktNTcxYS1kYmYxLTUwMzAtNTk3YjQ4YzFhODE1In0.GGJcvX1XOP6P93oTpXuVb3Vq5csYid5MH1xdjVyUJFE',
  'codeid' => 'CPZRbILQrvzniQ',
)
[ info ] [ CACHE ] INIT File
[ info ] [ RUN ] app\api\controller\Auth->beijing_detail[ D:\textgulp\chenchen.wms.cn\php\application\api\controller\Auth.php ]
[ info ] [ SESSION ] INIT array (
  'id' => '',
  'var_session_id' => '',
  'prefix' => 'think',
  'type' => '',
  'auto_start' => true,
)
[ info ] [ DB ] INIT mysql
[ info ] [ LOG ] INIT File
[ sql ] [ DB ] CONNECT:[ UseTime:0.002876s ] mysql:dbname=xiaochen;host=127.0.0.1;port=3306;charset=utf8
[ sql ] [ SQL ] SHOW COLUMNS FROM `ys_system_conf` [ RunTime:0.011652s ]
[ sql ] [ SQL ] SELECT * FROM `ys_system_conf` WHERE  `tbnum` = 1  AND `isdel` = 0 LIMIT 1 [ RunTime:0.000533s ]
[ sql ] [ SQL ] SHOW COLUMNS FROM `ys_admin_user` [ RunTime:0.010698s ]
[ sql ] [ SQL ] SELECT * FROM `ys_admin_user` WHERE  `uuid` = 'd7597dd9-571a-dbf1-5030-597b48c1a815' LIMIT 1 [ RunTime:0.000525s ]
[ sql ] [ SQL ] SHOW COLUMNS FROM `ys_article` [ RunTime:0.011280s ]
[ sql ] [ SQL ] SELECT * FROM `ys_article` WHERE  `format` = 4  AND `status` = 1  AND `uid` = 2  AND `isdel` = 0 [ RunTime:0.000889s ]
[ sql ] [ SQL ] SELECT * FROM `ys_system_conf` WHERE  `tbnum` = 1  AND `isdel` = 0 LIMIT 1 [ RunTime:0.000561s ]

---------------------------------------------------------------
[ 2018-02-08T16:43:00+08:00 ] 127.0.0.1 127.0.0.1 POST /index.php/auth/com_list?token=eyJ0eXAiOiJKV1QiLCJhbGciOiJIUzI1NiJ9.eyJpc3MiOiJodHRwOlwvXC9hcGkueXNqaWFuemh1LmNvbSIsImF1ZCI6Imh0dHA6XC9cL3poYW9waW4ueXNqaWFuemh1LmNvbSIsImlhdCI6MTUxODA3OTM2NiwiZXhwIjoxNTE4MTk5MzY2LCJuYmYiOiIiLCJ1dWlkIjoiZDc1OTdkZDktNTcxYS1kYmYxLTUwMzAtNTk3YjQ4YzFhODE1In0.GGJcvX1XOP6P93oTpXuVb3Vq5csYid5MH1xdjVyUJFE
[ log ] wms.chenchen.cn/index.php/auth/com_list?token=eyJ0eXAiOiJKV1QiLCJhbGciOiJIUzI1NiJ9.eyJpc3MiOiJodHRwOlwvXC9hcGkueXNqaWFuemh1LmNvbSIsImF1ZCI6Imh0dHA6XC9cL3poYW9waW4ueXNqaWFuemh1LmNvbSIsImlhdCI6MTUxODA3OTM2NiwiZXhwIjoxNTE4MTk5MzY2LCJuYmYiOiIiLCJ1dWlkIjoiZDc1OTdkZDktNTcxYS1kYmYxLTUwMzAtNTk3YjQ4YzFhODE1In0.GGJcvX1XOP6P93oTpXuVb3Vq5csYid5MH1xdjVyUJFE [运行时间：1.368257s][吞吐率：0.73req/s] [内存消耗：2,497.54kb] [文件加载：56]
[ info ] [ LANG ] D:\textgulp\chenchen.wms.cn\php\thinkphp\lang\zh-cn.php
[ info ] [ ROUTE ] array (
  'type' => 'module',
  'module' => 
  array (
    0 => 'api',
    1 => 'auth',
    2 => 'com_list',
  ),
)
[ info ] [ HEADER ] array (
  'cookie' => 'PHPSESSID=1ias01p9lespvqd69ebmj0khb3',
  'accept-language' => 'zh-CN,zh;q=0.9',
  'accept-encoding' => 'gzip, deflate',
  'referer' => 'http://wms.chenchen.cn/main.html',
  'content-type' => 'application/x-www-form-urlencoded',
  'user-agent' => 'Mozilla/5.0 (Windows NT 10.0; WOW64) AppleWebKit/537.36 (KHTML, like Gecko) Chrome/65.0.3325.52 Safari/537.36',
  'origin' => 'http://wms.chenchen.cn',
  'accept' => 'application/json, text/plain, */*',
  'content-length' => '52',
  'connection' => 'close',
  'host' => 'wms.chenchen.cn',
)
[ info ] [ PARAM ] array (
  'token' => 'eyJ0eXAiOiJKV1QiLCJhbGciOiJIUzI1NiJ9.eyJpc3MiOiJodHRwOlwvXC9hcGkueXNqaWFuemh1LmNvbSIsImF1ZCI6Imh0dHA6XC9cL3poYW9waW4ueXNqaWFuemh1LmNvbSIsImlhdCI6MTUxODA3OTM2NiwiZXhwIjoxNTE4MTk5MzY2LCJuYmYiOiIiLCJ1dWlkIjoiZDc1OTdkZDktNTcxYS1kYmYxLTUwMzAtNTk3YjQ4YzFhODE1In0.GGJcvX1XOP6P93oTpXuVb3Vq5csYid5MH1xdjVyUJFE',
  'codeid' => 'CqNdN9bS_aPvjiQ',
  'c_alias' => 'QS_diary',
  'orderstrid' => '3',
)
[ info ] [ CACHE ] INIT File
[ info ] [ RUN ] app\api\controller\Auth->com_list[ D:\textgulp\chenchen.wms.cn\php\application\api\controller\Auth.php ]
[ info ] [ SESSION ] INIT array (
  'id' => '',
  'var_session_id' => '',
  'prefix' => 'think',
  'type' => '',
  'auto_start' => true,
)
[ info ] [ DB ] INIT mysql
[ info ] [ LOG ] INIT File
[ sql ] [ DB ] CONNECT:[ UseTime:0.004612s ] mysql:dbname=xiaochen;host=127.0.0.1;port=3306;charset=utf8
[ sql ] [ SQL ] SHOW COLUMNS FROM `ys_system_conf` [ RunTime:0.012797s ]
[ sql ] [ SQL ] SELECT * FROM `ys_system_conf` WHERE  `tbnum` = 5  AND `isdel` = 0 LIMIT 1 [ RunTime:0.000633s ]
[ sql ] [ SQL ] SHOW COLUMNS FROM `ys_dict` [ RunTime:0.456577s ]
[ sql ] [ SQL ] SELECT * FROM `ys_dict` WHERE  `c_alias` = 'QS_diary'  AND `isdel` = 0 ORDER BY createtime asc [ RunTime:0.709722s ]
[ sql ] [ SQL ] SELECT * FROM `ys_system_conf` WHERE  `tbnum` = 5  AND `isdel` = 0 LIMIT 1 [ RunTime:0.002054s ]

---------------------------------------------------------------
[ 2018-02-08T16:43:01+08:00 ] 127.0.0.1 127.0.0.1 POST /index.php/auth/com_list?token=eyJ0eXAiOiJKV1QiLCJhbGciOiJIUzI1NiJ9.eyJpc3MiOiJodHRwOlwvXC9hcGkueXNqaWFuemh1LmNvbSIsImF1ZCI6Imh0dHA6XC9cL3poYW9waW4ueXNqaWFuemh1LmNvbSIsImlhdCI6MTUxODA3OTM2NiwiZXhwIjoxNTE4MTk5MzY2LCJuYmYiOiIiLCJ1dWlkIjoiZDc1OTdkZDktNTcxYS1kYmYxLTUwMzAtNTk3YjQ4YzFhODE1In0.GGJcvX1XOP6P93oTpXuVb3Vq5csYid5MH1xdjVyUJFE
[ log ] wms.chenchen.cn/index.php/auth/com_list?token=eyJ0eXAiOiJKV1QiLCJhbGciOiJIUzI1NiJ9.eyJpc3MiOiJodHRwOlwvXC9hcGkueXNqaWFuemh1LmNvbSIsImF1ZCI6Imh0dHA6XC9cL3poYW9waW4ueXNqaWFuemh1LmNvbSIsImlhdCI6MTUxODA3OTM2NiwiZXhwIjoxNTE4MTk5MzY2LCJuYmYiOiIiLCJ1dWlkIjoiZDc1OTdkZDktNTcxYS1kYmYxLTUwMzAtNTk3YjQ4YzFhODE1In0.GGJcvX1XOP6P93oTpXuVb3Vq5csYid5MH1xdjVyUJFE [运行时间：1.756877s][吞吐率：0.57req/s] [内存消耗：2,498.70kb] [文件加载：56]
[ info ] [ LANG ] D:\textgulp\chenchen.wms.cn\php\thinkphp\lang\zh-cn.php
[ info ] [ ROUTE ] array (
  'type' => 'module',
  'module' => 
  array (
    0 => 'api',
    1 => 'auth',
    2 => 'com_list',
  ),
)
[ info ] [ HEADER ] array (
  'cookie' => 'PHPSESSID=1ias01p9lespvqd69ebmj0khb3',
  'accept-language' => 'zh-CN,zh;q=0.9',
  'accept-encoding' => 'gzip, deflate',
  'referer' => 'http://wms.chenchen.cn/main.html',
  'content-type' => 'application/x-www-form-urlencoded',
  'user-agent' => 'Mozilla/5.0 (Windows NT 10.0; WOW64) AppleWebKit/537.36 (KHTML, like Gecko) Chrome/65.0.3325.52 Safari/537.36',
  'origin' => 'http://wms.chenchen.cn',
  'accept' => 'application/json, text/plain, */*',
  'content-length' => '52',
  'connection' => 'close',
  'host' => 'wms.chenchen.cn',
)
[ info ] [ PARAM ] array (
  'token' => 'eyJ0eXAiOiJKV1QiLCJhbGciOiJIUzI1NiJ9.eyJpc3MiOiJodHRwOlwvXC9hcGkueXNqaWFuemh1LmNvbSIsImF1ZCI6Imh0dHA6XC9cL3poYW9waW4ueXNqaWFuemh1LmNvbSIsImlhdCI6MTUxODA3OTM2NiwiZXhwIjoxNTE4MTk5MzY2LCJuYmYiOiIiLCJ1dWlkIjoiZDc1OTdkZDktNTcxYS1kYmYxLTUwMzAtNTk3YjQ4YzFhODE1In0.GGJcvX1XOP6P93oTpXuVb3Vq5csYid5MH1xdjVyUJFE',
  'codeid' => 'CPZRbILQrvzniQ',
  'diarytype' => '2',
  'top' => '3',
  'orderstrid' => '2',
)
[ info ] [ CACHE ] INIT File
[ info ] [ RUN ] app\api\controller\Auth->com_list[ D:\textgulp\chenchen.wms.cn\php\application\api\controller\Auth.php ]
[ info ] [ SESSION ] INIT array (
  'id' => '',
  'var_session_id' => '',
  'prefix' => 'think',
  'type' => '',
  'auto_start' => true,
)
[ info ] [ DB ] INIT mysql
[ info ] [ LOG ] INIT File
[ sql ] [ DB ] CONNECT:[ UseTime:0.010317s ] mysql:dbname=xiaochen;host=127.0.0.1;port=3306;charset=utf8
[ sql ] [ SQL ] SHOW COLUMNS FROM `ys_system_conf` [ RunTime:0.242788s ]
[ sql ] [ SQL ] SELECT * FROM `ys_system_conf` WHERE  `tbnum` = 1  AND `isdel` = 0 LIMIT 1 [ RunTime:0.001327s ]
[ sql ] [ SQL ] SHOW COLUMNS FROM `ys_article` [ RunTime:0.070092s ]
[ sql ] [ SQL ] SELECT * FROM `ys_article` WHERE  `diarytype` = 2  AND `isdel` = 0 ORDER BY createtime desc LIMIT 3 [ RunTime:0.000819s ]
[ sql ] [ SQL ] SELECT * FROM `ys_system_conf` WHERE  `tbnum` = 1  AND `isdel` = 0 LIMIT 1 [ RunTime:0.000495s ]

---------------------------------------------------------------
