[ 2018-06-28T10:11:03+08:00 ] 192.168.137.166 192.168.137.25 GET /
[ log ] 192.168.137.166/ [运行时间：0.996114s][吞吐率：1.00req/s] [内存消耗：1,394.40kb] [文件加载：42]
[ info ] [ LANG ] D:\textgulp\chenchen.wms.cn\php\thinkphp\lang\zh-cn.php
[ info ] [ ROUTE ] array (
  'type' => 'module',
  'module' => 
  array (
    0 => 'api',
    1 => NULL,
    2 => NULL,
  ),
)
[ info ] [ HEADER ] array (
  'connection' => 'close',
  'pragma' => 'no-cache',
  'accept-encoding' => 'gzip, deflate',
  'accept' => '*/*',
  'host' => '192.168.137.166',
  'user-agent' => 'Mozilla/4.0 (compatible; MSIE 9.0; Windows NT 5.1; Trident/5.0)',
)
[ info ] [ PARAM ] array (
)
[ info ] [ LOG ] INIT File

---------------------------------------------------------------
