[ 2018-07-21T18:41:05+08:00 ] ::1 ::1 GET /
[ log ] localhost/ [运行时间：0.608540s][吞吐率：1.64req/s] [内存消耗：1,394.84kb] [文件加载：42]
[ info ] [ LANG ] D:\textgulp\chenchen.wms.cn\php\thinkphp\lang\zh-cn.php
[ info ] [ ROUTE ] array (
  'type' => 'module',
  'module' => 
  array (
    0 => 'api',
    1 => NULL,
    2 => NULL,
  ),
)
[ info ] [ HEADER ] array (
  'accept-language' => 'zh-CN,zh;q=0.9',
  'accept-encoding' => 'gzip, deflate, br',
  'accept' => 'text/html,application/xhtml+xml,application/xml;q=0.9,image/webp,image/apng,*/*;q=0.8',
  'user-agent' => 'Mozilla/5.0 (Windows NT 10.0; WOW64) AppleWebKit/537.36 (KHTML, like Gecko) Chrome/69.0.3493.3 Safari/537.36',
  'upgrade-insecure-requests' => '1',
  'connection' => 'close',
  'host' => 'localhost',
)
[ info ] [ PARAM ] array (
)
[ info ] [ LOG ] INIT File

---------------------------------------------------------------
[ 2018-07-21T18:42:06+08:00 ] ::1 ::1 GET /index.php/Base/verify?timestamp=%27+Date.parse(new%20Date())
[ log ] localhost/index.php/Base/verify?timestamp=%27+Date.parse(new%20Date()) [运行时间：0.407615s][吞吐率：2.45req/s] [内存消耗：1,573.80kb] [文件加载：44]
[ info ] [ LANG ] D:\textgulp\chenchen.wms.cn\php\thinkphp\lang\zh-cn.php
[ info ] [ ROUTE ] array (
  'type' => 'module',
  'module' => 
  array (
    0 => 'api',
    1 => 'Base',
    2 => 'verify',
  ),
)
[ info ] [ HEADER ] array (
  'accept-language' => 'zh-CN,zh;q=0.9',
  'accept-encoding' => 'gzip, deflate, br',
  'referer' => 'http://localhost/login.html',
  'accept' => 'image/webp,image/apng,image/*,*/*;q=0.8',
  'user-agent' => 'Mozilla/5.0 (Windows NT 10.0; WOW64) AppleWebKit/537.36 (KHTML, like Gecko) Chrome/69.0.3493.3 Safari/537.36',
  'connection' => 'close',
  'host' => 'localhost',
)
[ info ] [ PARAM ] array (
  'timestamp' => '\' Date.parse(new Date())',
)
[ info ] [ RUN ] app\api\controller\Base->verify[ D:\textgulp\chenchen.wms.cn\php\application\api\controller\Base.php ]
[ info ] [ SESSION ] INIT array (
  'id' => '',
  'var_session_id' => '',
  'prefix' => 'think',
  'type' => '',
  'auto_start' => true,
)
[ info ] [ LOG ] INIT File

---------------------------------------------------------------
